{"total": {"lines":{"total":5829,"covered":2537,"skipped":0,"pct":43.52},"statements":{"total":6249,"covered":2661,"skipped":0,"pct":42.58},"functions":{"total":1212,"covered":481,"skipped":0,"pct":39.68},"branches":{"total":3520,"covered":1255,"skipped":0,"pct":35.65},"branchesTrue":{"total":0,"covered":0,"skipped":0,"pct":100}}
,"/Users/crax/DEVELOPMENT/Nuuky/nuuky/app/_layout.tsx": {"lines":{"total":279,"covered":0,"skipped":0,"pct":0},"functions":{"total":45,"covered":0,"skipped":0,"pct":0},"statements":{"total":287,"covered":0,"skipped":0,"pct":0},"branches":{"total":173,"covered":0,"skipped":0,"pct":0}}
,"/Users/crax/DEVELOPMENT/Nuuky/nuuky/app/index.tsx": {"lines":{"total":16,"covered":0,"skipped":0,"pct":0},"functions":{"total":4,"covered":0,"skipped":0,"pct":0},"statements":{"total":16,"covered":0,"skipped":0,"pct":0},"branches":{"total":8,"covered":0,"skipped":0,"pct":0}}
,"/Users/crax/DEVELOPMENT/Nuuky/nuuky/app/(auth)/_layout.tsx": {"lines":{"total":1,"covered":0,"skipped":0,"pct":0},"functions":{"total":1,"covered":0,"skipped":0,"pct":0},"statements":{"total":1,"covered":0,"skipped":0,"pct":0},"branches":{"total":0,"covered":0,"skipped":0,"pct":100}}
,"/Users/crax/DEVELOPMENT/Nuuky/nuuky/app/(auth)/email.tsx": {"lines":{"total":94,"covered":0,"skipped":0,"pct":0},"functions":{"total":11,"covered":0,"skipped":0,"pct":0},"statements":{"total":98,"covered":0,"skipped":0,"pct":0},"branches":{"total":70,"covered":0,"skipped":0,"pct":0}}
,"/Users/crax/DEVELOPMENT/Nuuky/nuuky/app/(auth)/login.tsx": {"lines":{"total":101,"covered":0,"skipped":0,"pct":0},"functions":{"total":8,"covered":0,"skipped":0,"pct":0},"statements":{"total":101,"covered":0,"skipped":0,"pct":0},"branches":{"total":62,"covered":0,"skipped":0,"pct":0}}
,"/Users/crax/DEVELOPMENT/Nuuky/nuuky/app/(auth)/onboarding.tsx": {"lines":{"total":132,"covered":0,"skipped":0,"pct":0},"functions":{"total":21,"covered":0,"skipped":0,"pct":0},"statements":{"total":136,"covered":0,"skipped":0,"pct":0},"branches":{"total":119,"covered":0,"skipped":0,"pct":0}}
,"/Users/crax/DEVELOPMENT/Nuuky/nuuky/app/(main)/_layout.tsx": {"lines":{"total":2,"covered":0,"skipped":0,"pct":0},"functions":{"total":1,"covered":0,"skipped":0,"pct":0},"statements":{"total":2,"covered":0,"skipped":0,"pct":0},"branches":{"total":0,"covered":0,"skipped":0,"pct":100}}
,"/Users/crax/DEVELOPMENT/Nuuky/nuuky/app/(main)/friends.tsx": {"lines":{"total":121,"covered":0,"skipped":0,"pct":0},"functions":{"total":42,"covered":0,"skipped":0,"pct":0},"statements":{"total":132,"covered":0,"skipped":0,"pct":0},"branches":{"total":94,"covered":0,"skipped":0,"pct":0}}
,"/Users/crax/DEVELOPMENT/Nuuky/nuuky/app/(main)/index.tsx": {"lines":{"total":290,"covered":0,"skipped":0,"pct":0},"functions":{"total":73,"covered":0,"skipped":0,"pct":0},"statements":{"total":311,"covered":0,"skipped":0,"pct":0},"branches":{"total":168,"covered":0,"skipped":0,"pct":0}}
,"/Users/crax/DEVELOPMENT/Nuuky/nuuky/app/(main)/notifications.tsx": {"lines":{"total":46,"covered":0,"skipped":0,"pct":0},"functions":{"total":18,"covered":0,"skipped":0,"pct":0},"statements":{"total":48,"covered":0,"skipped":0,"pct":0},"branches":{"total":18,"covered":0,"skipped":0,"pct":0}}
,"/Users/crax/DEVELOPMENT/Nuuky/nuuky/app/(main)/privacy-policy.tsx": {"lines":{"total":13,"covered":0,"skipped":0,"pct":0},"functions":{"total":5,"covered":0,"skipped":0,"pct":0},"statements":{"total":13,"covered":0,"skipped":0,"pct":0},"branches":{"total":6,"covered":0,"skipped":0,"pct":0}}
,"/Users/crax/DEVELOPMENT/Nuuky/nuuky/app/(main)/profile.tsx": {"lines":{"total":140,"covered":0,"skipped":0,"pct":0},"functions":{"total":33,"covered":0,"skipped":0,"pct":0},"statements":{"total":141,"covered":0,"skipped":0,"pct":0},"branches":{"total":124,"covered":0,"skipped":0,"pct":0}}
,"/Users/crax/DEVELOPMENT/Nuuky/nuuky/app/(main)/qr-scanner.tsx": {"lines":{"total":43,"covered":0,"skipped":0,"pct":0},"functions":{"total":13,"covered":0,"skipped":0,"pct":0},"statements":{"total":47,"covered":0,"skipped":0,"pct":0},"branches":{"total":21,"covered":0,"skipped":0,"pct":0}}
,"/Users/crax/DEVELOPMENT/Nuuky/nuuky/app/(main)/rooms.tsx": {"lines":{"total":52,"covered":0,"skipped":0,"pct":0},"functions":{"total":17,"covered":0,"skipped":0,"pct":0},"statements":{"total":55,"covered":0,"skipped":0,"pct":0},"branches":{"total":28,"covered":0,"skipped":0,"pct":0}}
,"/Users/crax/DEVELOPMENT/Nuuky/nuuky/app/(main)/safety.tsx": {"lines":{"total":39,"covered":0,"skipped":0,"pct":0},"functions":{"total":20,"covered":0,"skipped":0,"pct":0},"statements":{"total":39,"covered":0,"skipped":0,"pct":0},"branches":{"total":54,"covered":0,"skipped":0,"pct":0}}
,"/Users/crax/DEVELOPMENT/Nuuky/nuuky/app/(main)/settings.tsx": {"lines":{"total":27,"covered":0,"skipped":0,"pct":0},"functions":{"total":12,"covered":0,"skipped":0,"pct":0},"statements":{"total":27,"covered":0,"skipped":0,"pct":0},"branches":{"total":45,"covered":0,"skipped":0,"pct":0}}
,"/Users/crax/DEVELOPMENT/Nuuky/nuuky/app/(main)/terms-of-service.tsx": {"lines":{"total":13,"covered":0,"skipped":0,"pct":0},"functions":{"total":5,"covered":0,"skipped":0,"pct":0},"statements":{"total":13,"covered":0,"skipped":0,"pct":0},"branches":{"total":6,"covered":0,"skipped":0,"pct":0}}
,"/Users/crax/DEVELOPMENT/Nuuky/nuuky/app/(main)/room/[id].tsx": {"lines":{"total":70,"covered":0,"skipped":0,"pct":0},"functions":{"total":17,"covered":0,"skipped":0,"pct":0},"statements":{"total":77,"covered":0,"skipped":0,"pct":0},"branches":{"total":53,"covered":0,"skipped":0,"pct":0}}
,"/Users/crax/DEVELOPMENT/Nuuky/nuuky/components/AnimatedGlow.tsx": {"lines":{"total":13,"covered":13,"skipped":0,"pct":100},"functions":{"total":3,"covered":3,"skipped":0,"pct":100},"statements":{"total":14,"covered":14,"skipped":0,"pct":100},"branches":{"total":2,"covered":2,"skipped":0,"pct":100}}
,"/Users/crax/DEVELOPMENT/Nuuky/nuuky/components/AudioConnectionBadge.tsx": {"lines":{"total":13,"covered":13,"skipped":0,"pct":100},"functions":{"total":2,"covered":2,"skipped":0,"pct":100},"statements":{"total":14,"covered":14,"skipped":0,"pct":100},"branches":{"total":9,"covered":9,"skipped":0,"pct":100}}
,"/Users/crax/DEVELOPMENT/Nuuky/nuuky/components/BottomNavBar.tsx": {"lines":{"total":4,"covered":4,"skipped":0,"pct":100},"functions":{"total":2,"covered":2,"skipped":0,"pct":100},"statements":{"total":4,"covered":4,"skipped":0,"pct":100},"branches":{"total":20,"covered":16,"skipped":0,"pct":80}}
,"/Users/crax/DEVELOPMENT/Nuuky/nuuky/components/CentralOrb.tsx": {"lines":{"total":65,"covered":0,"skipped":0,"pct":0},"functions":{"total":11,"covered":0,"skipped":0,"pct":0},"statements":{"total":65,"covered":0,"skipped":0,"pct":0},"branches":{"total":23,"covered":0,"skipped":0,"pct":0}}
,"/Users/crax/DEVELOPMENT/Nuuky/nuuky/components/CreateRoomModal.tsx": {"lines":{"total":32,"covered":19,"skipped":0,"pct":59.37},"functions":{"total":8,"covered":2,"skipped":0,"pct":25},"statements":{"total":34,"covered":19,"skipped":0,"pct":55.88},"branches":{"total":14,"covered":8,"skipped":0,"pct":57.14}}
,"/Users/crax/DEVELOPMENT/Nuuky/nuuky/components/CustomMoodCard.tsx": {"lines":{"total":6,"covered":6,"skipped":0,"pct":100},"functions":{"total":2,"covered":2,"skipped":0,"pct":100},"statements":{"total":6,"covered":6,"skipped":0,"pct":100},"branches":{"total":8,"covered":8,"skipped":0,"pct":100}}
,"/Users/crax/DEVELOPMENT/Nuuky/nuuky/components/CustomMoodEditor.tsx": {"lines":{"total":42,"covered":21,"skipped":0,"pct":50},"functions":{"total":8,"covered":2,"skipped":0,"pct":25},"statements":{"total":43,"covered":21,"skipped":0,"pct":48.83},"branches":{"total":26,"covered":11,"skipped":0,"pct":42.3}}
,"/Users/crax/DEVELOPMENT/Nuuky/nuuky/components/ElectricBolt.tsx": {"lines":{"total":39,"covered":0,"skipped":0,"pct":0},"functions":{"total":8,"covered":0,"skipped":0,"pct":0},"statements":{"total":44,"covered":0,"skipped":0,"pct":0},"branches":{"total":24,"covered":0,"skipped":0,"pct":0}}
,"/Users/crax/DEVELOPMENT/Nuuky/nuuky/components/EmojiInput.tsx": {"lines":{"total":26,"covered":11,"skipped":0,"pct":42.3},"functions":{"total":8,"covered":3,"skipped":0,"pct":37.5},"statements":{"total":26,"covered":11,"skipped":0,"pct":42.3},"branches":{"total":10,"covered":5,"skipped":0,"pct":50}}
,"/Users/crax/DEVELOPMENT/Nuuky/nuuky/components/ErrorBoundary.tsx": {"lines":{"total":16,"covered":15,"skipped":0,"pct":93.75},"functions":{"total":6,"covered":5,"skipped":0,"pct":83.33},"statements":{"total":16,"covered":15,"skipped":0,"pct":93.75},"branches":{"total":9,"covered":8,"skipped":0,"pct":88.88}}
,"/Users/crax/DEVELOPMENT/Nuuky/nuuky/components/FlareButton.tsx": {"lines":{"total":13,"covered":13,"skipped":0,"pct":100},"functions":{"total":3,"covered":3,"skipped":0,"pct":100},"statements":{"total":13,"covered":13,"skipped":0,"pct":100},"branches":{"total":18,"covered":17,"skipped":0,"pct":94.44}}
,"/Users/crax/DEVELOPMENT/Nuuky/nuuky/components/FriendActionBubble.tsx": {"lines":{"total":61,"covered":49,"skipped":0,"pct":80.32},"functions":{"total":19,"covered":10,"skipped":0,"pct":52.63},"statements":{"total":64,"covered":49,"skipped":0,"pct":76.56},"branches":{"total":22,"covered":11,"skipped":0,"pct":50}}
,"/Users/crax/DEVELOPMENT/Nuuky/nuuky/components/FriendOrb.tsx": {"lines":{"total":17,"covered":0,"skipped":0,"pct":0},"functions":{"total":4,"covered":0,"skipped":0,"pct":0},"statements":{"total":17,"covered":0,"skipped":0,"pct":0},"branches":{"total":18,"covered":0,"skipped":0,"pct":0}}
,"/Users/crax/DEVELOPMENT/Nuuky/nuuky/components/FriendParticle.tsx": {"lines":{"total":100,"covered":86,"skipped":0,"pct":86},"functions":{"total":16,"covered":14,"skipped":0,"pct":87.5},"statements":{"total":102,"covered":87,"skipped":0,"pct":85.29},"branches":{"total":55,"covered":26,"skipped":0,"pct":47.27}}
,"/Users/crax/DEVELOPMENT/Nuuky/nuuky/components/InAppNotificationBanner.tsx": {"lines":{"total":41,"covered":24,"skipped":0,"pct":58.53},"functions":{"total":12,"covered":3,"skipped":0,"pct":25},"statements":{"total":42,"covered":25,"skipped":0,"pct":59.52},"branches":{"total":30,"covered":20,"skipped":0,"pct":66.66}}
,"/Users/crax/DEVELOPMENT/Nuuky/nuuky/components/InviteCard.tsx": {"lines":{"total":39,"covered":38,"skipped":0,"pct":97.43},"functions":{"total":6,"covered":6,"skipped":0,"pct":100},"statements":{"total":42,"covered":39,"skipped":0,"pct":92.85},"branches":{"total":40,"covered":26,"skipped":0,"pct":65}}
,"/Users/crax/DEVELOPMENT/Nuuky/nuuky/components/InviteFriendsModal.tsx": {"lines":{"total":19,"covered":11,"skipped":0,"pct":57.89},"functions":{"total":8,"covered":4,"skipped":0,"pct":50},"statements":{"total":21,"covered":12,"skipped":0,"pct":57.14},"branches":{"total":8,"covered":5,"skipped":0,"pct":62.5}}
,"/Users/crax/DEVELOPMENT/Nuuky/nuuky/components/MoodPicker.tsx": {"lines":{"total":57,"covered":29,"skipped":0,"pct":50.87},"functions":{"total":14,"covered":3,"skipped":0,"pct":21.42},"statements":{"total":60,"covered":29,"skipped":0,"pct":48.33},"branches":{"total":69,"covered":39,"skipped":0,"pct":56.52}}
,"/Users/crax/DEVELOPMENT/Nuuky/nuuky/components/NotificationCard.tsx": {"lines":{"total":37,"covered":0,"skipped":0,"pct":0},"functions":{"total":10,"covered":0,"skipped":0,"pct":0},"statements":{"total":37,"covered":0,"skipped":0,"pct":0},"branches":{"total":22,"covered":0,"skipped":0,"pct":0}}
,"/Users/crax/DEVELOPMENT/Nuuky/nuuky/components/OfflineBanner.tsx": {"lines":{"total":7,"covered":7,"skipped":0,"pct":100},"functions":{"total":1,"covered":1,"skipped":0,"pct":100},"statements":{"total":8,"covered":8,"skipped":0,"pct":100},"branches":{"total":2,"covered":2,"skipped":0,"pct":100}}
,"/Users/crax/DEVELOPMENT/Nuuky/nuuky/components/OrbitView.tsx": {"lines":{"total":112,"covered":0,"skipped":0,"pct":0},"functions":{"total":20,"covered":0,"skipped":0,"pct":0},"statements":{"total":119,"covered":0,"skipped":0,"pct":0},"branches":{"total":43,"covered":0,"skipped":0,"pct":0}}
,"/Users/crax/DEVELOPMENT/Nuuky/nuuky/components/ParticleSphere.tsx": {"lines":{"total":110,"covered":0,"skipped":0,"pct":0},"functions":{"total":17,"covered":0,"skipped":0,"pct":0},"statements":{"total":116,"covered":0,"skipped":0,"pct":0},"branches":{"total":6,"covered":0,"skipped":0,"pct":0}}
,"/Users/crax/DEVELOPMENT/Nuuky/nuuky/components/PickRoomModal.tsx": {"lines":{"total":15,"covered":10,"skipped":0,"pct":66.66},"functions":{"total":5,"covered":3,"skipped":0,"pct":60},"statements":{"total":15,"covered":10,"skipped":0,"pct":66.66},"branches":{"total":6,"covered":4,"skipped":0,"pct":66.66}}
,"/Users/crax/DEVELOPMENT/Nuuky/nuuky/components/QRCode.tsx": {"lines":{"total":23,"covered":14,"skipped":0,"pct":60.86},"functions":{"total":5,"covered":2,"skipped":0,"pct":40},"statements":{"total":24,"covered":14,"skipped":0,"pct":58.33},"branches":{"total":30,"covered":21,"skipped":0,"pct":70}}
,"/Users/crax/DEVELOPMENT/Nuuky/nuuky/components/ReportModal.tsx": {"lines":{"total":20,"covered":0,"skipped":0,"pct":0},"functions":{"total":6,"covered":0,"skipped":0,"pct":0},"statements":{"total":21,"covered":0,"skipped":0,"pct":0},"branches":{"total":16,"covered":0,"skipped":0,"pct":0}}
,"/Users/crax/DEVELOPMENT/Nuuky/nuuky/components/RoomCard.tsx": {"lines":{"total":40,"covered":32,"skipped":0,"pct":80},"functions":{"total":10,"covered":6,"skipped":0,"pct":60},"statements":{"total":47,"covered":33,"skipped":0,"pct":70.21},"branches":{"total":89,"covered":51,"skipped":0,"pct":57.3}}
,"/Users/crax/DEVELOPMENT/Nuuky/nuuky/components/RoomListModal.tsx": {"lines":{"total":14,"covered":10,"skipped":0,"pct":71.42},"functions":{"total":5,"covered":3,"skipped":0,"pct":60},"statements":{"total":15,"covered":10,"skipped":0,"pct":66.66},"branches":{"total":20,"covered":10,"skipped":0,"pct":50}}
,"/Users/crax/DEVELOPMENT/Nuuky/nuuky/components/RoomSettingsModal.tsx": {"lines":{"total":139,"covered":54,"skipped":0,"pct":38.84},"functions":{"total":35,"covered":8,"skipped":0,"pct":22.85},"statements":{"total":152,"covered":57,"skipped":0,"pct":37.5},"branches":{"total":129,"covered":43,"skipped":0,"pct":33.33}}
,"/Users/crax/DEVELOPMENT/Nuuky/nuuky/components/RoomView.tsx": {"lines":{"total":14,"covered":11,"skipped":0,"pct":78.57},"functions":{"total":7,"covered":3,"skipped":0,"pct":42.85},"statements":{"total":14,"covered":11,"skipped":0,"pct":78.57},"branches":{"total":8,"covered":8,"skipped":0,"pct":100}}
,"/Users/crax/DEVELOPMENT/Nuuky/nuuky/components/StarField.tsx": {"lines":{"total":22,"covered":0,"skipped":0,"pct":0},"functions":{"total":8,"covered":0,"skipped":0,"pct":0},"statements":{"total":23,"covered":0,"skipped":0,"pct":0},"branches":{"total":2,"covered":0,"skipped":0,"pct":0}}
,"/Users/crax/DEVELOPMENT/Nuuky/nuuky/components/StreakBadge.tsx": {"lines":{"total":14,"covered":14,"skipped":0,"pct":100},"functions":{"total":2,"covered":2,"skipped":0,"pct":100},"statements":{"total":15,"covered":15,"skipped":0,"pct":100},"branches":{"total":23,"covered":19,"skipped":0,"pct":82.6}}
,"/Users/crax/DEVELOPMENT/Nuuky/nuuky/components/SwipeableFriendCard.tsx": {"lines":{"total":39,"covered":21,"skipped":0,"pct":53.84},"functions":{"total":10,"covered":2,"skipped":0,"pct":20},"statements":{"total":39,"covered":21,"skipped":0,"pct":53.84},"branches":{"total":22,"covered":11,"skipped":0,"pct":50}}
,"/Users/crax/DEVELOPMENT/Nuuky/nuuky/components/SwipeableRoomCard.tsx": {"lines":{"total":35,"covered":13,"skipped":0,"pct":37.14},"functions":{"total":8,"covered":1,"skipped":0,"pct":12.5},"statements":{"total":35,"covered":13,"skipped":0,"pct":37.14},"branches":{"total":16,"covered":0,"skipped":0,"pct":0}}
,"/Users/crax/DEVELOPMENT/Nuuky/nuuky/components/TopHeader.tsx": {"lines":{"total":3,"covered":3,"skipped":0,"pct":100},"functions":{"total":1,"covered":1,"skipped":0,"pct":100},"statements":{"total":3,"covered":3,"skipped":0,"pct":100},"branches":{"total":15,"covered":11,"skipped":0,"pct":73.33}}
,"/Users/crax/DEVELOPMENT/Nuuky/nuuky/components/UserSearchModal.tsx": {"lines":{"total":40,"covered":20,"skipped":0,"pct":50},"functions":{"total":14,"covered":4,"skipped":0,"pct":28.57},"statements":{"total":41,"covered":20,"skipped":0,"pct":48.78},"branches":{"total":31,"covered":6,"skipped":0,"pct":19.35}}
,"/Users/crax/DEVELOPMENT/Nuuky/nuuky/components/VisibilityPicker.tsx": {"lines":{"total":12,"covered":12,"skipped":0,"pct":100},"functions":{"total":5,"covered":5,"skipped":0,"pct":100},"statements":{"total":13,"covered":13,"skipped":0,"pct":100},"branches":{"total":4,"covered":4,"skipped":0,"pct":100}}
,"/Users/crax/DEVELOPMENT/Nuuky/nuuky/components/ui/Avatar.tsx": {"lines":{"total":18,"covered":18,"skipped":0,"pct":100},"functions":{"total":2,"covered":2,"skipped":0,"pct":100},"statements":{"total":19,"covered":19,"skipped":0,"pct":100},"branches":{"total":19,"covered":18,"skipped":0,"pct":94.73}}
,"/Users/crax/DEVELOPMENT/Nuuky/nuuky/components/ui/BaseModal.tsx": {"lines":{"total":5,"covered":4,"skipped":0,"pct":80},"functions":{"total":2,"covered":1,"skipped":0,"pct":50},"statements":{"total":5,"covered":4,"skipped":0,"pct":80},"branches":{"total":17,"covered":17,"skipped":0,"pct":100}}
,"/Users/crax/DEVELOPMENT/Nuuky/nuuky/components/ui/EmptyState.tsx": {"lines":{"total":3,"covered":3,"skipped":0,"pct":100},"functions":{"total":1,"covered":1,"skipped":0,"pct":100},"statements":{"total":3,"covered":3,"skipped":0,"pct":100},"branches":{"total":6,"covered":6,"skipped":0,"pct":100}}
,"/Users/crax/DEVELOPMENT/Nuuky/nuuky/components/ui/GradientButton.tsx": {"lines":{"total":9,"covered":9,"skipped":0,"pct":100},"functions":{"total":1,"covered":1,"skipped":0,"pct":100},"statements":{"total":9,"covered":9,"skipped":0,"pct":100},"branches":{"total":39,"covered":27,"skipped":0,"pct":69.23}}
,"/Users/crax/DEVELOPMENT/Nuuky/nuuky/components/ui/OTPInput.tsx": {"lines":{"total":39,"covered":33,"skipped":0,"pct":84.61},"functions":{"total":13,"covered":7,"skipped":0,"pct":53.84},"statements":{"total":42,"covered":34,"skipped":0,"pct":80.95},"branches":{"total":27,"covered":18,"skipped":0,"pct":66.66}}
,"/Users/crax/DEVELOPMENT/Nuuky/nuuky/components/ui/PhoneInput.tsx": {"lines":{"total":39,"covered":0,"skipped":0,"pct":0},"functions":{"total":10,"covered":0,"skipped":0,"pct":0},"statements":{"total":43,"covered":0,"skipped":0,"pct":0},"branches":{"total":24,"covered":0,"skipped":0,"pct":0}}
,"/Users/crax/DEVELOPMENT/Nuuky/nuuky/components/ui/SettingsRow.tsx": {"lines":{"total":14,"covered":13,"skipped":0,"pct":92.85},"functions":{"total":2,"covered":2,"skipped":0,"pct":100},"statements":{"total":15,"covered":13,"skipped":0,"pct":86.66},"branches":{"total":28,"covered":21,"skipped":0,"pct":75}}
,"/Users/crax/DEVELOPMENT/Nuuky/nuuky/components/ui/index.ts": {"lines":{"total":0,"covered":0,"skipped":0,"pct":100},"functions":{"total":0,"covered":0,"skipped":0,"pct":100},"statements":{"total":0,"covered":0,"skipped":0,"pct":100},"branches":{"total":0,"covered":0,"skipped":0,"pct":100}}
,"/Users/crax/DEVELOPMENT/Nuuky/nuuky/hooks/useAudio.ts": {"lines":{"total":78,"covered":28,"skipped":0,"pct":35.89},"functions":{"total":17,"covered":8,"skipped":0,"pct":47.05},"statements":{"total":80,"covered":29,"skipped":0,"pct":36.25},"branches":{"total":26,"covered":4,"skipped":0,"pct":15.38}}
,"/Users/crax/DEVELOPMENT/Nuuky/nuuky/hooks/useAuth.ts": {"lines":{"total":78,"covered":70,"skipped":0,"pct":89.74},"functions":{"total":14,"covered":14,"skipped":0,"pct":100},"statements":{"total":85,"covered":73,"skipped":0,"pct":85.88},"branches":{"total":39,"covered":25,"skipped":0,"pct":64.1}}
,"/Users/crax/DEVELOPMENT/Nuuky/nuuky/hooks/useCallMe.ts": {"lines":{"total":40,"covered":29,"skipped":0,"pct":72.5},"functions":{"total":2,"covered":2,"skipped":0,"pct":100},"statements":{"total":40,"covered":29,"skipped":0,"pct":72.5},"branches":{"total":22,"covered":15,"skipped":0,"pct":68.18}}
,"/Users/crax/DEVELOPMENT/Nuuky/nuuky/hooks/useContactSync.ts": {"lines":{"total":97,"covered":25,"skipped":0,"pct":25.77},"functions":{"total":14,"covered":4,"skipped":0,"pct":28.57},"statements":{"total":103,"covered":25,"skipped":0,"pct":24.27},"branches":{"total":48,"covered":2,"skipped":0,"pct":4.16}}
,"/Users/crax/DEVELOPMENT/Nuuky/nuuky/hooks/useCustomMood.ts": {"lines":{"total":99,"covered":74,"skipped":0,"pct":74.74},"functions":{"total":7,"covered":7,"skipped":0,"pct":100},"statements":{"total":103,"covered":75,"skipped":0,"pct":72.81},"branches":{"total":47,"covered":31,"skipped":0,"pct":65.95}}
,"/Users/crax/DEVELOPMENT/Nuuky/nuuky/hooks/useDefaultRoom.ts": {"lines":{"total":58,"covered":46,"skipped":0,"pct":79.31},"functions":{"total":11,"covered":11,"skipped":0,"pct":100},"statements":{"total":64,"covered":51,"skipped":0,"pct":79.68},"branches":{"total":32,"covered":24,"skipped":0,"pct":75}}
,"/Users/crax/DEVELOPMENT/Nuuky/nuuky/hooks/useFirstTimeRoom.ts": {"lines":{"total":38,"covered":37,"skipped":0,"pct":97.36},"functions":{"total":5,"covered":5,"skipped":0,"pct":100},"statements":{"total":41,"covered":38,"skipped":0,"pct":92.68},"branches":{"total":16,"covered":12,"skipped":0,"pct":75}}
,"/Users/crax/DEVELOPMENT/Nuuky/nuuky/hooks/useFlare.ts": {"lines":{"total":128,"covered":72,"skipped":0,"pct":56.25},"functions":{"total":19,"covered":11,"skipped":0,"pct":57.89},"statements":{"total":136,"covered":78,"skipped":0,"pct":57.35},"branches":{"total":62,"covered":28,"skipped":0,"pct":45.16}}
,"/Users/crax/DEVELOPMENT/Nuuky/nuuky/hooks/useFriends.ts": {"lines":{"total":120,"covered":87,"skipped":0,"pct":72.5},"functions":{"total":15,"covered":9,"skipped":0,"pct":60},"statements":{"total":133,"covered":93,"skipped":0,"pct":69.92},"branches":{"total":81,"covered":48,"skipped":0,"pct":59.25}}
,"/Users/crax/DEVELOPMENT/Nuuky/nuuky/hooks/useHeart.ts": {"lines":{"total":30,"covered":26,"skipped":0,"pct":86.66},"functions":{"total":2,"covered":2,"skipped":0,"pct":100},"statements":{"total":30,"covered":26,"skipped":0,"pct":86.66},"branches":{"total":10,"covered":9,"skipped":0,"pct":90}}
,"/Users/crax/DEVELOPMENT/Nuuky/nuuky/hooks/useHomeRoom.ts": {"lines":{"total":61,"covered":40,"skipped":0,"pct":65.57},"functions":{"total":9,"covered":9,"skipped":0,"pct":100},"statements":{"total":66,"covered":43,"skipped":0,"pct":65.15},"branches":{"total":37,"covered":21,"skipped":0,"pct":56.75}}
,"/Users/crax/DEVELOPMENT/Nuuky/nuuky/hooks/useInvite.ts": {"lines":{"total":63,"covered":44,"skipped":0,"pct":69.84},"functions":{"total":13,"covered":6,"skipped":0,"pct":46.15},"statements":{"total":63,"covered":44,"skipped":0,"pct":69.84},"branches":{"total":22,"covered":14,"skipped":0,"pct":63.63}}
,"/Users/crax/DEVELOPMENT/Nuuky/nuuky/hooks/useInviteLink.ts": {"lines":{"total":115,"covered":41,"skipped":0,"pct":35.65},"functions":{"total":9,"covered":7,"skipped":0,"pct":77.77},"statements":{"total":115,"covered":41,"skipped":0,"pct":35.65},"branches":{"total":50,"covered":9,"skipped":0,"pct":18}}
,"/Users/crax/DEVELOPMENT/Nuuky/nuuky/hooks/useMood.ts": {"lines":{"total":24,"covered":21,"skipped":0,"pct":87.5},"functions":{"total":2,"covered":2,"skipped":0,"pct":100},"statements":{"total":25,"covered":22,"skipped":0,"pct":88},"branches":{"total":8,"covered":7,"skipped":0,"pct":87.5}}
,"/Users/crax/DEVELOPMENT/Nuuky/nuuky/hooks/useNotifications.ts": {"lines":{"total":90,"covered":47,"skipped":0,"pct":52.22},"functions":{"total":15,"covered":7,"skipped":0,"pct":46.66},"statements":{"total":101,"covered":48,"skipped":0,"pct":47.52},"branches":{"total":50,"covered":13,"skipped":0,"pct":26}}
,"/Users/crax/DEVELOPMENT/Nuuky/nuuky/hooks/useNudge.ts": {"lines":{"total":43,"covered":35,"skipped":0,"pct":81.39},"functions":{"total":3,"covered":3,"skipped":0,"pct":100},"statements":{"total":43,"covered":35,"skipped":0,"pct":81.39},"branches":{"total":16,"covered":14,"skipped":0,"pct":87.5}}
,"/Users/crax/DEVELOPMENT/Nuuky/nuuky/hooks/useOTPTimer.ts": {"lines":{"total":20,"covered":20,"skipped":0,"pct":100},"functions":{"total":7,"covered":7,"skipped":0,"pct":100},"statements":{"total":22,"covered":22,"skipped":0,"pct":100},"branches":{"total":11,"covered":10,"skipped":0,"pct":90.9}}
,"/Users/crax/DEVELOPMENT/Nuuky/nuuky/hooks/useOrbitGestures.ts": {"lines":{"total":79,"covered":18,"skipped":0,"pct":22.78},"functions":{"total":14,"covered":3,"skipped":0,"pct":21.42},"statements":{"total":85,"covered":18,"skipped":0,"pct":21.17},"branches":{"total":22,"covered":2,"skipped":0,"pct":9.09}}
,"/Users/crax/DEVELOPMENT/Nuuky/nuuky/hooks/usePreferences.ts": {"lines":{"total":46,"covered":35,"skipped":0,"pct":76.08},"functions":{"total":7,"covered":5,"skipped":0,"pct":71.42},"statements":{"total":53,"covered":36,"skipped":0,"pct":67.92},"branches":{"total":28,"covered":19,"skipped":0,"pct":67.85}}
,"/Users/crax/DEVELOPMENT/Nuuky/nuuky/hooks/usePresence.ts": {"lines":{"total":58,"covered":41,"skipped":0,"pct":70.68},"functions":{"total":8,"covered":5,"skipped":0,"pct":62.5},"statements":{"total":64,"covered":43,"skipped":0,"pct":67.18},"branches":{"total":40,"covered":25,"skipped":0,"pct":62.5}}
,"/Users/crax/DEVELOPMENT/Nuuky/nuuky/hooks/useProfile.ts": {"lines":{"total":129,"covered":50,"skipped":0,"pct":38.75},"functions":{"total":8,"covered":7,"skipped":0,"pct":87.5},"statements":{"total":136,"covered":52,"skipped":0,"pct":38.23},"branches":{"total":55,"covered":13,"skipped":0,"pct":23.63}}
,"/Users/crax/DEVELOPMENT/Nuuky/nuuky/hooks/useRoom.ts": {"lines":{"total":305,"covered":216,"skipped":0,"pct":70.81},"functions":{"total":31,"covered":21,"skipped":0,"pct":67.74},"statements":{"total":341,"covered":218,"skipped":0,"pct":63.92},"branches":{"total":156,"covered":92,"skipped":0,"pct":58.97}}
,"/Users/crax/DEVELOPMENT/Nuuky/nuuky/hooks/useRoomInvites.ts": {"lines":{"total":159,"covered":111,"skipped":0,"pct":69.81},"functions":{"total":18,"covered":13,"skipped":0,"pct":72.22},"statements":{"total":181,"covered":118,"skipped":0,"pct":65.19},"branches":{"total":83,"covered":49,"skipped":0,"pct":59.03}}
,"/Users/crax/DEVELOPMENT/Nuuky/nuuky/hooks/useSafety.ts": {"lines":{"total":160,"covered":102,"skipped":0,"pct":63.75},"functions":{"total":13,"covered":11,"skipped":0,"pct":84.61},"statements":{"total":178,"covered":103,"skipped":0,"pct":57.86},"branches":{"total":58,"covered":29,"skipped":0,"pct":50}}
,"/Users/crax/DEVELOPMENT/Nuuky/nuuky/hooks/useSessionTimeout.ts": {"lines":{"total":38,"covered":25,"skipped":0,"pct":65.78},"functions":{"total":7,"covered":5,"skipped":0,"pct":71.42},"statements":{"total":43,"covered":28,"skipped":0,"pct":65.11},"branches":{"total":26,"covered":11,"skipped":0,"pct":42.3}}
,"/Users/crax/DEVELOPMENT/Nuuky/nuuky/hooks/useSpeakingAnimations.ts": {"lines":{"total":26,"covered":26,"skipped":0,"pct":100},"functions":{"total":8,"covered":8,"skipped":0,"pct":100},"statements":{"total":30,"covered":30,"skipped":0,"pct":100},"branches":{"total":8,"covered":8,"skipped":0,"pct":100}}
,"/Users/crax/DEVELOPMENT/Nuuky/nuuky/hooks/useStreakBolts.ts": {"lines":{"total":39,"covered":36,"skipped":0,"pct":92.3},"functions":{"total":16,"covered":13,"skipped":0,"pct":81.25},"statements":{"total":41,"covered":38,"skipped":0,"pct":92.68},"branches":{"total":10,"covered":8,"skipped":0,"pct":80}}
,"/Users/crax/DEVELOPMENT/Nuuky/nuuky/hooks/useStreaks.ts": {"lines":{"total":75,"covered":53,"skipped":0,"pct":70.66},"functions":{"total":18,"covered":10,"skipped":0,"pct":55.55},"statements":{"total":87,"covered":57,"skipped":0,"pct":65.51},"branches":{"total":59,"covered":18,"skipped":0,"pct":30.5}}
,"/Users/crax/DEVELOPMENT/Nuuky/nuuky/hooks/useTheme.ts": {"lines":{"total":0,"covered":0,"skipped":0,"pct":100},"functions":{"total":0,"covered":0,"skipped":0,"pct":100},"statements":{"total":0,"covered":0,"skipped":0,"pct":100},"branches":{"total":0,"covered":0,"skipped":0,"pct":100}}
,"/Users/crax/DEVELOPMENT/Nuuky/nuuky/hooks/useUserSearch.ts": {"lines":{"total":53,"covered":49,"skipped":0,"pct":92.45},"functions":{"total":6,"covered":6,"skipped":0,"pct":100},"statements":{"total":55,"covered":51,"skipped":0,"pct":92.72},"branches":{"total":18,"covered":13,"skipped":0,"pct":72.22}}
,"/Users/crax/DEVELOPMENT/Nuuky/nuuky/hooks/useUsername.ts": {"lines":{"total":66,"covered":51,"skipped":0,"pct":77.27},"functions":{"total":5,"covered":5,"skipped":0,"pct":100},"statements":{"total":66,"covered":51,"skipped":0,"pct":77.27},"branches":{"total":24,"covered":18,"skipped":0,"pct":75}}
,"/Users/crax/DEVELOPMENT/Nuuky/nuuky/lib/emailUtils.ts": {"lines":{"total":17,"covered":17,"skipped":0,"pct":100},"functions":{"total":3,"covered":3,"skipped":0,"pct":100},"statements":{"total":18,"covered":18,"skipped":0,"pct":100},"branches":{"total":15,"covered":15,"skipped":0,"pct":100}}
,"/Users/crax/DEVELOPMENT/Nuuky/nuuky/lib/livekit.ts": {"lines":{"total":133,"covered":0,"skipped":0,"pct":0},"functions":{"total":28,"covered":0,"skipped":0,"pct":0},"statements":{"total":136,"covered":0,"skipped":0,"pct":0},"branches":{"total":53,"covered":0,"skipped":0,"pct":0}}
,"/Users/crax/DEVELOPMENT/Nuuky/nuuky/lib/logger.ts": {"lines":{"total":6,"covered":6,"skipped":0,"pct":100},"functions":{"total":4,"covered":4,"skipped":0,"pct":100},"statements":{"total":9,"covered":9,"skipped":0,"pct":100},"branches":{"total":8,"covered":4,"skipped":0,"pct":50}}
,"/Users/crax/DEVELOPMENT/Nuuky/nuuky/lib/network.ts": {"lines":{"total":19,"covered":19,"skipped":0,"pct":100},"functions":{"total":5,"covered":5,"skipped":0,"pct":100},"statements":{"total":21,"covered":21,"skipped":0,"pct":100},"branches":{"total":10,"covered":10,"skipped":0,"pct":100}}
,"/Users/crax/DEVELOPMENT/Nuuky/nuuky/lib/notifications.ts": {"lines":{"total":50,"covered":35,"skipped":0,"pct":70},"functions":{"total":11,"covered":8,"skipped":0,"pct":72.72},"statements":{"total":52,"covered":36,"skipped":0,"pct":69.23},"branches":{"total":23,"covered":14,"skipped":0,"pct":60.86}}
,"/Users/crax/DEVELOPMENT/Nuuky/nuuky/lib/phoneUtils.ts": {"lines":{"total":45,"covered":41,"skipped":0,"pct":91.11},"functions":{"total":5,"covered":5,"skipped":0,"pct":100},"statements":{"total":51,"covered":45,"skipped":0,"pct":88.23},"branches":{"total":43,"covered":36,"skipped":0,"pct":83.72}}
,"/Users/crax/DEVELOPMENT/Nuuky/nuuky/lib/secureStorage.ts": {"lines":{"total":4,"covered":4,"skipped":0,"pct":100},"functions":{"total":3,"covered":3,"skipped":0,"pct":100},"statements":{"total":4,"covered":4,"skipped":0,"pct":100},"branches":{"total":0,"covered":0,"skipped":0,"pct":100}}
,"/Users/crax/DEVELOPMENT/Nuuky/nuuky/lib/subscriptionManager.ts": {"lines":{"total":57,"covered":47,"skipped":0,"pct":82.45},"functions":{"total":17,"covered":16,"skipped":0,"pct":94.11},"statements":{"total":64,"covered":51,"skipped":0,"pct":79.68},"branches":{"total":30,"covered":19,"skipped":0,"pct":63.33}}
,"/Users/crax/DEVELOPMENT/Nuuky/nuuky/lib/supabase.ts": {"lines":{"total":15,"covered":0,"skipped":0,"pct":0},"functions":{"total":5,"covered":0,"skipped":0,"pct":0},"statements":{"total":16,"covered":0,"skipped":0,"pct":0},"branches":{"total":12,"covered":0,"skipped":0,"pct":0}}
,"/Users/crax/DEVELOPMENT/Nuuky/nuuky/lib/theme.ts": {"lines":{"total":54,"covered":54,"skipped":0,"pct":100},"functions":{"total":9,"covered":8,"skipped":0,"pct":88.88},"statements":{"total":56,"covered":55,"skipped":0,"pct":98.21},"branches":{"total":24,"covered":22,"skipped":0,"pct":91.66}}
,"/Users/crax/DEVELOPMENT/Nuuky/nuuky/lib/utils.ts": {"lines":{"total":29,"covered":29,"skipped":0,"pct":100},"functions":{"total":3,"covered":3,"skipped":0,"pct":100},"statements":{"total":35,"covered":35,"skipped":0,"pct":100},"branches":{"total":16,"covered":16,"skipped":0,"pct":100}}
,"/Users/crax/DEVELOPMENT/Nuuky/nuuky/stores/appStore.ts": {"lines":{"total":80,"covered":77,"skipped":0,"pct":96.25},"functions":{"total":110,"covered":81,"skipped":0,"pct":73.63},"statements":{"total":133,"covered":104,"skipped":0,"pct":78.19},"branches":{"total":24,"covered":20,"skipped":0,"pct":83.33}}
}
