{"/Users/crax/DEVELOPMENT/Nuuky/nuuky/components/AnimatedGlow.tsx": {"path":"/Users/crax/DEVELOPMENT/Nuuky/nuuky/components/AnimatedGlow.tsx","statementMap":{"0":{"start":{"line":6,"column":55},"end":{"line":6,"column":79}},"1":{"start":{"line":8,"column":18},"end":{"line":8,"column":34}},"2":{"start":{"line":9,"column":20},"end":{"line":9,"column":39}},"3":{"start":{"line":10,"column":17},"end":{"line":10,"column":22}},"4":{"start":{"line":13,"column":21},"end":{"line":13,"column":31}},"5":{"start":{"line":14,"column":21},"end":{"line":14,"column":58}},"6":{"start":{"line":16,"column":2},"end":{"line":41,"column":19}},"7":{"start":{"line":17,"column":22},"end":{"line":38,"column":5}},"8":{"start":{"line":39,"column":4},"end":{"line":39,"column":22}},"9":{"start":{"line":40,"column":4},"end":{"line":40,"column":34}},"10":{"start":{"line":40,"column":17},"end":{"line":40,"column":33}},"11":{"start":{"line":43,"column":2},"end":{"line":45,"column":3}},"12":{"start":{"line":44,"column":4},"end":{"line":44,"column":16}},"13":{"start":{"line":47,"column":2},"end":{"line":94,"column":4}}},"fnMap":{"0":{"name":"AnimatedGlow","decl":{"start":{"line":12,"column":24},"end":{"line":12,"column":36}},"loc":{"start":{"line":12,"column":39},"end":{"line":95,"column":1}},"line":12},"1":{"name":"(anonymous_1)","decl":{"start":{"line":16,"column":12},"end":{"line":16,"column":13}},"loc":{"start":{"line":16,"column":18},"end":{"line":41,"column":3}},"line":16},"2":{"name":"(anonymous_2)","decl":{"start":{"line":40,"column":11},"end":{"line":40,"column":12}},"loc":{"start":{"line":40,"column":17},"end":{"line":40,"column":33}},"line":40}},"branchMap":{"0":{"loc":{"start":{"line":43,"column":2},"end":{"line":45,"column":3}},"type":"if","locations":[{"start":{"line":43,"column":2},"end":{"line":45,"column":3}},{"start":{},"end":{}}],"line":43}},"s":{"0":1,"1":1,"2":1,"3":1,"4":2,"5":2,"6":2,"7":2,"8":2,"9":2,"10":2,"11":2,"12":1,"13":1},"f":{"0":2,"1":2,"2":2},"b":{"0":[1,1]},"_coverageSchema":"1a1c01bbd47fc00a2c39e90264f33305004495a9","hash":"a5b60c6acf959eefd90d98e9e68e4f9a040c0840"}
,"/Users/crax/DEVELOPMENT/Nuuky/nuuky/components/AudioConnectionBadge.tsx": {"path":"/Users/crax/DEVELOPMENT/Nuuky/nuuky/components/AudioConnectionBadge.tsx","statementMap":{"0":{"start":{"line":12,"column":73},"end":{"line":72,"column":1}},"1":{"start":{"line":15,"column":20},"end":{"line":15,"column":30}},"2":{"start":{"line":17,"column":26},"end":{"line":50,"column":3}},"3":{"start":{"line":18,"column":4},"end":{"line":49,"column":5}},"4":{"start":{"line":20,"column":8},"end":{"line":25,"column":10}},"5":{"start":{"line":27,"column":8},"end":{"line":32,"column":10}},"6":{"start":{"line":34,"column":8},"end":{"line":39,"column":10}},"7":{"start":{"line":41,"column":8},"end":{"line":46,"column":10}},"8":{"start":{"line":48,"column":8},"end":{"line":48,"column":20}},"9":{"start":{"line":52,"column":17},"end":{"line":52,"column":34}},"10":{"start":{"line":53,"column":2},"end":{"line":53,"column":27}},"11":{"start":{"line":53,"column":15},"end":{"line":53,"column":27}},"12":{"start":{"line":55,"column":2},"end":{"line":71,"column":4}},"13":{"start":{"line":74,"column":15},"end":{"line":83,"column":2}}},"fnMap":{"0":{"name":"(anonymous_0)","decl":{"start":{"line":12,"column":73},"end":{"line":12,"column":74}},"loc":{"start":{"line":14,"column":6},"end":{"line":72,"column":1}},"line":14},"1":{"name":"(anonymous_1)","decl":{"start":{"line":17,"column":26},"end":{"line":17,"column":27}},"loc":{"start":{"line":17,"column":32},"end":{"line":50,"column":3}},"line":17}},"branchMap":{"0":{"loc":{"start":{"line":18,"column":4},"end":{"line":49,"column":5}},"type":"switch","locations":[{"start":{"line":19,"column":6},"end":{"line":25,"column":10}},{"start":{"line":26,"column":6},"end":{"line":32,"column":10}},{"start":{"line":33,"column":6},"end":{"line":39,"column":10}},{"start":{"line":40,"column":6},"end":{"line":46,"column":10}},{"start":{"line":47,"column":6},"end":{"line":48,"column":20}}],"line":18},"1":{"loc":{"start":{"line":53,"column":2},"end":{"line":53,"column":27}},"type":"if","locations":[{"start":{"line":53,"column":2},"end":{"line":53,"column":27}},{"start":{},"end":{}}],"line":53},"2":{"loc":{"start":{"line":65,"column":7},"end":{"line":69,"column":7}},"type":"cond-expr","locations":[{"start":{"line":66,"column":8},"end":{"line":66,"column":63}},{"start":{"line":68,"column":8},"end":{"line":68,"column":70}}],"line":65}},"s":{"0":1,"1":5,"2":5,"3":5,"4":1,"5":1,"6":1,"7":1,"8":1,"9":5,"10":5,"11":1,"12":4,"13":1},"f":{"0":5,"1":5},"b":{"0":[1,1,1,1,1],"1":[1,4],"2":[2,2]},"_coverageSchema":"1a1c01bbd47fc00a2c39e90264f33305004495a9","hash":"7f6f2fee2150b4b51b599878fd66c68d4ba601e6"}
,"/Users/crax/DEVELOPMENT/Nuuky/nuuky/components/BottomNavBar.tsx": {"path":"/Users/crax/DEVELOPMENT/Nuuky/nuuky/components/BottomNavBar.tsx","statementMap":{"0":{"start":{"line":25,"column":28},"end":{"line":178,"column":2}},"1":{"start":{"line":42,"column":2},"end":{"line":177,"column":4}},"2":{"start":{"line":49,"column":12},"end":{"line":70,"column":14}},"3":{"start":{"line":180,"column":15},"end":{"line":271,"column":2}}},"fnMap":{"0":{"name":"BottomNavBar","decl":{"start":{"line":25,"column":48},"end":{"line":25,"column":60}},"loc":{"start":{"line":41,"column":22},"end":{"line":178,"column":1}},"line":41},"1":{"name":"(anonymous_1)","decl":{"start":{"line":48,"column":24},"end":{"line":48,"column":25}},"loc":{"start":{"line":49,"column":12},"end":{"line":70,"column":14}},"line":49}},"branchMap":{"0":{"loc":{"start":{"line":47,"column":9},"end":{"line":71,"column":12}},"type":"binary-expr","locations":[{"start":{"line":47,"column":9},"end":{"line":47,"column":17}},{"start":{"line":48,"column":10},"end":{"line":71,"column":12}}],"line":47},"1":{"loc":{"start":{"line":77,"column":31},"end":{"line":77,"column":71}},"type":"cond-expr","locations":[{"start":{"line":77,"column":41},"end":{"line":77,"column":54}},{"start":{"line":77,"column":57},"end":{"line":77,"column":71}}],"line":77},"2":{"loc":{"start":{"line":80,"column":29},"end":{"line":85,"column":20}},"type":"cond-expr","locations":[{"start":{"line":81,"column":18},"end":{"line":81,"column":21}},{"start":{"line":82,"column":18},"end":{"line":85,"column":20}}],"line":80},"3":{"loc":{"start":{"line":86,"column":28},"end":{"line":91,"column":20}},"type":"cond-expr","locations":[{"start":{"line":87,"column":18},"end":{"line":87,"column":19}},{"start":{"line":88,"column":18},"end":{"line":91,"column":20}}],"line":86},"4":{"loc":{"start":{"line":93,"column":12},"end":{"line":93,"column":49}},"type":"binary-expr","locations":[{"start":{"line":93,"column":12},"end":{"line":93,"column":29}},{"start":{"line":93,"column":33},"end":{"line":93,"column":49}}],"line":93},"5":{"loc":{"start":{"line":101,"column":32},"end":{"line":101,"column":81}},"type":"cond-expr","locations":[{"start":{"line":101,"column":42},"end":{"line":101,"column":61}},{"start":{"line":101,"column":64},"end":{"line":101,"column":81}}],"line":101},"6":{"loc":{"start":{"line":104,"column":13},"end":{"line":108,"column":13}},"type":"cond-expr","locations":[{"start":{"line":105,"column":14},"end":{"line":105,"column":109}},{"start":{"line":107,"column":14},"end":{"line":107,"column":127}}],"line":104},"7":{"loc":{"start":{"line":105,"column":58},"end":{"line":105,"column":105}},"type":"cond-expr","locations":[{"start":{"line":105,"column":68},"end":{"line":105,"column":82}},{"start":{"line":105,"column":85},"end":{"line":105,"column":105}}],"line":105},"8":{"loc":{"start":{"line":107,"column":30},"end":{"line":107,"column":57}},"type":"cond-expr","locations":[{"start":{"line":107,"column":40},"end":{"line":107,"column":49}},{"start":{"line":107,"column":52},"end":{"line":107,"column":57}}],"line":107},"9":{"loc":{"start":{"line":107,"column":76},"end":{"line":107,"column":123}},"type":"cond-expr","locations":[{"start":{"line":107,"column":86},"end":{"line":107,"column":100}},{"start":{"line":107,"column":103},"end":{"line":107,"column":123}}],"line":107}},"s":{"0":1,"1":5,"2":3,"3":1},"f":{"0":5,"1":3},"b":{"0":[5,1],"1":[4,1],"2":[4,1],"3":[4,1],"4":[5,0],"5":[4,1],"6":[0,5],"7":[0,0],"8":[4,1],"9":[4,1]},"_coverageSchema":"1a1c01bbd47fc00a2c39e90264f33305004495a9","hash":"e50a28f493dafea3ff91be60d7a1961e40806691"}
,"/Users/crax/DEVELOPMENT/Nuuky/nuuky/components/CentralOrb.tsx": {"path":"/Users/crax/DEVELOPMENT/Nuuky/nuuky/components/CentralOrb.tsx","statementMap":{"0":{"start":{"line":11,"column":26},"end":{"line":11,"column":50}},"1":{"start":{"line":12,"column":17},"end":{"line":12,"column":20}},"2":{"start":{"line":13,"column":17},"end":{"line":13,"column":41}},"3":{"start":{"line":14,"column":17},"end":{"line":14,"column":47}},"4":{"start":{"line":37,"column":28},"end":{"line":37,"column":38}},"5":{"start":{"line":38,"column":22},"end":{"line":38,"column":59}},"6":{"start":{"line":39,"column":20},"end":{"line":39,"column":57}},"7":{"start":{"line":40,"column":21},"end":{"line":40,"column":58}},"8":{"start":{"line":41,"column":20},"end":{"line":41,"column":57}},"9":{"start":{"line":42,"column":22},"end":{"line":42,"column":59}},"10":{"start":{"line":43,"column":20},"end":{"line":43,"column":57}},"11":{"start":{"line":44,"column":20},"end":{"line":44,"column":59}},"12":{"start":{"line":45,"column":19},"end":{"line":45,"column":56}},"13":{"start":{"line":46,"column":22},"end":{"line":46,"column":74}},"14":{"start":{"line":48,"column":2},"end":{"line":172,"column":9}},"15":{"start":{"line":50,"column":29},"end":{"line":65,"column":5}},"16":{"start":{"line":66,"column":4},"end":{"line":66,"column":29}},"17":{"start":{"line":69,"column":28},"end":{"line":84,"column":5}},"18":{"start":{"line":85,"column":4},"end":{"line":85,"column":28}},"19":{"start":{"line":88,"column":27},"end":{"line":103,"column":5}},"20":{"start":{"line":104,"column":4},"end":{"line":104,"column":27}},"21":{"start":{"line":107,"column":29},"end":{"line":122,"column":5}},"22":{"start":{"line":123,"column":4},"end":{"line":123,"column":29}},"23":{"start":{"line":126,"column":27},"end":{"line":141,"column":5}},"24":{"start":{"line":142,"column":4},"end":{"line":142,"column":27}},"25":{"start":{"line":145,"column":27},"end":{"line":160,"column":5}},"26":{"start":{"line":161,"column":4},"end":{"line":161,"column":27}},"27":{"start":{"line":164,"column":4},"end":{"line":171,"column":6}},"28":{"start":{"line":165,"column":6},"end":{"line":165,"column":30}},"29":{"start":{"line":166,"column":6},"end":{"line":166,"column":29}},"30":{"start":{"line":167,"column":6},"end":{"line":167,"column":28}},"31":{"start":{"line":168,"column":6},"end":{"line":168,"column":30}},"32":{"start":{"line":169,"column":6},"end":{"line":169,"column":28}},"33":{"start":{"line":170,"column":6},"end":{"line":170,"column":28}},"34":{"start":{"line":174,"column":2},"end":{"line":203,"column":23}},"35":{"start":{"line":175,"column":61},"end":{"line":175,"column":65}},"36":{"start":{"line":177,"column":4},"end":{"line":197,"column":5}},"37":{"start":{"line":178,"column":6},"end":{"line":193,"column":8}},"38":{"start":{"line":194,"column":6},"end":{"line":194,"column":29}},"39":{"start":{"line":196,"column":6},"end":{"line":196,"column":28}},"40":{"start":{"line":200,"column":4},"end":{"line":202,"column":6}},"41":{"start":{"line":201,"column":6},"end":{"line":201,"column":29}},"42":{"start":{"line":206,"column":2},"end":{"line":250,"column":17}},"43":{"start":{"line":207,"column":60},"end":{"line":207,"column":64}},"44":{"start":{"line":208,"column":60},"end":{"line":208,"column":64}},"45":{"start":{"line":210,"column":4},"end":{"line":243,"column":5}},"46":{"start":{"line":212,"column":6},"end":{"line":227,"column":8}},"47":{"start":{"line":228,"column":6},"end":{"line":228,"column":28}},"48":{"start":{"line":231,"column":6},"end":{"line":231,"column":30}},"49":{"start":{"line":234,"column":6},"end":{"line":239,"column":9}},"50":{"start":{"line":240,"column":6},"end":{"line":242,"column":9}},"51":{"start":{"line":241,"column":8},"end":{"line":241,"column":29}},"52":{"start":{"line":246,"column":4},"end":{"line":249,"column":6}},"53":{"start":{"line":247,"column":6},"end":{"line":247,"column":28}},"54":{"start":{"line":248,"column":6},"end":{"line":248,"column":28}},"55":{"start":{"line":252,"column":22},"end":{"line":255,"column":3}},"56":{"start":{"line":253,"column":4},"end":{"line":253,"column":60}},"57":{"start":{"line":254,"column":4},"end":{"line":254,"column":16}},"58":{"start":{"line":258,"column":25},"end":{"line":331,"column":3}},"59":{"start":{"line":259,"column":11},"end":{"line":329,"column":5}},"60":{"start":{"line":333,"column":20},"end":{"line":333,"column":38}},"61":{"start":{"line":335,"column":2},"end":{"line":575,"column":4}},"62":{"start":{"line":579,"column":26},"end":{"line":587,"column":2}},"63":{"start":{"line":580,"column":2},"end":{"line":586,"column":4}},"64":{"start":{"line":589,"column":15},"end":{"line":717,"column":2}}},"fnMap":{"0":{"name":"CentralOrbComponent","decl":{"start":{"line":27,"column":9},"end":{"line":27,"column":28}},"loc":{"start":{"line":36,"column":20},"end":{"line":576,"column":1}},"line":36},"1":{"name":"(anonymous_1)","decl":{"start":{"line":48,"column":12},"end":{"line":48,"column":13}},"loc":{"start":{"line":48,"column":18},"end":{"line":172,"column":3}},"line":48},"2":{"name":"(anonymous_2)","decl":{"start":{"line":164,"column":11},"end":{"line":164,"column":12}},"loc":{"start":{"line":164,"column":17},"end":{"line":171,"column":5}},"line":164},"3":{"name":"(anonymous_3)","decl":{"start":{"line":174,"column":12},"end":{"line":174,"column":13}},"loc":{"start":{"line":174,"column":18},"end":{"line":203,"column":3}},"line":174},"4":{"name":"(anonymous_4)","decl":{"start":{"line":200,"column":11},"end":{"line":200,"column":12}},"loc":{"start":{"line":200,"column":17},"end":{"line":202,"column":5}},"line":200},"5":{"name":"(anonymous_5)","decl":{"start":{"line":206,"column":12},"end":{"line":206,"column":13}},"loc":{"start":{"line":206,"column":18},"end":{"line":250,"column":3}},"line":206},"6":{"name":"(anonymous_6)","decl":{"start":{"line":240,"column":26},"end":{"line":240,"column":27}},"loc":{"start":{"line":240,"column":32},"end":{"line":242,"column":7}},"line":240},"7":{"name":"(anonymous_7)","decl":{"start":{"line":246,"column":11},"end":{"line":246,"column":12}},"loc":{"start":{"line":246,"column":17},"end":{"line":249,"column":5}},"line":246},"8":{"name":"(anonymous_8)","decl":{"start":{"line":252,"column":22},"end":{"line":252,"column":23}},"loc":{"start":{"line":252,"column":28},"end":{"line":255,"column":3}},"line":252},"9":{"name":"(anonymous_9)","decl":{"start":{"line":259,"column":4},"end":{"line":259,"column":5}},"loc":{"start":{"line":259,"column":11},"end":{"line":329,"column":5}},"line":259},"10":{"name":"(anonymous_10)","decl":{"start":{"line":579,"column":52},"end":{"line":579,"column":53}},"loc":{"start":{"line":579,"column":78},"end":{"line":587,"column":1}},"line":579}},"branchMap":{"0":{"loc":{"start":{"line":32,"column":2},"end":{"line":32,"column":18}},"type":"default-arg","locations":[{"start":{"line":32,"column":9},"end":{"line":32,"column":18}}],"line":32},"1":{"loc":{"start":{"line":34,"column":2},"end":{"line":34,"column":18}},"type":"default-arg","locations":[{"start":{"line":34,"column":13},"end":{"line":34,"column":18}}],"line":34},"2":{"loc":{"start":{"line":46,"column":48},"end":{"line":46,"column":64}},"type":"cond-expr","locations":[{"start":{"line":46,"column":59},"end":{"line":46,"column":60}},{"start":{"line":46,"column":63},"end":{"line":46,"column":64}}],"line":46},"3":{"loc":{"start":{"line":177,"column":4},"end":{"line":197,"column":5}},"type":"if","locations":[{"start":{"line":177,"column":4},"end":{"line":197,"column":5}},{"start":{"line":195,"column":11},"end":{"line":197,"column":5}}],"line":177},"4":{"loc":{"start":{"line":210,"column":4},"end":{"line":243,"column":5}},"type":"if","locations":[{"start":{"line":210,"column":4},"end":{"line":243,"column":5}},{"start":{"line":232,"column":11},"end":{"line":243,"column":5}}],"line":210},"5":{"loc":{"start":{"line":347,"column":7},"end":{"line":359,"column":7}},"type":"binary-expr","locations":[{"start":{"line":347,"column":7},"end":{"line":347,"column":15}},{"start":{"line":348,"column":8},"end":{"line":358,"column":10}}],"line":347},"6":{"loc":{"start":{"line":362,"column":7},"end":{"line":388,"column":7}},"type":"binary-expr","locations":[{"start":{"line":362,"column":7},"end":{"line":362,"column":21}},{"start":{"line":363,"column":8},"end":{"line":387,"column":24}}],"line":362},"7":{"loc":{"start":{"line":518,"column":7},"end":{"line":528,"column":14}},"type":"cond-expr","locations":[{"start":{"line":519,"column":8},"end":{"line":527,"column":15}},{"start":{"line":528,"column":10},"end":{"line":528,"column":14}}],"line":518},"8":{"loc":{"start":{"line":552,"column":18},"end":{"line":554,"column":83}},"type":"cond-expr","locations":[{"start":{"line":553,"column":22},"end":{"line":553,"column":93}},{"start":{"line":554,"column":22},"end":{"line":554,"column":83}}],"line":552},"9":{"loc":{"start":{"line":562,"column":15},"end":{"line":566,"column":15}},"type":"cond-expr","locations":[{"start":{"line":563,"column":16},"end":{"line":563,"column":78}},{"start":{"line":565,"column":16},"end":{"line":565,"column":69}}],"line":562},"10":{"loc":{"start":{"line":581,"column":4},"end":{"line":585,"column":49}},"type":"binary-expr","locations":[{"start":{"line":581,"column":4},"end":{"line":581,"column":37}},{"start":{"line":582,"column":4},"end":{"line":582,"column":57}},{"start":{"line":583,"column":4},"end":{"line":583,"column":45}},{"start":{"line":584,"column":4},"end":{"line":584,"column":57}},{"start":{"line":585,"column":4},"end":{"line":585,"column":49}}],"line":581}},"s":{"0":1,"1":1,"2":1,"3":1,"4":7,"5":7,"6":7,"7":7,"8":7,"9":7,"10":7,"11":7,"12":7,"13":7,"14":7,"15":7,"16":7,"17":7,"18":7,"19":7,"20":7,"21":7,"22":7,"23":7,"24":7,"25":7,"26":7,"27":7,"28":7,"29":7,"30":7,"31":7,"32":7,"33":7,"34":7,"35":7,"36":7,"37":1,"38":1,"39":6,"40":7,"41":7,"42":7,"43":7,"44":7,"45":7,"46":1,"47":1,"48":1,"49":6,"50":6,"51":6,"52":7,"53":7,"54":7,"55":7,"56":0,"57":0,"58":7,"59":7,"60":7,"61":7,"62":1,"63":0,"64":1},"f":{"0":7,"1":7,"2":7,"3":7,"4":7,"5":7,"6":6,"7":7,"8":0,"9":7,"10":0},"b":{"0":[0],"1":[6],"2":[1,6],"3":[1,6],"4":[1,6],"5":[7,1],"6":[7,1],"7":[1,6],"8":[7,0],"9":[1,6],"10":[0,0,0,0,0]},"_coverageSchema":"1a1c01bbd47fc00a2c39e90264f33305004495a9","hash":"406c228aa52595bc7bf9a4c30fa10cae8ba6400c"}
,"/Users/crax/DEVELOPMENT/Nuuky/nuuky/components/CreateRoomModal.tsx": {"path":"/Users/crax/DEVELOPMENT/Nuuky/nuuky/components/CreateRoomModal.tsx","statementMap":{"0":{"start":{"line":27,"column":46},"end":{"line":27,"column":70}},"1":{"start":{"line":36,"column":63},"end":{"line":184,"column":1}},"2":{"start":{"line":42,"column":28},"end":{"line":42,"column":38}},"3":{"start":{"line":43,"column":17},"end":{"line":43,"column":36}},"4":{"start":{"line":44,"column":34},"end":{"line":44,"column":46}},"5":{"start":{"line":46,"column":18},"end":{"line":46,"column":65}},"6":{"start":{"line":47,"column":18},"end":{"line":47,"column":65}},"7":{"start":{"line":49,"column":19},"end":{"line":49,"column":36}},"8":{"start":{"line":51,"column":2},"end":{"line":57,"column":16}},"9":{"start":{"line":52,"column":4},"end":{"line":56,"column":5}},"10":{"start":{"line":53,"column":6},"end":{"line":53,"column":90}},"11":{"start":{"line":55,"column":6},"end":{"line":55,"column":25}},"12":{"start":{"line":59,"column":22},"end":{"line":63,"column":15}},"13":{"start":{"line":60,"column":4},"end":{"line":62,"column":7}},"14":{"start":{"line":61,"column":6},"end":{"line":61,"column":25}},"15":{"start":{"line":65,"column":20},"end":{"line":65,"column":46}},"16":{"start":{"line":67,"column":23},"end":{"line":73,"column":3}},"17":{"start":{"line":68,"column":4},"end":{"line":68,"column":27}},"18":{"start":{"line":68,"column":20},"end":{"line":68,"column":27}},"19":{"start":{"line":69,"column":4},"end":{"line":69,"column":59}},"20":{"start":{"line":70,"column":4},"end":{"line":70,"column":36}},"21":{"start":{"line":71,"column":4},"end":{"line":71,"column":20}},"22":{"start":{"line":72,"column":4},"end":{"line":72,"column":18}},"23":{"start":{"line":75,"column":23},"end":{"line":79,"column":3}},"24":{"start":{"line":76,"column":4},"end":{"line":76,"column":59}},"25":{"start":{"line":77,"column":4},"end":{"line":77,"column":20}},"26":{"start":{"line":78,"column":4},"end":{"line":78,"column":18}},"27":{"start":{"line":81,"column":24},"end":{"line":91,"column":4}},"28":{"start":{"line":82,"column":14},"end":{"line":82,"column":28}},"29":{"start":{"line":83,"column":4},"end":{"line":90,"column":6}},"30":{"start":{"line":93,"column":24},"end":{"line":95,"column":5}},"31":{"start":{"line":93,"column":48},"end":{"line":95,"column":3}},"32":{"start":{"line":97,"column":2},"end":{"line":183,"column":4}},"33":{"start":{"line":186,"column":15},"end":{"line":266,"column":2}}},"fnMap":{"0":{"name":"(anonymous_0)","decl":{"start":{"line":36,"column":63},"end":{"line":36,"column":64}},"loc":{"start":{"line":41,"column":6},"end":{"line":184,"column":1}},"line":41},"1":{"name":"(anonymous_1)","decl":{"start":{"line":51,"column":12},"end":{"line":51,"column":13}},"loc":{"start":{"line":51,"column":18},"end":{"line":57,"column":3}},"line":51},"2":{"name":"(anonymous_2)","decl":{"start":{"line":59,"column":34},"end":{"line":59,"column":35}},"loc":{"start":{"line":59,"column":40},"end":{"line":63,"column":3}},"line":59},"3":{"name":"(anonymous_3)","decl":{"start":{"line":60,"column":87},"end":{"line":60,"column":88}},"loc":{"start":{"line":60,"column":93},"end":{"line":62,"column":5}},"line":60},"4":{"name":"(anonymous_4)","decl":{"start":{"line":67,"column":23},"end":{"line":67,"column":24}},"loc":{"start":{"line":67,"column":29},"end":{"line":73,"column":3}},"line":67},"5":{"name":"(anonymous_5)","decl":{"start":{"line":75,"column":23},"end":{"line":75,"column":24}},"loc":{"start":{"line":75,"column":29},"end":{"line":79,"column":3}},"line":75},"6":{"name":"(anonymous_6)","decl":{"start":{"line":81,"column":41},"end":{"line":81,"column":42}},"loc":{"start":{"line":81,"column":47},"end":{"line":91,"column":3}},"line":81},"7":{"name":"(anonymous_7)","decl":{"start":{"line":93,"column":41},"end":{"line":93,"column":42}},"loc":{"start":{"line":93,"column":48},"end":{"line":95,"column":3}},"line":93}},"branchMap":{"0":{"loc":{"start":{"line":46,"column":19},"end":{"line":46,"column":49}},"type":"binary-expr","locations":[{"start":{"line":46,"column":19},"end":{"line":46,"column":33}},{"start":{"line":46,"column":37},"end":{"line":46,"column":49}}],"line":46},"1":{"loc":{"start":{"line":47,"column":19},"end":{"line":47,"column":49}},"type":"binary-expr","locations":[{"start":{"line":47,"column":19},"end":{"line":47,"column":33}},{"start":{"line":47,"column":37},"end":{"line":47,"column":49}}],"line":47},"2":{"loc":{"start":{"line":52,"column":4},"end":{"line":56,"column":5}},"type":"if","locations":[{"start":{"line":52,"column":4},"end":{"line":56,"column":5}},{"start":{"line":54,"column":11},"end":{"line":56,"column":5}}],"line":52},"3":{"loc":{"start":{"line":68,"column":4},"end":{"line":68,"column":27}},"type":"if","locations":[{"start":{"line":68,"column":4},"end":{"line":68,"column":27}},{"start":{},"end":{}}],"line":68},"4":{"loc":{"start":{"line":114,"column":22},"end":{"line":114,"column":66}},"type":"cond-expr","locations":[{"start":{"line":114,"column":46},"end":{"line":114,"column":55}},{"start":{"line":114,"column":58},"end":{"line":114,"column":66}}],"line":114},"5":{"loc":{"start":{"line":164,"column":37},"end":{"line":164,"column":95}},"type":"cond-expr","locations":[{"start":{"line":164,"column":49},"end":{"line":164,"column":63}},{"start":{"line":164,"column":66},"end":{"line":164,"column":95}}],"line":164},"6":{"loc":{"start":{"line":172,"column":29},"end":{"line":172,"column":90}},"type":"cond-expr","locations":[{"start":{"line":172,"column":41},"end":{"line":172,"column":61}},{"start":{"line":172,"column":64},"end":{"line":172,"column":90}}],"line":172}},"s":{"0":1,"1":1,"2":8,"3":8,"4":8,"5":8,"6":8,"7":8,"8":8,"9":6,"10":6,"11":0,"12":8,"13":2,"14":2,"15":8,"16":8,"17":1,"18":0,"19":1,"20":1,"21":1,"22":1,"23":8,"24":1,"25":1,"26":1,"27":8,"28":0,"29":0,"30":8,"31":0,"32":8,"33":1},"f":{"0":8,"1":6,"2":2,"3":2,"4":1,"5":1,"6":0,"7":0},"b":{"0":[8,8],"1":[8,8],"2":[6,0],"3":[0,1],"4":[8,0],"5":[1,7],"6":[1,7]},"_coverageSchema":"1a1c01bbd47fc00a2c39e90264f33305004495a9","hash":"b773b82ba7b9d9add5a4a50cf0c64a352b368a6e"}
,"/Users/crax/DEVELOPMENT/Nuuky/nuuky/components/CustomMoodCard.tsx": {"path":"/Users/crax/DEVELOPMENT/Nuuky/nuuky/components/CustomMoodCard.tsx","statementMap":{"0":{"start":{"line":14,"column":61},"end":{"line":79,"column":1}},"1":{"start":{"line":20,"column":21},"end":{"line":20,"column":57}},"2":{"start":{"line":22,"column":26},"end":{"line":38,"column":3}},"3":{"start":{"line":23,"column":4},"end":{"line":37,"column":6}},"4":{"start":{"line":40,"column":2},"end":{"line":78,"column":4}},"5":{"start":{"line":81,"column":15},"end":{"line":123,"column":2}}},"fnMap":{"0":{"name":"(anonymous_0)","decl":{"start":{"line":14,"column":61},"end":{"line":14,"column":62}},"loc":{"start":{"line":19,"column":6},"end":{"line":79,"column":1}},"line":19},"1":{"name":"(anonymous_1)","decl":{"start":{"line":22,"column":26},"end":{"line":22,"column":27}},"loc":{"start":{"line":22,"column":32},"end":{"line":38,"column":3}},"line":22}},"branchMap":{"0":{"loc":{"start":{"line":48,"column":16},"end":{"line":48,"column":62}},"type":"cond-expr","locations":[{"start":{"line":48,"column":29},"end":{"line":48,"column":45}},{"start":{"line":48,"column":48},"end":{"line":48,"column":62}}],"line":48},"1":{"loc":{"start":{"line":52,"column":25},"end":{"line":52,"column":72}},"type":"cond-expr","locations":[{"start":{"line":52,"column":38},"end":{"line":52,"column":53}},{"start":{"line":52,"column":56},"end":{"line":52,"column":72}}],"line":52},"2":{"loc":{"start":{"line":53,"column":25},"end":{"line":53,"column":43}},"type":"cond-expr","locations":[{"start":{"line":53,"column":38},"end":{"line":53,"column":39}},{"start":{"line":53,"column":42},"end":{"line":53,"column":43}}],"line":53},"3":{"loc":{"start":{"line":71,"column":9},"end":{"line":75,"column":9}},"type":"binary-expr","locations":[{"start":{"line":71,"column":9},"end":{"line":71,"column":19}},{"start":{"line":72,"column":10},"end":{"line":74,"column":17}}],"line":71}},"s":{"0":1,"1":5,"2":5,"3":1,"4":5,"5":1},"f":{"0":5,"1":1},"b":{"0":[1,4],"1":[1,4],"2":[1,4],"3":[5,1]},"_coverageSchema":"1a1c01bbd47fc00a2c39e90264f33305004495a9","hash":"0da52b948f860f09d42604eb6993688ca465125e"}
,"/Users/crax/DEVELOPMENT/Nuuky/nuuky/components/CustomMoodEditor.tsx": {"path":"/Users/crax/DEVELOPMENT/Nuuky/nuuky/components/CustomMoodEditor.tsx","statementMap":{"0":{"start":{"line":29,"column":46},"end":{"line":29,"column":70}},"1":{"start":{"line":41,"column":65},"end":{"line":223,"column":1}},"2":{"start":{"line":50,"column":28},"end":{"line":50,"column":38}},"3":{"start":{"line":51,"column":17},"end":{"line":51,"column":36}},"4":{"start":{"line":52,"column":28},"end":{"line":52,"column":50}},"5":{"start":{"line":53,"column":26},"end":{"line":53,"column":47}},"6":{"start":{"line":55,"column":18},"end":{"line":55,"column":65}},"7":{"start":{"line":56,"column":18},"end":{"line":56,"column":65}},"8":{"start":{"line":58,"column":19},"end":{"line":58,"column":36}},"9":{"start":{"line":60,"column":2},"end":{"line":68,"column":16}},"10":{"start":{"line":61,"column":4},"end":{"line":67,"column":5}},"11":{"start":{"line":62,"column":6},"end":{"line":62,"column":29}},"12":{"start":{"line":63,"column":6},"end":{"line":63,"column":27}},"13":{"start":{"line":64,"column":6},"end":{"line":64,"column":79}},"14":{"start":{"line":66,"column":6},"end":{"line":66,"column":25}},"15":{"start":{"line":70,"column":21},"end":{"line":78,"column":23}},"16":{"start":{"line":71,"column":4},"end":{"line":77,"column":7}},"17":{"start":{"line":72,"column":6},"end":{"line":76,"column":7}},"18":{"start":{"line":73,"column":8},"end":{"line":73,"column":26}},"19":{"start":{"line":75,"column":8},"end":{"line":75,"column":27}},"20":{"start":{"line":80,"column":18},"end":{"line":80,"column":67}},"21":{"start":{"line":82,"column":21},"end":{"line":105,"column":3}},"22":{"start":{"line":83,"column":25},"end":{"line":83,"column":37}},"23":{"start":{"line":85,"column":4},"end":{"line":88,"column":5}},"24":{"start":{"line":86,"column":6},"end":{"line":86,"column":61}},"25":{"start":{"line":87,"column":6},"end":{"line":87,"column":13}},"26":{"start":{"line":90,"column":4},"end":{"line":93,"column":5}},"27":{"start":{"line":91,"column":6},"end":{"line":91,"column":68}},"28":{"start":{"line":92,"column":6},"end":{"line":92,"column":13}},"29":{"start":{"line":95,"column":4},"end":{"line":98,"column":5}},"30":{"start":{"line":96,"column":6},"end":{"line":96,"column":86}},"31":{"start":{"line":97,"column":6},"end":{"line":97,"column":13}},"32":{"start":{"line":100,"column":4},"end":{"line":100,"column":59}},"33":{"start":{"line":101,"column":4},"end":{"line":101,"column":65}},"34":{"start":{"line":102,"column":4},"end":{"line":104,"column":7}},"35":{"start":{"line":103,"column":6},"end":{"line":103,"column":25}},"36":{"start":{"line":107,"column":24},"end":{"line":117,"column":4}},"37":{"start":{"line":108,"column":14},"end":{"line":108,"column":28}},"38":{"start":{"line":109,"column":4},"end":{"line":116,"column":6}},"39":{"start":{"line":119,"column":24},"end":{"line":121,"column":5}},"40":{"start":{"line":119,"column":48},"end":{"line":121,"column":3}},"41":{"start":{"line":123,"column":2},"end":{"line":222,"column":4}},"42":{"start":{"line":225,"column":15},"end":{"line":309,"column":2}}},"fnMap":{"0":{"name":"(anonymous_0)","decl":{"start":{"line":41,"column":65},"end":{"line":41,"column":66}},"loc":{"start":{"line":49,"column":6},"end":{"line":223,"column":1}},"line":49},"1":{"name":"(anonymous_1)","decl":{"start":{"line":60,"column":12},"end":{"line":60,"column":13}},"loc":{"start":{"line":60,"column":18},"end":{"line":68,"column":3}},"line":60},"2":{"name":"(anonymous_2)","decl":{"start":{"line":70,"column":33},"end":{"line":70,"column":34}},"loc":{"start":{"line":70,"column":39},"end":{"line":78,"column":3}},"line":70},"3":{"name":"(anonymous_3)","decl":{"start":{"line":71,"column":77},"end":{"line":71,"column":78}},"loc":{"start":{"line":71,"column":83},"end":{"line":77,"column":5}},"line":71},"4":{"name":"(anonymous_4)","decl":{"start":{"line":82,"column":21},"end":{"line":82,"column":22}},"loc":{"start":{"line":82,"column":27},"end":{"line":105,"column":3}},"line":82},"5":{"name":"(anonymous_5)","decl":{"start":{"line":102,"column":77},"end":{"line":102,"column":78}},"loc":{"start":{"line":102,"column":83},"end":{"line":104,"column":5}},"line":102},"6":{"name":"(anonymous_6)","decl":{"start":{"line":107,"column":41},"end":{"line":107,"column":42}},"loc":{"start":{"line":107,"column":47},"end":{"line":117,"column":3}},"line":107},"7":{"name":"(anonymous_7)","decl":{"start":{"line":119,"column":41},"end":{"line":119,"column":42}},"loc":{"start":{"line":119,"column":48},"end":{"line":121,"column":3}},"line":119}},"branchMap":{"0":{"loc":{"start":{"line":46,"column":2},"end":{"line":46,"column":19}},"type":"default-arg","locations":[{"start":{"line":46,"column":17},"end":{"line":46,"column":19}}],"line":46},"1":{"loc":{"start":{"line":47,"column":2},"end":{"line":47,"column":18}},"type":"default-arg","locations":[{"start":{"line":47,"column":16},"end":{"line":47,"column":18}}],"line":47},"2":{"loc":{"start":{"line":55,"column":19},"end":{"line":55,"column":49}},"type":"binary-expr","locations":[{"start":{"line":55,"column":19},"end":{"line":55,"column":33}},{"start":{"line":55,"column":37},"end":{"line":55,"column":49}}],"line":55},"3":{"loc":{"start":{"line":56,"column":19},"end":{"line":56,"column":49}},"type":"binary-expr","locations":[{"start":{"line":56,"column":19},"end":{"line":56,"column":33}},{"start":{"line":56,"column":37},"end":{"line":56,"column":49}}],"line":56},"4":{"loc":{"start":{"line":61,"column":4},"end":{"line":67,"column":5}},"type":"if","locations":[{"start":{"line":61,"column":4},"end":{"line":67,"column":5}},{"start":{"line":65,"column":11},"end":{"line":67,"column":5}}],"line":61},"5":{"loc":{"start":{"line":72,"column":6},"end":{"line":76,"column":7}},"type":"if","locations":[{"start":{"line":72,"column":6},"end":{"line":76,"column":7}},{"start":{"line":74,"column":13},"end":{"line":76,"column":7}}],"line":72},"6":{"loc":{"start":{"line":80,"column":18},"end":{"line":80,"column":67}},"type":"binary-expr","locations":[{"start":{"line":80,"column":18},"end":{"line":80,"column":41}},{"start":{"line":80,"column":45},"end":{"line":80,"column":67}}],"line":80},"7":{"loc":{"start":{"line":85,"column":4},"end":{"line":88,"column":5}},"type":"if","locations":[{"start":{"line":85,"column":4},"end":{"line":88,"column":5}},{"start":{},"end":{}}],"line":85},"8":{"loc":{"start":{"line":90,"column":4},"end":{"line":93,"column":5}},"type":"if","locations":[{"start":{"line":90,"column":4},"end":{"line":93,"column":5}},{"start":{},"end":{}}],"line":90},"9":{"loc":{"start":{"line":90,"column":8},"end":{"line":90,"column":39}},"type":"binary-expr","locations":[{"start":{"line":90,"column":8},"end":{"line":90,"column":13}},{"start":{"line":90,"column":17},"end":{"line":90,"column":39}}],"line":90},"10":{"loc":{"start":{"line":95,"column":4},"end":{"line":98,"column":5}},"type":"if","locations":[{"start":{"line":95,"column":4},"end":{"line":98,"column":5}},{"start":{},"end":{}}],"line":95},"11":{"loc":{"start":{"line":161,"column":22},"end":{"line":161,"column":66}},"type":"cond-expr","locations":[{"start":{"line":161,"column":46},"end":{"line":161,"column":55}},{"start":{"line":161,"column":58},"end":{"line":161,"column":66}}],"line":161},"12":{"loc":{"start":{"line":203,"column":37},"end":{"line":203,"column":93}},"type":"cond-expr","locations":[{"start":{"line":203,"column":47},"end":{"line":203,"column":61}},{"start":{"line":203,"column":64},"end":{"line":203,"column":93}}],"line":203},"13":{"loc":{"start":{"line":211,"column":29},"end":{"line":211,"column":88}},"type":"cond-expr","locations":[{"start":{"line":211,"column":39},"end":{"line":211,"column":59}},{"start":{"line":211,"column":62},"end":{"line":211,"column":88}}],"line":211}},"s":{"0":1,"1":1,"2":14,"3":14,"4":14,"5":14,"6":14,"7":14,"8":14,"9":14,"10":12,"11":12,"12":12,"13":12,"14":0,"15":14,"16":2,"17":2,"18":1,"19":1,"20":14,"21":14,"22":1,"23":1,"24":0,"25":0,"26":1,"27":0,"28":0,"29":1,"30":0,"31":0,"32":1,"33":1,"34":1,"35":1,"36":14,"37":0,"38":0,"39":14,"40":0,"41":14,"42":1},"f":{"0":14,"1":12,"2":2,"3":2,"4":1,"5":1,"6":0,"7":0},"b":{"0":[11],"1":[13],"2":[14,14],"3":[14,14],"4":[12,0],"5":[1,1],"6":[14,3],"7":[0,1],"8":[0,1],"9":[1,1],"10":[0,1],"11":[14,0],"12":[1,13],"13":[1,13]},"_coverageSchema":"1a1c01bbd47fc00a2c39e90264f33305004495a9","hash":"8b21a0b41797797b2b22e23923dbcf2c80959a76"}
,"/Users/crax/DEVELOPMENT/Nuuky/nuuky/components/ElectricBolt.tsx": {"path":"/Users/crax/DEVELOPMENT/Nuuky/nuuky/components/ElectricBolt.tsx","statementMap":{"0":{"start":{"line":17,"column":17},"end":{"line":17,"column":19}},"1":{"start":{"line":18,"column":19},"end":{"line":18,"column":20}},"2":{"start":{"line":26,"column":13},"end":{"line":26,"column":24}},"3":{"start":{"line":27,"column":13},"end":{"line":27,"column":24}},"4":{"start":{"line":28,"column":17},"end":{"line":28,"column":45}},"5":{"start":{"line":29,"column":2},"end":{"line":29,"column":30}},"6":{"start":{"line":29,"column":20},"end":{"line":29,"column":30}},"7":{"start":{"line":31,"column":13},"end":{"line":31,"column":24}},"8":{"start":{"line":32,"column":13},"end":{"line":32,"column":24}},"9":{"start":{"line":33,"column":13},"end":{"line":33,"column":16}},"10":{"start":{"line":34,"column":13},"end":{"line":34,"column":15}},"11":{"start":{"line":36,"column":27},"end":{"line":36,"column":50}},"12":{"start":{"line":38,"column":2},"end":{"line":46,"column":3}},"13":{"start":{"line":38,"column":15},"end":{"line":38,"column":16}},"14":{"start":{"line":39,"column":14},"end":{"line":39,"column":32}},"15":{"start":{"line":40,"column":18},"end":{"line":40,"column":39}},"16":{"start":{"line":41,"column":19},"end":{"line":41,"column":63}},"17":{"start":{"line":43,"column":14},"end":{"line":43,"column":42}},"18":{"start":{"line":44,"column":14},"end":{"line":44,"column":42}},"19":{"start":{"line":45,"column":4},"end":{"line":45,"column":53}},"20":{"start":{"line":48,"column":2},"end":{"line":48,"column":33}},"21":{"start":{"line":49,"column":2},"end":{"line":49,"column":26}},"22":{"start":{"line":61,"column":21},"end":{"line":61,"column":31}},"23":{"start":{"line":62,"column":28},"end":{"line":62,"column":84}},"24":{"start":{"line":62,"column":43},"end":{"line":62,"column":83}},"25":{"start":{"line":63,"column":22},"end":{"line":63,"column":89}},"26":{"start":{"line":66,"column":2},"end":{"line":72,"column":38}},"27":{"start":{"line":67,"column":21},"end":{"line":67,"column":51}},"28":{"start":{"line":68,"column":15},"end":{"line":70,"column":16}},"29":{"start":{"line":69,"column":6},"end":{"line":69,"column":57}},"30":{"start":{"line":71,"column":4},"end":{"line":71,"column":35}},"31":{"start":{"line":71,"column":17},"end":{"line":71,"column":34}},"32":{"start":{"line":75,"column":2},"end":{"line":98,"column":14}},"33":{"start":{"line":76,"column":16},"end":{"line":76,"column":46}},"34":{"start":{"line":77,"column":16},"end":{"line":77,"column":46}},"35":{"start":{"line":78,"column":21},"end":{"line":78,"column":52}},"36":{"start":{"line":80,"column":22},"end":{"line":95,"column":5}},"37":{"start":{"line":96,"column":4},"end":{"line":96,"column":22}},"38":{"start":{"line":97,"column":4},"end":{"line":97,"column":34}},"39":{"start":{"line":97,"column":17},"end":{"line":97,"column":33}},"40":{"start":{"line":101,"column":22},"end":{"line":101,"column":62}},"41":{"start":{"line":102,"column":21},"end":{"line":102,"column":45}},"42":{"start":{"line":104,"column":2},"end":{"line":144,"column":4}},"43":{"start":{"line":147,"column":28},"end":{"line":147,"column":55}}},"fnMap":{"0":{"name":"generateBoltPath","decl":{"start":{"line":20,"column":9},"end":{"line":20,"column":25}},"loc":{"start":{"line":25,"column":10},"end":{"line":50,"column":1}},"line":25},"1":{"name":"ElectricBoltComponent","decl":{"start":{"line":52,"column":9},"end":{"line":52,"column":30}},"loc":{"start":{"line":60,"column":22},"end":{"line":145,"column":1}},"line":60},"2":{"name":"(anonymous_2)","decl":{"start":{"line":62,"column":37},"end":{"line":62,"column":38}},"loc":{"start":{"line":62,"column":43},"end":{"line":62,"column":83}},"line":62},"3":{"name":"(anonymous_3)","decl":{"start":{"line":66,"column":12},"end":{"line":66,"column":13}},"loc":{"start":{"line":66,"column":18},"end":{"line":72,"column":3}},"line":66},"4":{"name":"(anonymous_4)","decl":{"start":{"line":68,"column":27},"end":{"line":68,"column":28}},"loc":{"start":{"line":68,"column":33},"end":{"line":70,"column":5}},"line":68},"5":{"name":"(anonymous_5)","decl":{"start":{"line":71,"column":11},"end":{"line":71,"column":12}},"loc":{"start":{"line":71,"column":17},"end":{"line":71,"column":34}},"line":71},"6":{"name":"(anonymous_6)","decl":{"start":{"line":75,"column":12},"end":{"line":75,"column":13}},"loc":{"start":{"line":75,"column":18},"end":{"line":98,"column":3}},"line":75},"7":{"name":"(anonymous_7)","decl":{"start":{"line":97,"column":11},"end":{"line":97,"column":12}},"loc":{"start":{"line":97,"column":17},"end":{"line":97,"column":33}},"line":97}},"branchMap":{"0":{"loc":{"start":{"line":29,"column":2},"end":{"line":29,"column":30}},"type":"if","locations":[{"start":{"line":29,"column":2},"end":{"line":29,"column":30}},{"start":{},"end":{}}],"line":29},"1":{"loc":{"start":{"line":63,"column":48},"end":{"line":63,"column":79}},"type":"cond-expr","locations":[{"start":{"line":63,"column":69},"end":{"line":63,"column":73}},{"start":{"line":63,"column":76},"end":{"line":63,"column":79}}],"line":63},"2":{"loc":{"start":{"line":67,"column":21},"end":{"line":67,"column":51}},"type":"cond-expr","locations":[{"start":{"line":67,"column":42},"end":{"line":67,"column":45}},{"start":{"line":67,"column":48},"end":{"line":67,"column":51}}],"line":67},"3":{"loc":{"start":{"line":76,"column":16},"end":{"line":76,"column":46}},"type":"cond-expr","locations":[{"start":{"line":76,"column":37},"end":{"line":76,"column":40}},{"start":{"line":76,"column":43},"end":{"line":76,"column":46}}],"line":76},"4":{"loc":{"start":{"line":77,"column":16},"end":{"line":77,"column":46}},"type":"cond-expr","locations":[{"start":{"line":77,"column":37},"end":{"line":77,"column":40}},{"start":{"line":77,"column":43},"end":{"line":77,"column":46}}],"line":77},"5":{"loc":{"start":{"line":78,"column":21},"end":{"line":78,"column":52}},"type":"cond-expr","locations":[{"start":{"line":78,"column":42},"end":{"line":78,"column":45}},{"start":{"line":78,"column":48},"end":{"line":78,"column":52}}],"line":78},"6":{"loc":{"start":{"line":119,"column":40},"end":{"line":119,"column":94}},"type":"cond-expr","locations":[{"start":{"line":119,"column":61},"end":{"line":119,"column":70}},{"start":{"line":119,"column":73},"end":{"line":119,"column":94}}],"line":119},"7":{"loc":{"start":{"line":120,"column":42},"end":{"line":120,"column":97}},"type":"cond-expr","locations":[{"start":{"line":120,"column":63},"end":{"line":120,"column":72}},{"start":{"line":120,"column":75},"end":{"line":120,"column":97}}],"line":120},"8":{"loc":{"start":{"line":121,"column":40},"end":{"line":121,"column":95}},"type":"cond-expr","locations":[{"start":{"line":121,"column":61},"end":{"line":121,"column":70}},{"start":{"line":121,"column":73},"end":{"line":121,"column":95}}],"line":121},"9":{"loc":{"start":{"line":128,"column":23},"end":{"line":128,"column":88}},"type":"cond-expr","locations":[{"start":{"line":128,"column":44},"end":{"line":128,"column":74}},{"start":{"line":128,"column":77},"end":{"line":128,"column":88}}],"line":128},"10":{"loc":{"start":{"line":136,"column":18},"end":{"line":136,"column":70}},"type":"cond-expr","locations":[{"start":{"line":136,"column":27},"end":{"line":136,"column":50}},{"start":{"line":136,"column":53},"end":{"line":136,"column":70}}],"line":136},"11":{"loc":{"start":{"line":137,"column":23},"end":{"line":137,"column":83}},"type":"cond-expr","locations":[{"start":{"line":137,"column":44},"end":{"line":137,"column":47}},{"start":{"line":137,"column":50},"end":{"line":137,"column":83}}],"line":137}},"s":{"0":1,"1":1,"2":3,"3":3,"4":3,"5":3,"6":1,"7":2,"8":2,"9":2,"10":2,"11":2,"12":2,"13":2,"14":24,"15":24,"16":24,"17":24,"18":24,"19":24,"20":2,"21":2,"22":3,"23":3,"24":3,"25":3,"26":3,"27":3,"28":3,"29":0,"30":3,"31":3,"32":3,"33":3,"34":3,"35":3,"36":3,"37":3,"38":3,"39":3,"40":3,"41":3,"42":3,"43":1},"f":{"0":3,"1":3,"2":3,"3":3,"4":0,"5":3,"6":3,"7":3},"b":{"0":[1,2],"1":[2,1],"2":[2,1],"3":[2,1],"4":[2,1],"5":[2,1],"6":[2,1],"7":[2,1],"8":[2,1],"9":[1,2],"10":[3,0],"11":[1,2]},"_coverageSchema":"1a1c01bbd47fc00a2c39e90264f33305004495a9","hash":"8794cb2773995da8f8c3b891ea258cd414efe7ac"}
,"/Users/crax/DEVELOPMENT/Nuuky/nuuky/components/EmojiInput.tsx": {"path":"/Users/crax/DEVELOPMENT/Nuuky/nuuky/components/EmojiInput.tsx","statementMap":{"0":{"start":{"line":7,"column":23},"end":{"line":11,"column":1}},"1":{"start":{"line":19,"column":53},"end":{"line":111,"column":1}},"2":{"start":{"line":23,"column":20},"end":{"line":23,"column":30}},"3":{"start":{"line":24,"column":19},"end":{"line":24,"column":42}},"4":{"start":{"line":25,"column":46},"end":{"line":25,"column":61}},"5":{"start":{"line":27,"column":27},"end":{"line":42,"column":3}},"6":{"start":{"line":28,"column":4},"end":{"line":38,"column":5}},"7":{"start":{"line":29,"column":25},"end":{"line":29,"column":95}},"8":{"start":{"line":30,"column":22},"end":{"line":30,"column":52}},"9":{"start":{"line":31,"column":24},"end":{"line":31,"column":56}},"10":{"start":{"line":32,"column":6},"end":{"line":37,"column":7}},"11":{"start":{"line":33,"column":8},"end":{"line":33,"column":33}},"12":{"start":{"line":34,"column":8},"end":{"line":34,"column":27}},"13":{"start":{"line":35,"column":8},"end":{"line":35,"column":33}},"14":{"start":{"line":36,"column":8},"end":{"line":36,"column":15}},"15":{"start":{"line":39,"column":4},"end":{"line":41,"column":10}},"16":{"start":{"line":40,"column":6},"end":{"line":40,"column":53}},"17":{"start":{"line":44,"column":29},"end":{"line":49,"column":3}},"18":{"start":{"line":45,"column":4},"end":{"line":45,"column":28}},"19":{"start":{"line":46,"column":4},"end":{"line":48,"column":12}},"20":{"start":{"line":47,"column":6},"end":{"line":47,"column":32}},"21":{"start":{"line":51,"column":2},"end":{"line":110,"column":4}},"22":{"start":{"line":77,"column":12},"end":{"line":92,"column":31}},"23":{"start":{"line":88,"column":29},"end":{"line":88,"column":49}},"24":{"start":{"line":106,"column":24},"end":{"line":106,"column":48}},"25":{"start":{"line":113,"column":15},"end":{"line":154,"column":2}}},"fnMap":{"0":{"name":"(anonymous_0)","decl":{"start":{"line":19,"column":53},"end":{"line":19,"column":54}},"loc":{"start":{"line":22,"column":6},"end":{"line":111,"column":1}},"line":22},"1":{"name":"(anonymous_1)","decl":{"start":{"line":27,"column":27},"end":{"line":27,"column":28}},"loc":{"start":{"line":27,"column":45},"end":{"line":42,"column":3}},"line":27},"2":{"name":"(anonymous_2)","decl":{"start":{"line":39,"column":15},"end":{"line":39,"column":16}},"loc":{"start":{"line":39,"column":21},"end":{"line":41,"column":5}},"line":39},"3":{"name":"(anonymous_3)","decl":{"start":{"line":44,"column":29},"end":{"line":44,"column":30}},"loc":{"start":{"line":44,"column":35},"end":{"line":49,"column":3}},"line":44},"4":{"name":"(anonymous_4)","decl":{"start":{"line":46,"column":15},"end":{"line":46,"column":16}},"loc":{"start":{"line":46,"column":21},"end":{"line":48,"column":5}},"line":46},"5":{"name":"(anonymous_5)","decl":{"start":{"line":76,"column":30},"end":{"line":76,"column":31}},"loc":{"start":{"line":77,"column":12},"end":{"line":92,"column":31}},"line":77},"6":{"name":"(anonymous_6)","decl":{"start":{"line":88,"column":23},"end":{"line":88,"column":24}},"loc":{"start":{"line":88,"column":29},"end":{"line":88,"column":49}},"line":88},"7":{"name":"(anonymous_7)","decl":{"start":{"line":106,"column":18},"end":{"line":106,"column":19}},"loc":{"start":{"line":106,"column":24},"end":{"line":106,"column":48}},"line":106}},"branchMap":{"0":{"loc":{"start":{"line":28,"column":4},"end":{"line":38,"column":5}},"type":"if","locations":[{"start":{"line":28,"column":4},"end":{"line":38,"column":5}},{"start":{},"end":{}}],"line":28},"1":{"loc":{"start":{"line":32,"column":6},"end":{"line":37,"column":7}},"type":"if","locations":[{"start":{"line":32,"column":6},"end":{"line":37,"column":7}},{"start":{},"end":{}}],"line":32},"2":{"loc":{"start":{"line":62,"column":11},"end":{"line":66,"column":11}},"type":"cond-expr","locations":[{"start":{"line":63,"column":12},"end":{"line":63,"column":61}},{"start":{"line":65,"column":12},"end":{"line":65,"column":91}}],"line":62},"3":{"loc":{"start":{"line":82,"column":16},"end":{"line":86,"column":17}},"type":"binary-expr","locations":[{"start":{"line":82,"column":16},"end":{"line":82,"column":31}},{"start":{"line":82,"column":35},"end":{"line":86,"column":17}}],"line":82},"4":{"loc":{"start":{"line":97,"column":7},"end":{"line":108,"column":7}},"type":"binary-expr","locations":[{"start":{"line":97,"column":7},"end":{"line":97,"column":21}},{"start":{"line":98,"column":8},"end":{"line":107,"column":10}}],"line":97}},"s":{"0":1,"1":1,"2":3,"3":3,"4":3,"5":3,"6":0,"7":0,"8":0,"9":0,"10":0,"11":0,"12":0,"13":0,"14":0,"15":0,"16":0,"17":3,"18":0,"19":0,"20":0,"21":3,"22":72,"23":1,"24":0,"25":1},"f":{"0":3,"1":0,"2":0,"3":0,"4":0,"5":72,"6":1,"7":0},"b":{"0":[0,0],"1":[0,0],"2":[1,2],"3":[72,1],"4":[3,0]},"_coverageSchema":"1a1c01bbd47fc00a2c39e90264f33305004495a9","hash":"f16207131fe986c259b4bc88a2247fb46adcbf99"}
,"/Users/crax/DEVELOPMENT/Nuuky/nuuky/components/ErrorBoundary.tsx": {"path":"/Users/crax/DEVELOPMENT/Nuuky/nuuky/components/ErrorBoundary.tsx","statementMap":{"0":{"start":{"line":21,"column":22},"end":{"line":21,"column":38}},"1":{"start":{"line":22,"column":16},"end":{"line":22,"column":68}},"2":{"start":{"line":24,"column":2},"end":{"line":62,"column":4}},"3":{"start":{"line":67,"column":4},"end":{"line":67,"column":17}},"4":{"start":{"line":68,"column":4},"end":{"line":68,"column":50}},"5":{"start":{"line":72,"column":4},"end":{"line":72,"column":37}},"6":{"start":{"line":76,"column":4},"end":{"line":76,"column":69}},"7":{"start":{"line":77,"column":4},"end":{"line":77,"column":43}},"8":{"start":{"line":80,"column":16},"end":{"line":82,"column":3}},"9":{"start":{"line":81,"column":4},"end":{"line":81,"column":52}},"10":{"start":{"line":85,"column":4},"end":{"line":93,"column":5}},"11":{"start":{"line":86,"column":6},"end":{"line":88,"column":7}},"12":{"start":{"line":87,"column":8},"end":{"line":87,"column":35}},"13":{"start":{"line":90,"column":6},"end":{"line":92,"column":8}},"14":{"start":{"line":95,"column":4},"end":{"line":95,"column":31}},"15":{"start":{"line":99,"column":15},"end":{"line":152,"column":2}}},"fnMap":{"0":{"name":"ThemedErrorFallback","decl":{"start":{"line":20,"column":9},"end":{"line":20,"column":28}},"loc":{"start":{"line":20,"column":95},"end":{"line":63,"column":1}},"line":20},"1":{"name":"(anonymous_1)","decl":{"start":{"line":66,"column":2},"end":{"line":66,"column":3}},"loc":{"start":{"line":66,"column":28},"end":{"line":69,"column":3}},"line":66},"2":{"name":"(anonymous_2)","decl":{"start":{"line":71,"column":2},"end":{"line":71,"column":3}},"loc":{"start":{"line":71,"column":55},"end":{"line":73,"column":3}},"line":71},"3":{"name":"(anonymous_3)","decl":{"start":{"line":75,"column":2},"end":{"line":75,"column":3}},"loc":{"start":{"line":75,"column":62},"end":{"line":78,"column":3}},"line":75},"4":{"name":"(anonymous_4)","decl":{"start":{"line":80,"column":16},"end":{"line":80,"column":17}},"loc":{"start":{"line":80,"column":28},"end":{"line":82,"column":3}},"line":80},"5":{"name":"(anonymous_5)","decl":{"start":{"line":84,"column":2},"end":{"line":84,"column":3}},"loc":{"start":{"line":84,"column":22},"end":{"line":96,"column":3}},"line":84}},"branchMap":{"0":{"loc":{"start":{"line":22,"column":25},"end":{"line":22,"column":67}},"type":"cond-expr","locations":[{"start":{"line":22,"column":51},"end":{"line":22,"column":58}},{"start":{"line":22,"column":61},"end":{"line":22,"column":67}}],"line":22},"1":{"loc":{"start":{"line":36,"column":9},"end":{"line":42,"column":9}},"type":"binary-expr","locations":[{"start":{"line":36,"column":9},"end":{"line":36,"column":16}},{"start":{"line":36,"column":20},"end":{"line":36,"column":25}},{"start":{"line":37,"column":10},"end":{"line":41,"column":17}}],"line":36},"2":{"loc":{"start":{"line":85,"column":4},"end":{"line":93,"column":5}},"type":"if","locations":[{"start":{"line":85,"column":4},"end":{"line":93,"column":5}},{"start":{},"end":{}}],"line":85},"3":{"loc":{"start":{"line":86,"column":6},"end":{"line":88,"column":7}},"type":"if","locations":[{"start":{"line":86,"column":6},"end":{"line":88,"column":7}},{"start":{},"end":{}}],"line":86}},"s":{"0":4,"1":4,"2":4,"3":7,"4":7,"5":6,"6":3,"7":3,"8":7,"9":0,"10":13,"11":6,"12":2,"13":4,"14":7,"15":1},"f":{"0":4,"1":7,"2":6,"3":3,"4":0,"5":13},"b":{"0":[4,0],"1":[4,4,4],"2":[6,7],"3":[2,4]},"_coverageSchema":"1a1c01bbd47fc00a2c39e90264f33305004495a9","hash":"d7406a25be28dcfbc48e1a0729a452ab7b03b518"}
,"/Users/crax/DEVELOPMENT/Nuuky/nuuky/components/FlareButton.tsx": {"path":"/Users/crax/DEVELOPMENT/Nuuky/nuuky/components/FlareButton.tsx","statementMap":{"0":{"start":{"line":13,"column":55},"end":{"line":84,"column":1}},"1":{"start":{"line":18,"column":20},"end":{"line":18,"column":30}},"2":{"start":{"line":19,"column":20},"end":{"line":19,"column":63}},"3":{"start":{"line":21,"column":2},"end":{"line":49,"column":23}},"4":{"start":{"line":22,"column":61},"end":{"line":22,"column":65}},"5":{"start":{"line":24,"column":4},"end":{"line":43,"column":5}},"6":{"start":{"line":26,"column":6},"end":{"line":39,"column":8}},"7":{"start":{"line":40,"column":6},"end":{"line":40,"column":29}},"8":{"start":{"line":42,"column":6},"end":{"line":42,"column":28}},"9":{"start":{"line":46,"column":4},"end":{"line":48,"column":6}},"10":{"start":{"line":47,"column":6},"end":{"line":47,"column":29}},"11":{"start":{"line":51,"column":2},"end":{"line":83,"column":4}},"12":{"start":{"line":86,"column":15},"end":{"line":111,"column":2}}},"fnMap":{"0":{"name":"(anonymous_0)","decl":{"start":{"line":13,"column":55},"end":{"line":13,"column":56}},"loc":{"start":{"line":17,"column":6},"end":{"line":84,"column":1}},"line":17},"1":{"name":"(anonymous_1)","decl":{"start":{"line":21,"column":18},"end":{"line":21,"column":19}},"loc":{"start":{"line":21,"column":24},"end":{"line":49,"column":3}},"line":21},"2":{"name":"(anonymous_2)","decl":{"start":{"line":46,"column":11},"end":{"line":46,"column":12}},"loc":{"start":{"line":46,"column":17},"end":{"line":48,"column":5}},"line":46}},"branchMap":{"0":{"loc":{"start":{"line":15,"column":2},"end":{"line":15,"column":17}},"type":"default-arg","locations":[{"start":{"line":15,"column":12},"end":{"line":15,"column":17}}],"line":15},"1":{"loc":{"start":{"line":16,"column":2},"end":{"line":16,"column":24}},"type":"default-arg","locations":[{"start":{"line":16,"column":19},"end":{"line":16,"column":24}}],"line":16},"2":{"loc":{"start":{"line":24,"column":4},"end":{"line":43,"column":5}},"type":"if","locations":[{"start":{"line":24,"column":4},"end":{"line":43,"column":5}},{"start":{"line":41,"column":11},"end":{"line":43,"column":5}}],"line":24},"3":{"loc":{"start":{"line":56,"column":26},"end":{"line":56,"column":77}},"type":"cond-expr","locations":[{"start":{"line":56,"column":43},"end":{"line":56,"column":60}},{"start":{"line":56,"column":63},"end":{"line":56,"column":77}}],"line":56},"4":{"loc":{"start":{"line":61,"column":18},"end":{"line":61,"column":114}},"type":"cond-expr","locations":[{"start":{"line":61,"column":35},"end":{"line":61,"column":89}},{"start":{"line":61,"column":92},"end":{"line":61,"column":114}}],"line":61},"5":{"loc":{"start":{"line":65,"column":12},"end":{"line":65,"column":88}},"type":"binary-expr","locations":[{"start":{"line":65,"column":12},"end":{"line":65,"column":26}},{"start":{"line":65,"column":30},"end":{"line":65,"column":88}}],"line":65},"6":{"loc":{"start":{"line":66,"column":12},"end":{"line":66,"column":44}},"type":"binary-expr","locations":[{"start":{"line":66,"column":12},"end":{"line":66,"column":19}},{"start":{"line":66,"column":23},"end":{"line":66,"column":44}}],"line":66},"7":{"loc":{"start":{"line":70,"column":40},"end":{"line":70,"column":68}},"type":"cond-expr","locations":[{"start":{"line":70,"column":57},"end":{"line":70,"column":61}},{"start":{"line":70,"column":64},"end":{"line":70,"column":68}}],"line":70},"8":{"loc":{"start":{"line":73,"column":17},"end":{"line":73,"column":63}},"type":"cond-expr","locations":[{"start":{"line":73,"column":34},"end":{"line":73,"column":48}},{"start":{"line":73,"column":51},"end":{"line":73,"column":63}}],"line":73},"9":{"loc":{"start":{"line":76,"column":17},"end":{"line":76,"column":72}},"type":"cond-expr","locations":[{"start":{"line":76,"column":34},"end":{"line":76,"column":54}},{"start":{"line":76,"column":57},"end":{"line":76,"column":72}}],"line":76}},"s":{"0":1,"1":4,"2":4,"3":4,"4":4,"5":4,"6":2,"7":2,"8":2,"9":4,"10":4,"11":4,"12":1},"f":{"0":4,"1":4,"2":4},"b":{"0":[4],"1":[2],"2":[2,2],"3":[2,2],"4":[2,2],"5":[4,2],"6":[4,0],"7":[2,2],"8":[2,2],"9":[2,2]},"_coverageSchema":"1a1c01bbd47fc00a2c39e90264f33305004495a9","hash":"e05b02846d84bc52d2e901b176264a1d718d0e92"}
,"/Users/crax/DEVELOPMENT/Nuuky/nuuky/components/FriendActionBubble.tsx": {"path":"/Users/crax/DEVELOPMENT/Nuuky/nuuky/components/FriendActionBubble.tsx","statementMap":{"0":{"start":{"line":8,"column":32},"end":{"line":8,"column":56}},"1":{"start":{"line":29,"column":20},"end":{"line":29,"column":59}},"2":{"start":{"line":30,"column":22},"end":{"line":30,"column":59}},"3":{"start":{"line":33,"column":38},"end":{"line":33,"column":87}},"4":{"start":{"line":36,"column":21},"end":{"line":36,"column":58}},"5":{"start":{"line":37,"column":21},"end":{"line":37,"column":58}},"6":{"start":{"line":38,"column":20},"end":{"line":38,"column":57}},"7":{"start":{"line":39,"column":21},"end":{"line":39,"column":58}},"8":{"start":{"line":41,"column":2},"end":{"line":56,"column":9}},"9":{"start":{"line":43,"column":4},"end":{"line":55,"column":15}},"10":{"start":{"line":59,"column":22},"end":{"line":59,"column":25}},"11":{"start":{"line":60,"column":23},"end":{"line":60,"column":25}},"12":{"start":{"line":61,"column":18},"end":{"line":64,"column":3}},"13":{"start":{"line":65,"column":18},"end":{"line":65,"column":48}},"14":{"start":{"line":68,"column":18},"end":{"line":68,"column":32}},"15":{"start":{"line":69,"column":23},"end":{"line":69,"column":73}},"16":{"start":{"line":72,"column":21},"end":{"line":72,"column":41}},"17":{"start":{"line":74,"column":27},"end":{"line":100,"column":3}},"18":{"start":{"line":75,"column":4},"end":{"line":75,"column":27}},"19":{"start":{"line":75,"column":20},"end":{"line":75,"column":27}},"20":{"start":{"line":76,"column":4},"end":{"line":76,"column":59}},"21":{"start":{"line":79,"column":4},"end":{"line":99,"column":7}},"22":{"start":{"line":87,"column":6},"end":{"line":87,"column":29}},"23":{"start":{"line":88,"column":6},"end":{"line":88,"column":74}},"24":{"start":{"line":89,"column":6},"end":{"line":89,"column":16}},"25":{"start":{"line":90,"column":6},"end":{"line":90,"column":24}},"26":{"start":{"line":91,"column":6},"end":{"line":98,"column":9}},"27":{"start":{"line":92,"column":8},"end":{"line":97,"column":17}},"28":{"start":{"line":93,"column":10},"end":{"line":96,"column":13}},"29":{"start":{"line":94,"column":12},"end":{"line":94,"column":32}},"30":{"start":{"line":95,"column":12},"end":{"line":95,"column":115}},"31":{"start":{"line":102,"column":26},"end":{"line":138,"column":3}},"32":{"start":{"line":103,"column":4},"end":{"line":103,"column":27}},"33":{"start":{"line":103,"column":20},"end":{"line":103,"column":27}},"34":{"start":{"line":104,"column":4},"end":{"line":104,"column":59}},"35":{"start":{"line":107,"column":4},"end":{"line":137,"column":7}},"36":{"start":{"line":123,"column":6},"end":{"line":136,"column":9}},"37":{"start":{"line":124,"column":8},"end":{"line":124,"column":30}},"38":{"start":{"line":125,"column":8},"end":{"line":125,"column":76}},"39":{"start":{"line":126,"column":8},"end":{"line":126,"column":19}},"40":{"start":{"line":127,"column":8},"end":{"line":127,"column":26}},"41":{"start":{"line":128,"column":8},"end":{"line":135,"column":11}},"42":{"start":{"line":129,"column":10},"end":{"line":134,"column":19}},"43":{"start":{"line":130,"column":12},"end":{"line":133,"column":15}},"44":{"start":{"line":131,"column":14},"end":{"line":131,"column":34}},"45":{"start":{"line":132,"column":14},"end":{"line":132,"column":116}},"46":{"start":{"line":140,"column":27},"end":{"line":168,"column":3}},"47":{"start":{"line":141,"column":4},"end":{"line":141,"column":27}},"48":{"start":{"line":141,"column":20},"end":{"line":141,"column":27}},"49":{"start":{"line":142,"column":4},"end":{"line":142,"column":59}},"50":{"start":{"line":145,"column":4},"end":{"line":167,"column":7}},"51":{"start":{"line":153,"column":6},"end":{"line":153,"column":29}},"52":{"start":{"line":154,"column":6},"end":{"line":154,"column":74}},"53":{"start":{"line":155,"column":6},"end":{"line":155,"column":16}},"54":{"start":{"line":156,"column":6},"end":{"line":156,"column":24}},"55":{"start":{"line":158,"column":6},"end":{"line":166,"column":9}},"56":{"start":{"line":159,"column":8},"end":{"line":165,"column":17}},"57":{"start":{"line":161,"column":10},"end":{"line":164,"column":13}},"58":{"start":{"line":162,"column":12},"end":{"line":162,"column":32}},"59":{"start":{"line":163,"column":12},"end":{"line":163,"column":115}},"60":{"start":{"line":171,"column":24},"end":{"line":184,"column":3}},"61":{"start":{"line":172,"column":4},"end":{"line":183,"column":24}},"62":{"start":{"line":186,"column":2},"end":{"line":289,"column":4}},"63":{"start":{"line":292,"column":15},"end":{"line":383,"column":2}}},"fnMap":{"0":{"name":"FriendActionBubble","decl":{"start":{"line":20,"column":16},"end":{"line":20,"column":34}},"loc":{"start":{"line":28,"column":28},"end":{"line":290,"column":1}},"line":28},"1":{"name":"(anonymous_1)","decl":{"start":{"line":41,"column":12},"end":{"line":41,"column":13}},"loc":{"start":{"line":41,"column":18},"end":{"line":56,"column":3}},"line":41},"2":{"name":"(anonymous_2)","decl":{"start":{"line":74,"column":27},"end":{"line":74,"column":28}},"loc":{"start":{"line":74,"column":33},"end":{"line":100,"column":3}},"line":74},"3":{"name":"(anonymous_3)","decl":{"start":{"line":86,"column":13},"end":{"line":86,"column":14}},"loc":{"start":{"line":86,"column":19},"end":{"line":99,"column":5}},"line":86},"4":{"name":"(anonymous_4)","decl":{"start":{"line":91,"column":107},"end":{"line":91,"column":108}},"loc":{"start":{"line":91,"column":113},"end":{"line":98,"column":7}},"line":91},"5":{"name":"(anonymous_5)","decl":{"start":{"line":92,"column":19},"end":{"line":92,"column":20}},"loc":{"start":{"line":92,"column":25},"end":{"line":97,"column":9}},"line":92},"6":{"name":"(anonymous_6)","decl":{"start":{"line":93,"column":98},"end":{"line":93,"column":99}},"loc":{"start":{"line":93,"column":104},"end":{"line":96,"column":11}},"line":93},"7":{"name":"(anonymous_7)","decl":{"start":{"line":102,"column":26},"end":{"line":102,"column":27}},"loc":{"start":{"line":102,"column":32},"end":{"line":138,"column":3}},"line":102},"8":{"name":"(anonymous_8)","decl":{"start":{"line":121,"column":13},"end":{"line":121,"column":14}},"loc":{"start":{"line":121,"column":19},"end":{"line":137,"column":5}},"line":121},"9":{"name":"(anonymous_9)","decl":{"start":{"line":123,"column":125},"end":{"line":123,"column":126}},"loc":{"start":{"line":123,"column":131},"end":{"line":136,"column":7}},"line":123},"10":{"name":"(anonymous_10)","decl":{"start":{"line":128,"column":108},"end":{"line":128,"column":109}},"loc":{"start":{"line":128,"column":114},"end":{"line":135,"column":9}},"line":128},"11":{"name":"(anonymous_11)","decl":{"start":{"line":129,"column":21},"end":{"line":129,"column":22}},"loc":{"start":{"line":129,"column":27},"end":{"line":134,"column":11}},"line":129},"12":{"name":"(anonymous_12)","decl":{"start":{"line":130,"column":99},"end":{"line":130,"column":100}},"loc":{"start":{"line":130,"column":105},"end":{"line":133,"column":13}},"line":130},"13":{"name":"(anonymous_13)","decl":{"start":{"line":140,"column":27},"end":{"line":140,"column":28}},"loc":{"start":{"line":140,"column":33},"end":{"line":168,"column":3}},"line":140},"14":{"name":"(anonymous_14)","decl":{"start":{"line":152,"column":13},"end":{"line":152,"column":14}},"loc":{"start":{"line":152,"column":19},"end":{"line":167,"column":5}},"line":152},"15":{"name":"(anonymous_15)","decl":{"start":{"line":158,"column":107},"end":{"line":158,"column":108}},"loc":{"start":{"line":158,"column":113},"end":{"line":166,"column":7}},"line":158},"16":{"name":"(anonymous_16)","decl":{"start":{"line":159,"column":19},"end":{"line":159,"column":20}},"loc":{"start":{"line":159,"column":25},"end":{"line":165,"column":9}},"line":159},"17":{"name":"(anonymous_17)","decl":{"start":{"line":161,"column":98},"end":{"line":161,"column":99}},"loc":{"start":{"line":161,"column":104},"end":{"line":164,"column":11}},"line":161},"18":{"name":"(anonymous_18)","decl":{"start":{"line":171,"column":24},"end":{"line":171,"column":25}},"loc":{"start":{"line":171,"column":30},"end":{"line":184,"column":3}},"line":171}},"branchMap":{"0":{"loc":{"start":{"line":69,"column":23},"end":{"line":69,"column":73}},"type":"cond-expr","locations":[{"start":{"line":69,"column":33},"end":{"line":69,"column":40}},{"start":{"line":69,"column":43},"end":{"line":69,"column":73}}],"line":69},"1":{"loc":{"start":{"line":75,"column":4},"end":{"line":75,"column":27}},"type":"if","locations":[{"start":{"line":75,"column":4},"end":{"line":75,"column":27}},{"start":{},"end":{}}],"line":75},"2":{"loc":{"start":{"line":103,"column":4},"end":{"line":103,"column":27}},"type":"if","locations":[{"start":{"line":103,"column":4},"end":{"line":103,"column":27}},{"start":{},"end":{}}],"line":103},"3":{"loc":{"start":{"line":141,"column":4},"end":{"line":141,"column":27}},"type":"if","locations":[{"start":{"line":141,"column":4},"end":{"line":141,"column":27}},{"start":{},"end":{}}],"line":141},"4":{"loc":{"start":{"line":220,"column":17},"end":{"line":224,"column":17}},"type":"cond-expr","locations":[{"start":{"line":221,"column":18},"end":{"line":221,"column":88}},{"start":{"line":223,"column":18},"end":{"line":223,"column":87}}],"line":220},"5":{"loc":{"start":{"line":226,"column":48},"end":{"line":226,"column":90}},"type":"cond-expr","locations":[{"start":{"line":226,"column":73},"end":{"line":226,"column":80}},{"start":{"line":226,"column":83},"end":{"line":226,"column":90}}],"line":226},"6":{"loc":{"start":{"line":249,"column":17},"end":{"line":253,"column":17}},"type":"cond-expr","locations":[{"start":{"line":250,"column":18},"end":{"line":250,"column":88}},{"start":{"line":252,"column":18},"end":{"line":252,"column":68}}],"line":249},"7":{"loc":{"start":{"line":255,"column":48},"end":{"line":255,"column":91}},"type":"cond-expr","locations":[{"start":{"line":255,"column":72},"end":{"line":255,"column":79}},{"start":{"line":255,"column":82},"end":{"line":255,"column":91}}],"line":255},"8":{"loc":{"start":{"line":266,"column":17},"end":{"line":270,"column":17}},"type":"cond-expr","locations":[{"start":{"line":267,"column":18},"end":{"line":267,"column":88}},{"start":{"line":269,"column":18},"end":{"line":269,"column":69}}],"line":266},"9":{"loc":{"start":{"line":272,"column":48},"end":{"line":272,"column":90}},"type":"cond-expr","locations":[{"start":{"line":272,"column":73},"end":{"line":272,"column":80}},{"start":{"line":272,"column":83},"end":{"line":272,"column":90}}],"line":272},"10":{"loc":{"start":{"line":278,"column":9},"end":{"line":286,"column":9}},"type":"cond-expr","locations":[{"start":{"line":279,"column":10},"end":{"line":281,"column":17}},{"start":{"line":283,"column":10},"end":{"line":285,"column":17}}],"line":278}},"s":{"0":1,"1":5,"2":5,"3":5,"4":5,"5":5,"6":5,"7":5,"8":5,"9":5,"10":5,"11":5,"12":5,"13":5,"14":5,"15":5,"16":5,"17":5,"18":1,"19":0,"20":1,"21":1,"22":1,"23":1,"24":1,"25":1,"26":1,"27":1,"28":0,"29":0,"30":0,"31":5,"32":1,"33":0,"34":1,"35":1,"36":1,"37":1,"38":1,"39":1,"40":1,"41":1,"42":0,"43":0,"44":0,"45":0,"46":5,"47":1,"48":0,"49":1,"50":1,"51":1,"52":1,"53":1,"54":1,"55":1,"56":0,"57":0,"58":0,"59":0,"60":5,"61":0,"62":5,"63":1},"f":{"0":5,"1":5,"2":1,"3":1,"4":1,"5":0,"6":0,"7":1,"8":1,"9":1,"10":0,"11":0,"12":0,"13":1,"14":1,"15":0,"16":0,"17":0,"18":0},"b":{"0":[5,0],"1":[0,1],"2":[0,1],"3":[0,1],"4":[0,5],"5":[0,5],"6":[0,5],"7":[0,5],"8":[0,5],"9":[0,5],"10":[5,0]},"_coverageSchema":"1a1c01bbd47fc00a2c39e90264f33305004495a9","hash":"1ec27be010301359937145627df36b1c5597555e"}
,"/Users/crax/DEVELOPMENT/Nuuky/nuuky/components/FriendOrb.tsx": {"path":"/Users/crax/DEVELOPMENT/Nuuky/nuuky/components/FriendOrb.tsx","statementMap":{"0":{"start":{"line":13,"column":51},"end":{"line":136,"column":1}},"1":{"start":{"line":14,"column":20},"end":{"line":14,"column":30}},"2":{"start":{"line":15,"column":20},"end":{"line":15,"column":57}},"3":{"start":{"line":16,"column":19},"end":{"line":16,"column":58}},"4":{"start":{"line":19,"column":19},"end":{"line":22,"column":3}},"5":{"start":{"line":20,"column":10},"end":{"line":20,"column":66}},"6":{"start":{"line":25,"column":22},"end":{"line":25,"column":64}},"7":{"start":{"line":26,"column":21},"end":{"line":26,"column":98}},"8":{"start":{"line":28,"column":2},"end":{"line":68,"column":17}},"9":{"start":{"line":29,"column":61},"end":{"line":29,"column":65}},"10":{"start":{"line":31,"column":4},"end":{"line":62,"column":5}},"11":{"start":{"line":33,"column":6},"end":{"line":60,"column":8}},"12":{"start":{"line":61,"column":6},"end":{"line":61,"column":29}},"13":{"start":{"line":65,"column":4},"end":{"line":67,"column":6}},"14":{"start":{"line":66,"column":6},"end":{"line":66,"column":29}},"15":{"start":{"line":70,"column":2},"end":{"line":135,"column":4}},"16":{"start":{"line":138,"column":15},"end":{"line":193,"column":2}}},"fnMap":{"0":{"name":"(anonymous_0)","decl":{"start":{"line":13,"column":51},"end":{"line":13,"column":52}},"loc":{"start":{"line":13,"column":76},"end":{"line":136,"column":1}},"line":13},"1":{"name":"(anonymous_1)","decl":{"start":{"line":20,"column":4},"end":{"line":20,"column":5}},"loc":{"start":{"line":20,"column":10},"end":{"line":20,"column":66}},"line":20},"2":{"name":"(anonymous_2)","decl":{"start":{"line":28,"column":12},"end":{"line":28,"column":13}},"loc":{"start":{"line":28,"column":18},"end":{"line":68,"column":3}},"line":28},"3":{"name":"(anonymous_3)","decl":{"start":{"line":65,"column":11},"end":{"line":65,"column":12}},"loc":{"start":{"line":65,"column":17},"end":{"line":67,"column":5}},"line":65}},"branchMap":{"0":{"loc":{"start":{"line":26,"column":21},"end":{"line":26,"column":98}},"type":"cond-expr","locations":[{"start":{"line":26,"column":53},"end":{"line":26,"column":70}},{"start":{"line":26,"column":73},"end":{"line":26,"column":98}}],"line":26},"1":{"loc":{"start":{"line":31,"column":4},"end":{"line":62,"column":5}},"type":"if","locations":[{"start":{"line":31,"column":4},"end":{"line":62,"column":5}},{"start":{},"end":{}}],"line":31},"2":{"loc":{"start":{"line":83,"column":23},"end":{"line":83,"column":48}},"type":"cond-expr","locations":[{"start":{"line":83,"column":34},"end":{"line":83,"column":42}},{"start":{"line":83,"column":45},"end":{"line":83,"column":48}}],"line":83},"3":{"loc":{"start":{"line":84,"column":35},"end":{"line":84,"column":59}},"type":"cond-expr","locations":[{"start":{"line":84,"column":46},"end":{"line":84,"column":55}},{"start":{"line":84,"column":58},"end":{"line":84,"column":59}}],"line":84},"4":{"loc":{"start":{"line":95,"column":23},"end":{"line":95,"column":43}},"type":"cond-expr","locations":[{"start":{"line":95,"column":34},"end":{"line":95,"column":37}},{"start":{"line":95,"column":40},"end":{"line":95,"column":43}}],"line":95},"5":{"loc":{"start":{"line":96,"column":35},"end":{"line":96,"column":59}},"type":"cond-expr","locations":[{"start":{"line":96,"column":46},"end":{"line":96,"column":55}},{"start":{"line":96,"column":58},"end":{"line":96,"column":59}}],"line":96},"6":{"loc":{"start":{"line":107,"column":23},"end":{"line":107,"column":41}},"type":"cond-expr","locations":[{"start":{"line":107,"column":34},"end":{"line":107,"column":35}},{"start":{"line":107,"column":38},"end":{"line":107,"column":41}}],"line":107},"7":{"loc":{"start":{"line":112,"column":11},"end":{"line":114,"column":11}},"type":"binary-expr","locations":[{"start":{"line":112,"column":11},"end":{"line":112,"column":40}},{"start":{"line":113,"column":12},"end":{"line":113,"column":71}}],"line":112},"8":{"loc":{"start":{"line":118,"column":9},"end":{"line":127,"column":9}},"type":"binary-expr","locations":[{"start":{"line":118,"column":9},"end":{"line":118,"column":17}},{"start":{"line":119,"column":10},"end":{"line":126,"column":17}}],"line":118}},"s":{"0":1,"1":4,"2":4,"3":4,"4":4,"5":4,"6":4,"7":4,"8":4,"9":4,"10":4,"11":3,"12":3,"13":4,"14":4,"15":4,"16":1},"f":{"0":4,"1":4,"2":4,"3":4},"b":{"0":[0,4],"1":[3,1],"2":[3,1],"3":[3,1],"4":[3,1],"5":[3,1],"6":[3,1],"7":[4,0],"8":[4,3]},"_coverageSchema":"1a1c01bbd47fc00a2c39e90264f33305004495a9","hash":"100c0e833e93c91c21b17a4798f59b491416444d"}
,"/Users/crax/DEVELOPMENT/Nuuky/nuuky/components/FriendParticle.tsx": {"path":"/Users/crax/DEVELOPMENT/Nuuky/nuuky/components/FriendParticle.tsx","statementMap":{"0":{"start":{"line":13,"column":26},"end":{"line":13,"column":50}},"1":{"start":{"line":14,"column":17},"end":{"line":14,"column":26}},"2":{"start":{"line":15,"column":17},"end":{"line":15,"column":32}},"3":{"start":{"line":16,"column":22},"end":{"line":16,"column":24}},"4":{"start":{"line":19,"column":24},"end":{"line":19,"column":112}},"5":{"start":{"line":46,"column":23},"end":{"line":46,"column":40}},"6":{"start":{"line":47,"column":20},"end":{"line":47,"column":30}},"7":{"start":{"line":50,"column":19},"end":{"line":53,"column":3}},"8":{"start":{"line":51,"column":10},"end":{"line":51,"column":66}},"9":{"start":{"line":54,"column":20},"end":{"line":54,"column":57}},"10":{"start":{"line":55,"column":20},"end":{"line":55,"column":57}},"11":{"start":{"line":56,"column":21},"end":{"line":56,"column":58}},"12":{"start":{"line":58,"column":18},"end":{"line":58,"column":26}},"13":{"start":{"line":59,"column":18},"end":{"line":59,"column":26}},"14":{"start":{"line":62,"column":25},"end":{"line":62,"column":62}},"15":{"start":{"line":65,"column":25},"end":{"line":65,"column":89}},"16":{"start":{"line":66,"column":25},"end":{"line":66,"column":89}},"17":{"start":{"line":67,"column":25},"end":{"line":67,"column":43}},"18":{"start":{"line":68,"column":25},"end":{"line":68,"column":34}},"19":{"start":{"line":73,"column":2},"end":{"line":111,"column":28}},"20":{"start":{"line":75,"column":4},"end":{"line":78,"column":5}},"21":{"start":{"line":76,"column":6},"end":{"line":76,"column":33}},"22":{"start":{"line":77,"column":6},"end":{"line":77,"column":13}},"23":{"start":{"line":80,"column":33},"end":{"line":80,"column":37}},"24":{"start":{"line":81,"column":32},"end":{"line":81,"column":54}},"25":{"start":{"line":82,"column":27},"end":{"line":82,"column":51}},"26":{"start":{"line":85,"column":4},"end":{"line":106,"column":14}},"27":{"start":{"line":108,"column":4},"end":{"line":110,"column":6}},"28":{"start":{"line":109,"column":6},"end":{"line":109,"column":37}},"29":{"start":{"line":115,"column":2},"end":{"line":170,"column":79}},"30":{"start":{"line":116,"column":21},"end":{"line":116,"column":30}},"31":{"start":{"line":119,"column":4},"end":{"line":122,"column":5}},"32":{"start":{"line":120,"column":6},"end":{"line":120,"column":47}},"33":{"start":{"line":121,"column":6},"end":{"line":121,"column":39}},"34":{"start":{"line":125,"column":24},"end":{"line":125,"column":52}},"35":{"start":{"line":126,"column":24},"end":{"line":126,"column":52}},"36":{"start":{"line":127,"column":24},"end":{"line":127,"column":29}},"37":{"start":{"line":129,"column":27},"end":{"line":155,"column":5}},"38":{"start":{"line":131,"column":6},"end":{"line":131,"column":32}},"39":{"start":{"line":131,"column":25},"end":{"line":131,"column":32}},"40":{"start":{"line":132,"column":6},"end":{"line":132,"column":27}},"41":{"start":{"line":134,"column":6},"end":{"line":154,"column":9}},"42":{"start":{"line":135,"column":8},"end":{"line":135,"column":30}},"43":{"start":{"line":136,"column":28},"end":{"line":136,"column":59}},"44":{"start":{"line":137,"column":28},"end":{"line":137,"column":84}},"45":{"start":{"line":140,"column":22},"end":{"line":140,"column":59}},"46":{"start":{"line":141,"column":18},"end":{"line":141,"column":42}},"47":{"start":{"line":142,"column":18},"end":{"line":142,"column":42}},"48":{"start":{"line":145,"column":19},"end":{"line":145,"column":46}},"49":{"start":{"line":146,"column":19},"end":{"line":146,"column":46}},"50":{"start":{"line":147,"column":8},"end":{"line":152,"column":9}},"51":{"start":{"line":148,"column":10},"end":{"line":148,"column":28}},"52":{"start":{"line":149,"column":10},"end":{"line":149,"column":28}},"53":{"start":{"line":150,"column":10},"end":{"line":150,"column":37}},"54":{"start":{"line":151,"column":10},"end":{"line":151,"column":37}},"55":{"start":{"line":153,"column":8},"end":{"line":153,"column":45}},"56":{"start":{"line":157,"column":26},"end":{"line":157,"column":64}},"57":{"start":{"line":159,"column":26},"end":{"line":159,"column":90}},"58":{"start":{"line":161,"column":20},"end":{"line":165,"column":5}},"59":{"start":{"line":162,"column":6},"end":{"line":162,"column":47}},"60":{"start":{"line":163,"column":6},"end":{"line":163,"column":70}},"61":{"start":{"line":163,"column":25},"end":{"line":163,"column":70}},"62":{"start":{"line":164,"column":6},"end":{"line":164,"column":39}},"63":{"start":{"line":167,"column":4},"end":{"line":167,"column":98}},"64":{"start":{"line":169,"column":4},"end":{"line":169,"column":19}},"65":{"start":{"line":174,"column":2},"end":{"line":228,"column":38}},"66":{"start":{"line":176,"column":4},"end":{"line":180,"column":5}},"67":{"start":{"line":177,"column":6},"end":{"line":177,"column":29}},"68":{"start":{"line":178,"column":6},"end":{"line":178,"column":28}},"69":{"start":{"line":179,"column":6},"end":{"line":179,"column":13}},"70":{"start":{"line":183,"column":28},"end":{"line":198,"column":5}},"71":{"start":{"line":199,"column":4},"end":{"line":199,"column":28}},"72":{"start":{"line":202,"column":61},"end":{"line":202,"column":65}},"73":{"start":{"line":203,"column":4},"end":{"line":221,"column":5}},"74":{"start":{"line":204,"column":6},"end":{"line":219,"column":8}},"75":{"start":{"line":220,"column":6},"end":{"line":220,"column":29}},"76":{"start":{"line":224,"column":4},"end":{"line":227,"column":6}},"77":{"start":{"line":225,"column":6},"end":{"line":225,"column":29}},"78":{"start":{"line":226,"column":6},"end":{"line":226,"column":29}},"79":{"start":{"line":230,"column":2},"end":{"line":251,"column":23}},"80":{"start":{"line":231,"column":61},"end":{"line":231,"column":65}},"81":{"start":{"line":233,"column":4},"end":{"line":245,"column":5}},"82":{"start":{"line":234,"column":6},"end":{"line":241,"column":8}},"83":{"start":{"line":242,"column":6},"end":{"line":242,"column":29}},"84":{"start":{"line":244,"column":6},"end":{"line":244,"column":28}},"85":{"start":{"line":248,"column":4},"end":{"line":250,"column":6}},"86":{"start":{"line":249,"column":6},"end":{"line":249,"column":29}},"87":{"start":{"line":253,"column":22},"end":{"line":256,"column":3}},"88":{"start":{"line":254,"column":4},"end":{"line":254,"column":59}},"89":{"start":{"line":255,"column":4},"end":{"line":255,"column":14}},"90":{"start":{"line":258,"column":21},"end":{"line":258,"column":59}},"91":{"start":{"line":261,"column":22},"end":{"line":268,"column":3}},"92":{"start":{"line":262,"column":4},"end":{"line":267,"column":19}},"93":{"start":{"line":264,"column":18},"end":{"line":264,"column":22}},"94":{"start":{"line":271,"column":26},"end":{"line":274,"column":4}},"95":{"start":{"line":277,"column":22},"end":{"line":280,"column":4}},"96":{"start":{"line":282,"column":21},"end":{"line":285,"column":4}},"97":{"start":{"line":287,"column":23},"end":{"line":290,"column":4}},"98":{"start":{"line":292,"column":2},"end":{"line":429,"column":4}},"99":{"start":{"line":434,"column":30},"end":{"line":451,"column":2}},"100":{"start":{"line":435,"column":2},"end":{"line":450,"column":4}},"101":{"start":{"line":453,"column":15},"end":{"line":551,"column":2}}},"fnMap":{"0":{"name":"FriendParticleComponent","decl":{"start":{"line":34,"column":9},"end":{"line":34,"column":32}},"loc":{"start":{"line":45,"column":24},"end":{"line":430,"column":1}},"line":45},"1":{"name":"(anonymous_1)","decl":{"start":{"line":51,"column":4},"end":{"line":51,"column":5}},"loc":{"start":{"line":51,"column":10},"end":{"line":51,"
[...]
6,"column":96}},"line":116},"30":{"name":"(anonymous_30)","decl":{"start":{"line":117,"column":27},"end":{"line":117,"column":28}},"loc":{"start":{"line":117,"column":33},"end":{"line":117,"column":71}},"line":117},"31":{"name":"(anonymous_31)","decl":{"start":{"line":117,"column":45},"end":{"line":117,"column":46}},"loc":{"start":{"line":117,"column":56},"end":{"line":117,"column":70}},"line":117},"32":{"name":"(anonymous_32)","decl":{"start":{"line":118,"column":31},"end":{"line":118,"column":32}},"loc":{"start":{"line":118,"column":37},"end":{"line":118,"column":79}},"line":118},"33":{"name":"(anonymous_33)","decl":{"start":{"line":118,"column":49},"end":{"line":118,"column":50}},"loc":{"start":{"line":118,"column":60},"end":{"line":118,"column":78}},"line":118},"34":{"name":"(anonymous_34)","decl":{"start":{"line":122,"column":4},"end":{"line":122,"column":5}},"loc":{"start":{"line":122,"column":14},"end":{"line":329,"column":1}},"line":122},"35":{"name":"(anonymous_35)","decl":{"start":{"line":150,"column":18},"end":{"line":150,"column":19}},"loc":{"start":{"line":150,"column":28},"end":{"line":150,"column":79}},"line":150},"36":{"name":"(anonymous_36)","decl":{"start":{"line":152,"column":14},"end":{"line":152,"column":15}},"loc":{"start":{"line":152,"column":27},"end":{"line":154,"column":3}},"line":152},"37":{"name":"(anonymous_37)","decl":{"start":{"line":156,"column":13},"end":{"line":156,"column":14}},"loc":{"start":{"line":156,"column":25},"end":{"line":158,"column":5}},"line":156},"38":{"name":"(anonymous_38)","decl":{"start":{"line":156,"column":29},"end":{"line":156,"column":30}},"loc":{"start":{"line":156,"column":41},"end":{"line":158,"column":3}},"line":156},"39":{"name":"(anonymous_39)","decl":{"start":{"line":160,"column":16},"end":{"line":160,"column":17}},"loc":{"start":{"line":160,"column":30},"end":{"line":162,"column":5}},"line":160},"40":{"name":"(anonymous_40)","decl":{"start":{"line":160,"column":34},"end":{"line":160,"column":35}},"loc":{"start":{"line":160,"column":46},"end":{"line":162,"column":3}},"line":160},"41":{"name":"(anonymous_41)","decl":{"start":{"line":161,"column":34},"end":{"line":161,"column":35}},"loc":{"start":{"line":161,"column":39},"end":{"line":161,"column":56}},"line":161},"42":{"name":"(anonymous_42)","decl":{"start":{"line":164,"column":18},"end":{"line":164,"column":19}},"loc":{"start":{"line":164,"column":29},"end":{"line":164,"column":56}},"line":164},"43":{"name":"(anonymous_43)","decl":{"start":{"line":166,"column":14},"end":{"line":166,"column":15}},"loc":{"start":{"line":166,"column":25},"end":{"line":166,"column":48}},"line":166},"44":{"name":"(anonymous_44)","decl":{"start":{"line":168,"column":13},"end":{"line":168,"column":14}},"loc":{"start":{"line":168,"column":23},"end":{"line":170,"column":5}},"line":168},"45":{"name":"(anonymous_45)","decl":{"start":{"line":168,"column":27},"end":{"line":168,"column":28}},"loc":{"start":{"line":168,"column":39},"end":{"line":170,"column":3}},"line":168},"46":{"name":"(anonymous_46)","decl":{"start":{"line":172,"column":16},"end":{"line":172,"column":17}},"loc":{"start":{"line":172,"column":37},"end":{"line":176,"column":5}},"line":172},"47":{"name":"(anonymous_47)","decl":{"start":{"line":172,"column":41},"end":{"line":172,"column":42}},"loc":{"start":{"line":172,"column":53},"end":{"line":176,"column":3}},"line":172},"48":{"name":"(anonymous_48)","decl":{"start":{"line":173,"column":31},"end":{"line":173,"column":32}},"loc":{"start":{"line":174,"column":6},"end":{"line":174,"column":57}},"line":174},"49":{"name":"(anonymous_49)","decl":{"start":{"line":178,"column":16},"end":{"line":178,"column":17}},"loc":{"start":{"line":178,"column":28},"end":{"line":180,"column":5}},"line":178},"50":{"name":"(anonymous_50)","decl":{"start":{"line":178,"column":32},"end":{"line":178,"column":33}},"loc":{"start":{"line":178,"column":44},"end":{"line":180,"column":3}},"line":178},"51":{"name":"(anonymous_51)","decl":{"start":{"line":179,"column":34},"end":{"line":179,"column":35}},"loc":{"start":{"line":179,"column":39},"end":{"line":179,"column":54}},"line":179},"52":{"name":"(anonymous_52)","decl":{"start":{"line":182,"column":18},"end":{"line":182,"column":19}},"loc":{"start":{"line":182,"column":28},"end":{"line":185,"column":4}},"line":182},"53":{"name":"(anonymous_53)","decl":{"start":{"line":187,"column":15},"end":{"line":187,"column":16}},"loc":{"start":{"line":187,"column":27},"end":{"line":187,"column":52}},"line":187},"54":{"name":"(anonymous_54)","decl":{"start":{"line":189,"column":23},"end":{"line":189,"column":24}},"loc":{"start":{"line":189,"column":41},"end":{"line":189,"column":80}},"line":189},"55":{"name":"(anonymous_55)","decl":{"start":{"line":191,"column":18},"end":{"line":191,"column":19}},"loc":{"start":{"line":191,"column":31},"end":{"line":191,"column":60}},"line":191},"56":{"name":"(anonymous_56)","decl":{"start":{"line":193,"column":17},"end":{"line":193,"column":18}},"loc":{"start":{"line":193,"column":29},"end":{"line":195,"column":5}},"line":193},"57":{"name":"(anonymous_57)","decl":{"start":{"line":193,"column":33},"end":{"line":193,"column":34}},"loc":{"start":{"line":193,"column":45},"end":{"line":195,"column":3}},"line":193},"58":{"name":"(anonymous_58)","decl":{"start":{"line":197,"column":20},"end":{"line":197,"column":21}},"loc":{"start":{"line":197,"column":34},"end":{"line":199,"column":5}},"line":197},"59":{"name":"(anonymous_59)","decl":{"start":{"line":197,"column":38},"end":{"line":197,"column":39}},"loc":{"start":{"line":197,"column":50},"end":{"line":199,"column":3}},"line":197},"60":{"name":"(anonymous_60)","decl":{"start":{"line":198,"column":42},"end":{"line":198,"column":43}},"loc":{"start":{"line":198,"column":47},"end":{"line":198,"column":64}},"line":198},"61":{"name":"(anonymous_61)","decl":{"start":{"line":201,"column":18},"end":{"line":201,"column":19}},"loc":{"start":{"line":201,"column":28},"end":{"line":205,"column":5}},"line":201},"62":{"name":"(anonymous_62)","decl":{"start":{"line":201,"column":32},"end":{"line":201,"column":33}},"loc":{"start":{"line":201,"column":44},"end":{"line":205,"column":3}},"line":201},"63":{"name":"(anonymous_63)","decl":{"start":{"line":207,"column":18},"end":{"line":207,"column":19}},"loc":{"start":{"line":207,"column":29},"end":{"line":207,"column":56}},"line":207},"64":{"name":"(anonymous_64)","decl":{"start":{"line":209,"column":17},"end":{"line":209,"column":18}},"loc":{"start":{"line":209,"column":27},"end":{"line":211,"column":5}},"line":209},"65":{"name":"(anonymous_65)","decl":{"start":{"line":209,"column":31},"end":{"line":209,"column":32}},"loc":{"start":{"line":209,"column":43},"end":{"line":211,"column":3}},"line":209},"66":{"name":"(anonymous_66)","decl":{"start":{"line":213,"column":20},"end":{"line":213,"column":21}},"loc":{"start":{"line":213,"column":37},"end":{"line":217,"column":5}},"line":213},"67":{"name":"(anonymous_67)","decl":{"start":{"line":213,"column":41},"end":{"line":213,"column":42}},"loc":{"start":{"line":213,"column":53},"end":{"line":217,"column":3}},"line":213},"68":{"name":"(anonymous_68)","decl":{"start":{"line":214,"column":39},"end":{"line":214,"column":40}},"loc":{"start":{"line":215,"column":6},"end":{"line":215,"column":53}},"line":215},"69":{"name":"(anonymous_69)","decl":{"start":{"line":219,"column":20},"end":{"line":219,"column":21}},"loc":{"start":{"line":219,"column":28},"end":{"line":222,"column":5}},"line":219},"70":{"name":"(anonymous_70)","decl":{"start":{"line":219,"column":32},"end":{"line":219,"column":33}},"loc":{"start":{"line":219,"column":44},"end":{"line":222,"column":3}},"line":219},"71":{"name":"(anonymous_71)","decl":{"start":{"line":220,"column":42},"end":{"line":220,"column":43}},"loc":{"start":{"line":220,"column":50},"end":{"line":220,"column":64}},"line":220},"72":{"name":"(anonymous_72)","decl":{"start":{"line":224,"column":23},"end":{"line":224,"column":24}},"loc":{"start":{"line":224,"column":33},"end":{"line":229,"column":5}},"line":224},"73":{"name":"(anonymous_73)","decl":{"start":{"line":224,"column":37},"end":{"line":224,"column":38}},"loc":{"start":{"line":224,"column":49},"end":{"line":229,"column":3}},"line":224},"74":{"name":"(anonymous_74)","decl":{"start":{"line":231,"column":20},"end":{"line":231,"column":21}},"loc":{"start":{"line":231,"column":39},"end":{"line":234,"column":4}},"line":231},"75":{"name":"(anonymous_75)","decl":{"start":{"line":233,"column":50},"end":{"line":233,"column":51}},"loc":{"start":{"line":233,"column":55},"end":{"line":233,"column":65}},"line":233},"76":{"name":"(anonymous_76)","decl":{"start":{"line":236,"column":19},"end":{"line":236,"column":20}},"loc":{"start":{"line":236,"column":37},"end":{"line":242,"column":4}},"line":236},"77":{"name":"(anonymous_77)","decl":{"start":{"line":236,"column":41},"end":{"line":236,"column":42}},"loc":{"start":{"line":236,"column":52},"end":{"line":242,"column":3}},"line":236},"78":{"name":"(anonymous_78)","decl":{"start":{"line":240,"column":46},"end":{"line":240,"column":47}},"loc":{"start":{"line":240,"column":51},"end":{"line":240,"column":61}},"line":240},"79":{"name":"(anonymous_79)","decl":{"start":{"line":244,"column":24},"end":{"line":244,"column":25}},"loc":{"start":{"line":244,"column":44},"end":{"line":253,"column":4}},"line":244},"80":{"name":"(anonymous_80)","decl":{"start":{"line":244,"column":48},"end":{"line":244,"column":49}},"loc":{"start":{"line":244,"column":59},"end":{"line":253,"column":3}},"line":244},"81":{"name":"(anonymous_81)","decl":{"start":{"line":245,"column":50},"end":{"line":245,"column":51}},"loc":{"start":{"line":245,"column":55},"end":{"line":245,"column":78}},"line":245},"82":{"name":"(anonymous_82)","decl":{"start":{"line":248,"column":45},"end":{"line":248,"column":46}},"loc":{"start":{"line":249,"column":8},"end":{"line":249,"column":61}},"line":249},"83":{"name":"(anonymous_83)","decl":{"start":{"line":255,"column":28},"end":{"line":255,"column":29}},"loc":{"start":{"line":255,"column":34},"end":{"line":258,"column":5}},"line":255},"84":{"name":"(anonymous_84)","decl":{"start":{"line":255,"column":38},"end":{"line":255,"column":39}},"loc":{"start":{"line":255,"column":50},"end":{"line":258,"column":3}},"line":255},"85":{"name":"(anonymous_85)","decl":{"start":{"line":256,"column":43},"end":{"line":256,"column":44}},"loc":{"start":{"line":256,"column":49},"end":{"line":256,"column":72}},"line":256},"86":{"name":"(anonymous_86)","decl":{"start":{"line":260,"column":22},"end":{"line":260,"column":23}},"loc":{"start":{"line":260,"column":42},"end":{"line":268,"column":4}},"line":260},"87":{"name":"(anonymous_87)","decl":{"start":{"line":260,"column":46},"end":{"line":260,"column":47}},"loc":{"start":{"line":260,"column":57},"end":{"line":268,"column":3}},"line":260},"88":{"name":"(anonymous_88)","decl":{"start":{"line":261,"column":50},"end":{"line":261,"column":51}},"loc":{"start":{"line":261,"column":55},"end":{"line":261,"column":78}},"line":261},"89":{"name":"(anonymous_89)","decl":{"start":{"line":263,"column":48},"end":{"line":263,"column":49}},"loc":{"start":{"line":263,"column":53},"end":{"line":263,"column":76}},"line":263},"90":{"name":"(anonymous_90)","decl":{"start":{"line":270,"column":20},"end":{"line":270,"column":21}},"loc":{"start":{"line":270,"column":32},"end":{"line":270,"column":62}},"line":270},"91":{"name":"(anonymous_91)","decl":{"start":{"line":272,"column":17},"end":{"line":272,"column":18}},"loc":{"start":{"line":272,"column":29},"end":{"line":272,"column":56}},"line":272},"92":{"name":"(anonymous_92)","decl":{"start":{"line":274,"column":16},"end":{"line":274,"column":17}},"loc":{"start":{"line":274,"column":26},"end":{"line":274,"column":50}},"line":274},"93":{"name":"(anonymous_93)","decl":{"start":{"line":276,"column":15},"end":{"line":276,"column":16}},"loc":{"start":{"line":276,"column":27},"end":{"line":276,"column":52}},"line":276},"94":{"name":"(anonymous_94)","decl":{"start":{"line":277,"column":19},"end":{"line":277,"column":20}},"loc":{"start":{"line":277,"column":32},"end":{"line":277,"column":62}},"line":277},"95":{"name":"(anonymous_95)","decl":{"start":{"line":279,"column":28},"end":{"line":279,"column":29}},"loc":{"start":{"line":279,"column":40},"end":{"line":279,"column":78}},"line":279},"96":{"name":"(anonymous_96)","decl":{"start":{"line":281,"column":17},"end":{"line":281,"column":18}},"loc":{"start":{"line":281,"column":28},"end":{"line":281,"column":54}},"line":281},"97":{"name":"(anonymous_97)","decl":{"start":{"line":283,"column":26},"end":{"line":283,"column":27}},"loc":{"start":{"line":283,"column":45},"end":{"line":287,"column":5}},"line":283},"98":{"name":"(anonymous_98)","decl":{"start":{"line":283,"column":49},"end":{"line":283,"column":50}},"loc":{"start":{"line":283,"column":61},"end":{"line":287,"column":3}},"line":283},"99":{"name":"(anonymous_99)","decl":{"start":{"line":289,"column":29},"end":{"line":289,"column":30}},"loc":{"start":{"line":289,"column":48},"end":{"line":291,"column":5}},"line":289},"100":{"name":"(anonymous_100)","decl":{"start":{"line":289,"column":52},"end":{"line":289,"column":53}},"loc":{"start":{"line":289,"column":64},"end":{"line":291,"column":3}},"line":289},"101":{"name":"(anonymous_101)","decl":{"start":{"line":290,"column":60},"end":{"line":290,"column":61}},"loc":{"start":{"line":290,"column":66},"end":{"line":290,"column":86}},"line":290},"102":{"name":"(anonymous_102)","decl":{"start":{"line":293,"column":29},"end":{"line":293,"column":30}},"loc":{"start":{"line":293,"column":35},"end":{"line":293,"column":68}},"line":293},"103":{"name":"(anonymous_103)","decl":{"start":{"line":295,"column":19},"end":{"line":295,"column":20}},"loc":{"start":{"line":295,"column":25},"end":{"line":298,"column":4}},"line":295},"104":{"name":"(anonymous_104)","decl":{"start":{"line":300,"column":28},"end":{"line":300,"column":29}},"loc":{"start":{"line":300,"column":41},"end":{"line":300,"column":80}},"line":300},"105":{"name":"(anonymous_105)","decl":{"start":{"line":302,"column":22},"end":{"line":302,"column":23}},"loc":{"start":{"line":302,"column":33},"end":{"line":302,"column":68}},"line":302},"106":{"name":"(anonymous_106)","decl":{"start":{"line":304,"column":10},"end":{"line":304,"column":11}},"loc":{"start":{"line":304,"column":16},"end":{"line":328,"column":5}},"line":304},"107":{"name":"(anonymous_107)","decl":{"start":{"line":304,"column":20},"end":{"line":304,"column":21}},"loc":{"start":{"line":304,"column":32},"end":{"line":328,"column":3}},"line":304},"108":{"name":"(anonymous_108)","decl":{"start":{"line":332,"column":33},"end":{"line":332,"column":34}},"loc":{"start":{"line":332,"column":39},"end":{"line":332,"column":55}},"line":332},"109":{"name":"(anonymous_109)","decl":{"start":{"line":333,"column":18},"end":{"line":333,"column":19}},"loc":{"start":{"line":333,"column":30},"end":{"line":339,"column":7}},"line":333}},"branchMap":{"0":{"loc":{"start":{"line":174,"column":6},"end":{"line":174,"column":57}},"type":"cond-expr","locations":[{"start":{"line":174,"column":27},"end":{"line":174,"column":50}},{"start":{"line":174,"column":53},"end":{"line":174,"column":57}}],"line":174},"1":{"loc":{"start":{"line":202,"column":17},"end":{"line":204,"column":12}},"type":"cond-expr","locations":[{"start":{"line":203,"column":8},"end":{"line":203,"column":89}},{"start":{"line":204,"column":8},"end":{"line":204,"column":12}}],"line":202},"2":{"loc":{"start":{"line":215,"column":6},"end":{"line":215,"column":53}},"type":"cond-expr","locations":[{"start":{"line":215,"column":23},"end":{"line":215,"column":46}},{"start":{"line":215,"column":49},"end":{"line":215,"column":53}}],"line":215},"3":{"loc":{"start":{"line":221,"column":22},"end":{"line":221,"column":87}},"type":"cond-expr","locations":[{"start":{"line":221,"column":58},"end":{"line":221,"column":62}},{"start":{"line":221,"column":65},"end":{"line":221,"column":87}}],"line":221},"4":{"loc":{"start":{"line":226,"column":17},"end":{"line":228,"column":25}},"type":"cond-expr","locations":[{"start":{"line":227,"column":8},"end":{"line":227,"column":57}},{"start":{"line":228,"column":8},"end":{"line":228,"column":25}}],"line":226},"5":{"loc":{"start":{"line":226,"column":17},"end":{"line":226,"column":42}},"type":"binary-expr","locations":[{"start":{"line":226,"column":17},"end":{"line":226,"column":21}},{"start":{"line":226,"column":25},"end":{"line":226,"column":42}}],"line":226},"6":{"loc":{"start":{"line":246,"column":4},"end":{"line":246,"column":60}},"type":"if","locations":[{"start":{"line":246,"column":4},"end":{"line":246,"column":60}},{"start":{},"end":{}}],"line":246},"7":{"loc":{"start":{"line":246,"column":8},"end":{"line":246,"column":45}},"type":"binary-expr","locations":[{"start":{"line":246,"column":8},"end":{"line":246,"column":21}},{"start":{"line":246,"column":25},"end":{"line":246,"column":45}}],"line":246},"8":{"loc":{"start":{"line":249,"column":8},"end":{"line":249,"column":61}},"type":"cond-expr","locations":[{"start":{"line":249,"column":34},"end":{"line":249,"column":57}},{"start":{"line":249,"column":60},"end":{"line":249,"column":61}}],"line":249},"9":{"loc":{"start":{"line":264,"column":31},"end":{"line":266,"column":39}},"type":"cond-expr","locations":[{"start":{"line":265,"column":10},"end":{"line":265,"column":56}},{"start":{"line":266,"column":10},"end":{"line":266,"column":39}}],"line":264},"10":{"loc":{"start":{"line":264,"column":31},"end":{"line":264,"column":68}},"type":"binary-expr","locations":[{"start":{"line":264,"column":31},"end":{"line":264,"column":43}},{"start":{"line":264,"column":47},"end":{"line":264,"column":68}}],"line":264},"11":{"loc":{"start":{"line":284,"column":26},"end":{"line":286,"column":54}},"type":"cond-expr","locations":[{"start":{"line":285,"column":8},"end":{"line":285,"column":34}},{"start":{"line":286,"column":8},"end":{"line":286,"column":54}}],"line":284}},"s":{"0":26,"1":13,"2":41,"3":26,"4":0,"5":0,"6":26,"7":0,"8":0,"9":26,"10":13,"11":41,"12":26,"13":0,"14":0,"15":26,"16":0,"17":0,"18":26,"19":0,"20":0,"21":26,"22":0,"23":0,"24":26,"25":0,"26":0,"27":26,"28":0,"29":0,"30":26,"31":0,"32":0,"33":26,"34":0,"35":0,"36":26,"37":13,"38":41,"39":26,"40":0,"41":0,"42":26,"43":0,"44":0,"45":26,"46":2,"47":6,"48":26,"49":0,"50":0,"51":26,"52":26,"53":16,"54":27,"55":2,"56":2,"57":1,"58":1,"59":1,"60":22,"61":30,"62":3,"63":3,"64":2,"65":2,"66":1,"67":4,"68":4,"69":1,"70":9,"71":0,"72":13,"73":11,"74":1,"75":1,"76":3,"77":3,"78":1,"79":4,"80":4,"81":11,"82":4,"83":4,"84":1,"85":1,"86":1,"87":4,"88":4,"89":3,"90":7,"91":7,"92":22,"93":224,"94":1,"95":1,"96":1,"97":200,"98":4,"99":4,"100":4,"101":4,"102":1,"103":3,"104":3,"105":2,"106":2,"107":4,"108":2,"109":2,"110":2,"111":2,"112":2,"113":3,"114":8,"115":2,"116":4,"117":1,"118":1,"119":1,"120":4,"121":4,"122":1,"123":1,"124":1,"125":3,"126":3,"127":1,"128":1,"129":6,"130":6,"131":0,"132":0},"f":{"0":13,"1":41,"2":0,"3":0,"4":0,"5":0,"6":13,"7":41,"8":0,"9":0,"10":0,"11":0,"12":0,"13":0,"14":0,"15":0,"16":0,"17":0,"18":0,"19":0,"20":0,"21":0,"22":0,"23":0,"24":13,"25":41,"26":0,"27":0,"28":0,"29":0,"30":2,"31":6,"32":0,"33":0,"34":26,"35":16,"36":27,"37":2,"38":2,"39":1,"40":1,"41":1,"42":22,"43":30,"44":3,"45":3,"46":2,"47":2,"48":1,"49":4,"50":4,"51":1,"52":9,"53":0,"54":13,"55":11,"56":1,"57":1,"58":3,"59":3,"60":1,"61":4,"62":4,"63":11,"64":4,"65":4,"66":1,"67":1,"68":1,"69":4,"70":4,"71":3,"72":7,"73":7,"74":22,"75":224,"76":1,"77":1,"78":200,"79":4,"80":4,"81":4,"82":3,"83":2,"84":2,"85":4,"86":2,"87":2,"88":2,"89":2,"90":3,"91":8,"92":2,"93":4,"94":1,"95":1,"96":1,"97":4,"98":4,"99":1,"100":1,"101":1,"102":3,"103":3,"104":1,"105":1,"106":6,"107":6,"108":0,"109":0},"b":{"0":[1,0],"1":[3,1],"2":[1,0],"3":[2,1],"4":[3,4],"5":[7,4],"6":[1,3],"7":[4,4],"8":[3,0],"9":[2,0],"10":[2,2],"11":[1,3]},"_coverageSchema":"1a1c01bbd47fc00a2c39e90264f33305004495a9","hash":"c8c15dd27e669e21ddb6c0c5c2abb0bb813d845a"}
}
