TN:
SF:components/AnimatedGlow.tsx
FN:12,AnimatedGlow
FN:16,(anonymous_1)
FN:40,(anonymous_2)
FNF:3
FNH:3
FNDA:2,AnimatedGlow
FNDA:2,(anonymous_1)
FNDA:2,(anonymous_2)
DA:6,1
DA:8,1
DA:9,1
DA:10,1
DA:13,2
DA:14,2
DA:16,2
DA:17,2
DA:39,2
DA:40,2
DA:43,2
DA:44,1
DA:47,1
LF:13
LH:13
BRDA:43,0,0,1
BRDA:43,0,1,1
BRF:2
BRH:2
end_of_record
TN:
SF:components/AudioConnectionBadge.tsx
FN:12,(anonymous_0)
FN:17,(anonymous_1)
FNF:2
FNH:2
FNDA:5,(anonymous_0)
FNDA:5,(anonymous_1)
DA:12,1
DA:15,5
DA:17,5
DA:18,5
DA:20,1
DA:27,1
DA:34,1
DA:41,1
DA:48,1
DA:52,5
DA:53,5
DA:55,4
DA:74,1
LF:13
LH:13
BRDA:18,0,0,1
BRDA:18,0,1,1
BRDA:18,0,2,1
BRDA:18,0,3,1
BRDA:18,0,4,1
BRDA:53,1,0,1
BRDA:53,1,1,4
BRDA:65,2,0,2
BRDA:65,2,1,2
BRF:9
BRH:9
end_of_record
TN:
SF:components/BottomNavBar.tsx
FN:25,BottomNavBar
FN:48,(anonymous_1)
FNF:2
FNH:2
FNDA:5,BottomNavBar
FNDA:3,(anonymous_1)
DA:25,1
DA:42,5
DA:49,3
DA:180,1
LF:4
LH:4
BRDA:47,0,0,5
BRDA:47,0,1,1
BRDA:77,1,0,4
BRDA:77,1,1,1
BRDA:80,2,0,4
BRDA:80,2,1,1
BRDA:86,3,0,4
BRDA:86,3,1,1
BRDA:93,4,0,5
BRDA:93,4,1,0
BRDA:101,5,0,4
BRDA:101,5,1,1
BRDA:104,6,0,0
BRDA:104,6,1,5
BRDA:105,7,0,0
BRDA:105,7,1,0
BRDA:107,8,0,4
BRDA:107,8,1,1
BRDA:107,9,0,4
BRDA:107,9,1,1
BRF:20
BRH:16
end_of_record
TN:
SF:components/CentralOrb.tsx
FN:27,CentralOrbComponent
FN:48,(anonymous_1)
FN:164,(anonymous_2)
FN:174,(anonymous_3)
FN:200,(anonymous_4)
FN:206,(anonymous_5)
FN:240,(anonymous_6)
FN:246,(anonymous_7)
FN:252,(anonymous_8)
FN:259,(anonymous_9)
FN:579,(anonymous_10)
FNF:11
FNH:9
FNDA:7,CentralOrbComponent
FNDA:7,(anonymous_1)
FNDA:7,(anonymous_2)
FNDA:7,(anonymous_3)
FNDA:7,(anonymous_4)
FNDA:7,(anonymous_5)
FNDA:6,(anonymous_6)
FNDA:7,(anonymous_7)
FNDA:0,(anonymous_8)
FNDA:7,(anonymous_9)
FNDA:0,(anonymous_10)
DA:11,1
DA:12,1
DA:13,1
DA:14,1
DA:37,7
DA:38,7
DA:39,7
DA:40,7
DA:41,7
DA:42,7
DA:43,7
DA:44,7
DA:45,7
DA:46,7
DA:48,7
DA:50,7
DA:66,7
DA:69,7
DA:85,7
DA:88,7
DA:104,7
DA:107,7
DA:123,7
DA:126,7
DA:142,7
DA:145,7
DA:161,7
DA:164,7
DA:165,7
DA:166,7
DA:167,7
DA:168,7
DA:169,7
DA:170,7
DA:174,7
DA:175,7
DA:177,7
DA:178,1
DA:194,1
DA:196,6
DA:200,7
DA:201,7
DA:206,7
DA:207,7
DA:208,7
DA:210,7
DA:212,1
DA:228,1
DA:231,1
DA:234,6
DA:240,6
DA:241,6
DA:246,7
DA:247,7
DA:248,7
DA:252,7
DA:253,0
DA:254,0
DA:258,7
DA:259,7
DA:333,7
DA:335,7
DA:579,1
DA:580,0
DA:589,1
LF:65
LH:62
BRDA:32,0,0,0
BRDA:34,1,0,6
BRDA:46,2,0,1
BRDA:46,2,1,6
BRDA:177,3,0,1
BRDA:177,3,1,6
BRDA:210,4,0,1
BRDA:210,4,1,6
BRDA:347,5,0,7
BRDA:347,5,1,1
BRDA:362,6,0,7
BRDA:362,6,1,1
BRDA:518,7,0,1
BRDA:518,7,1,6
BRDA:552,8,0,7
BRDA:552,8,1,0
BRDA:562,9,0,1
BRDA:562,9,1,6
BRDA:581,10,0,0
BRDA:581,10,1,0
BRDA:581,10,2,0
BRDA:581,10,3,0
BRDA:581,10,4,0
BRF:23
BRH:16
end_of_record
TN:
SF:components/CreateRoomModal.tsx
FN:36,(anonymous_0)
FN:51,(anonymous_1)
FN:59,(anonymous_2)
FN:60,(anonymous_3)
FN:67,(anonymous_4)
FN:75,(anonymous_5)
FN:81,(anonymous_6)
FN:93,(anonymous_7)
FNF:8
FNH:6
FNDA:8,(anonymous_0)
FNDA:6,(anonymous_1)
FNDA:2,(anonymous_2)
FNDA:2,(anonymous_3)
FNDA:1,(anonymous_4)
FNDA:1,(anonymous_5)
FNDA:0,(anonymous_6)
FNDA:0,(anonymous_7)
DA:27,1
DA:36,1
DA:42,8
DA:43,8
DA:44,8
DA:46,8
DA:47,8
DA:49,8
DA:51,8
DA:52,6
DA:53,6
DA:55,0
DA:59,8
DA:60,2
DA:61,2
DA:65,8
DA:67,8
DA:68,1
DA:69,1
DA:70,1
DA:71,1
DA:72,1
DA:75,8
DA:76,1
DA:77,1
DA:78,1
DA:81,8
DA:82,0
DA:83,0
DA:93,8
DA:97,8
DA:186,1
LF:32
LH:29
BRDA:46,0,0,8
BRDA:46,0,1,8
BRDA:47,1,0,8
BRDA:47,1,1,8
BRDA:52,2,0,6
BRDA:52,2,1,0
BRDA:68,3,0,0
BRDA:68,3,1,1
BRDA:114,4,0,8
BRDA:114,4,1,0
BRDA:164,5,0,1
BRDA:164,5,1,7
BRDA:172,6,0,1
BRDA:172,6,1,7
BRF:14
BRH:11
end_of_record
TN:
SF:components/CustomMoodCard.tsx
FN:14,(anonymous_0)
FN:22,(anonymous_1)
FNF:2
FNH:2
FNDA:5,(anonymous_0)
FNDA:1,(anonymous_1)
DA:14,1
DA:20,5
DA:22,5
DA:23,1
DA:40,5
DA:81,1
LF:6
LH:6
BRDA:48,0,0,1
BRDA:48,0,1,4
BRDA:52,1,0,1
BRDA:52,1,1,4
BRDA:53,2,0,1
BRDA:53,2,1,4
BRDA:71,3,0,5
BRDA:71,3,1,1
BRF:8
BRH:8
end_of_record
TN:
SF:components/CustomMoodEditor.tsx
FN:41,(anonymous_0)
FN:60,(anonymous_1)
FN:70,(anonymous_2)
FN:71,(anonymous_3)
FN:82,(anonymous_4)
FN:102,(anonymous_5)
FN:107,(anonymous_6)
FN:119,(anonymous_7)
FNF:8
FNH:6
FNDA:14,(anonymous_0)
FNDA:12,(anonymous_1)
FNDA:2,(anonymous_2)
FNDA:2,(anonymous_3)
FNDA:1,(anonymous_4)
FNDA:1,(anonymous_5)
FNDA:0,(anonymous_6)
FNDA:0,(anonymous_7)
DA:29,1
DA:41,1
DA:50,14
DA:51,14
DA:52,14
DA:53,14
DA:55,14
DA:56,14
DA:58,14
DA:60,14
DA:61,12
DA:62,12
DA:63,12
DA:64,12
DA:66,0
DA:70,14
DA:71,2
DA:72,2
DA:73,1
DA:75,1
DA:80,14
DA:82,14
DA:83,1
DA:85,1
DA:86,0
DA:87,0
DA:90,1
DA:91,0
DA:92,0
DA:95,1
DA:96,0
DA:97,0
DA:100,1
DA:101,1
DA:102,1
DA:103,1
DA:107,14
DA:108,0
DA:109,0
DA:119,14
DA:123,14
DA:225,1
LF:42
LH:33
BRDA:46,0,0,11
BRDA:47,1,0,13
BRDA:55,2,0,14
BRDA:55,2,1,14
BRDA:56,3,0,14
BRDA:56,3,1,14
BRDA:61,4,0,12
BRDA:61,4,1,0
BRDA:72,5,0,1
BRDA:72,5,1,1
BRDA:80,6,0,14
BRDA:80,6,1,3
BRDA:85,7,0,0
BRDA:85,7,1,1
BRDA:90,8,0,0
BRDA:90,8,1,1
BRDA:90,9,0,1
BRDA:90,9,1,1
BRDA:95,10,0,0
BRDA:95,10,1,1
BRDA:161,11,0,14
BRDA:161,11,1,0
BRDA:203,12,0,1
BRDA:203,12,1,13
BRDA:211,13,0,1
BRDA:211,13,1,13
BRF:26
BRH:21
end_of_record
TN:
SF:components/ElectricBolt.tsx
FN:20,generateBoltPath
FN:52,ElectricBoltComponent
FN:62,(anonymous_2)
FN:66,(anonymous_3)
FN:68,(anonymous_4)
FN:71,(anonymous_5)
FN:75,(anonymous_6)
FN:97,(anonymous_7)
FNF:8
FNH:7
FNDA:3,generateBoltPath
FNDA:3,ElectricBoltComponent
FNDA:3,(anonymous_2)
FNDA:3,(anonymous_3)
FNDA:0,(anonymous_4)
FNDA:3,(anonymous_5)
FNDA:3,(anonymous_6)
FNDA:3,(anonymous_7)
DA:17,1
DA:18,1
DA:26,3
DA:27,3
DA:28,3
DA:29,3
DA:31,2
DA:32,2
DA:33,2
DA:34,2
DA:36,2
DA:38,2
DA:39,24
DA:40,24
DA:41,24
DA:43,24
DA:44,24
DA:45,24
DA:48,2
DA:49,2
DA:61,3
DA:62,3
DA:63,3
DA:66,3
DA:67,3
DA:68,3
DA:69,0
DA:71,3
DA:75,3
DA:76,3
DA:77,3
DA:78,3
DA:80,3
DA:96,3
DA:97,3
DA:101,3
DA:102,3
DA:104,3
DA:147,1
LF:39
LH:38
BRDA:29,0,0,1
BRDA:29,0,1,2
BRDA:63,1,0,2
BRDA:63,1,1,1
BRDA:67,2,0,2
BRDA:67,2,1,1
BRDA:76,3,0,2
BRDA:76,3,1,1
BRDA:77,4,0,2
BRDA:77,4,1,1
BRDA:78,5,0,2
BRDA:78,5,1,1
BRDA:119,6,0,2
BRDA:119,6,1,1
BRDA:120,7,0,2
BRDA:120,7,1,1
BRDA:121,8,0,2
BRDA:121,8,1,1
BRDA:128,9,0,1
BRDA:128,9,1,2
BRDA:136,10,0,3
BRDA:136,10,1,0
BRDA:137,11,0,1
BRDA:137,11,1,2
BRF:24
BRH:23
end_of_record
TN:
SF:components/EmojiInput.tsx
FN:19,(anonymous_0)
FN:27,(anonymous_1)
FN:39,(anonymous_2)
FN:44,(anonymous_3)
FN:46,(anonymous_4)
FN:76,(anonymous_5)
FN:88,(anonymous_6)
FN:106,(anonymous_7)
FNF:8
FNH:3
FNDA:3,(anonymous_0)
FNDA:0,(anonymous_1)
FNDA:0,(anonymous_2)
FNDA:0,(anonymous_3)
FNDA:0,(anonymous_4)
FNDA:72,(anonymous_5)
FNDA:1,(anonymous_6)
FNDA:0,(anonymous_7)
DA:7,1
DA:19,1
DA:23,3
DA:24,3
DA:25,3
DA:27,3
DA:28,0
DA:29,0
DA:30,0
DA:31,0
DA:32,0
DA:33,0
DA:34,0
DA:35,0
DA:36,0
DA:39,0
DA:40,0
DA:44,3
DA:45,0
DA:46,0
DA:47,0
DA:51,3
DA:77,72
DA:88,1
DA:106,0
DA:113,1
LF:26
LH:11
BRDA:28,0,0,0
BRDA:28,0,1,0
BRDA:32,1,0,0
BRDA:32,1,1,0
BRDA:62,2,0,1
BRDA:62,2,1,2
BRDA:82,3,0,72
BRDA:82,3,1,1
BRDA:97,4,0,3
BRDA:97,4,1,0
BRF:10
BRH:5
end_of_record
TN:
SF:components/ErrorBoundary.tsx
FN:20,ThemedErrorFallback
FN:66,(anonymous_1)
FN:71,(anonymous_2)
FN:75,(anonymous_3)
FN:80,(anonymous_4)
FN:84,(anonymous_5)
FNF:6
FNH:5
FNDA:4,ThemedErrorFallback
FNDA:7,(anonymous_1)
FNDA:6,(anonymous_2)
FNDA:3,(anonymous_3)
FNDA:0,(anonymous_4)
FNDA:13,(anonymous_5)
DA:21,4
DA:22,4
DA:24,4
DA:67,7
DA:68,7
DA:72,6
DA:76,3
DA:77,3
DA:80,7
DA:81,0
DA:85,13
DA:86,6
DA:87,2
DA:90,4
DA:95,7
DA:99,1
LF:16
LH:15
BRDA:22,0,0,4
BRDA:22,0,1,0
BRDA:36,1,0,4
BRDA:36,1,1,4
BRDA:36,1,2,4
BRDA:85,2,0,6
BRDA:85,2,1,7
BRDA:86,3,0,2
BRDA:86,3,1,4
BRF:9
BRH:8
end_of_record
TN:
SF:components/FlareButton.tsx
FN:13,(anonymous_0)
FN:21,(anonymous_1)
FN:46,(anonymous_2)
FNF:3
FNH:3
FNDA:4,(anonymous_0)
FNDA:4,(anonymous_1)
FNDA:4,(anonymous_2)
DA:13,1
DA:18,4
DA:19,4
DA:21,4
DA:22,4
DA:24,4
DA:26,2
DA:40,2
DA:42,2
DA:46,4
DA:47,4
DA:51,4
DA:86,1
LF:13
LH:13
BRDA:15,0,0,4
BRDA:16,1,0,2
BRDA:24,2,0,2
BRDA:24,2,1,2
BRDA:56,3,0,2
BRDA:56,3,1,2
BRDA:61,4,0,2
BRDA:61,4,1,2
BRDA:65,5,0,4
BRDA:65,5,1,2
BRDA:66,6,0,4
BRDA:66,6,1,0
BRDA:70,7,0,2
BRDA:70,7,1,2
BRDA:73,8,0,2
BRDA:73,8,1,2
BRDA:76,9,0,2
BRDA:76,9,1,2
BRF:18
BRH:17
end_of_record
TN:
SF:components/FriendActionBubble.tsx
FN:20,FriendActionBubble
FN:41,(anonymous_1)
FN:74,(anonymous_2)
FN:86,(anonymous_3)
FN:91,(anonymous_4)
FN:92,(anonymous_5)
FN:93,(anonymous_6)
FN:102,(anonymous_7)
FN:121,(anonymous_8)
FN:123,(anonymous_9)
FN:128,(anonymous_10)
FN:129,(anonymous_11)
FN:130,(anonymous_12)
FN:140,(anonymous_13)
FN:152,(anonymous_14)
FN:158,(anonymous_15)
FN:159,(anonymous_16)
FN:161,(anonymous_17)
FN:171,(anonymous_18)
FNF:19
FNH:10
FNDA:5,FriendActionBubble
FNDA:5,(anonymous_1)
FNDA:1,(anonymous_2)
FNDA:1,(anonymous_3)
FNDA:1,(anonymous_4)
FNDA:0,(anonymous_5)
FNDA:0,(anonymous_6)
FNDA:1,(anonymous_7)
FNDA:1,(anonymous_8)
FNDA:1,(anonymous_9)
FNDA:0,(anonymous_10)
FNDA:0,(anonymous_11)
FNDA:0,(anonymous_12)
FNDA:1,(anonymous_13)
FNDA:1,(anonymous_14)
FNDA:0,(anonymous_15)
FNDA:0,(anonymous_16)
FNDA:0,(anonymous_17)
FNDA:0,(anonymous_18)
DA:8,1
DA:29,5
DA:30,5
DA:33,5
DA:36,5
DA:37,5
DA:38,5
DA:39,5
DA:41,5
DA:43,5
DA:59,5
DA:60,5
DA:61,5
DA:65,5
DA:68,5
DA:69,5
DA:72,5
DA:74,5
DA:75,1
DA:76,1
DA:79,1
DA:87,1
DA:88,1
DA:89,1
DA:90,1
DA:91,1
DA:92,1
DA:93,0
DA:94,0
DA:95,0
DA:102,5
DA:103,1
DA:104,1
DA:107,1
DA:123,1
DA:124,1
DA:125,1
DA:126,1
DA:127,1
DA:128,1
DA:129,0
DA:130,0
DA:131,0
DA:132,0
DA:140,5
DA:141,1
DA:142,1
DA:145,1
DA:153,1
DA:154,1
DA:155,1
DA:156,1
DA:158,1
DA:159,0
DA:161,0
DA:162,0
DA:163,0
DA:171,5
DA:172,0
DA:186,5
DA:292,1
LF:61
LH:49
BRDA:69,0,0,5
BRDA:69,0,1,0
BRDA:75,1,0,0
BRDA:75,1,1,1
BRDA:103,2,0,0
BRDA:103,2,1,1
BRDA:141,3,0,0
BRDA:141,3,1,1
BRDA:220,4,0,0
BRDA:220,4,1,5
BRDA:226,5,0,0
BRDA:226,5,1,5
BRDA:249,6,0,0
BRDA:249,6,1,5
BRDA:255,7,0,0
BRDA:255,7,1,5
BRDA:266,8,0,0
BRDA:266,8,1,5
BRDA:272,9,0,0
BRDA:272,9,1,5
BRDA:278,10,0,5
BRDA:278,10,1,0
BRF:22
BRH:11
end_of_record
TN:
SF:components/FriendOrb.tsx
FN:13,(anonymous_0)
FN:20,(anonymous_1)
FN:28,(anonymous_2)
FN:65,(anonymous_3)
FNF:4
FNH:4
FNDA:4,(anonymous_0)
FNDA:4,(anonymous_1)
FNDA:4,(anonymous_2)
FNDA:4,(anonymous_3)
DA:13,1
DA:14,4
DA:15,4
DA:16,4
DA:19,4
DA:20,4
DA:25,4
DA:26,4
DA:28,4
DA:29,4
DA:31,4
DA:33,3
DA:61,3
DA:65,4
DA:66,4
DA:70,4
DA:138,1
LF:17
LH:17
BRDA:26,0,0,0
BRDA:26,0,1,4
BRDA:31,1,0,3
BRDA:31,1,1,1
BRDA:83,2,0,3
BRDA:83,2,1,1
BRDA:84,3,0,3
BRDA:84,3,1,1
BRDA:95,4,0,3
BRDA:95,4,1,1
BRDA:96,5,0,3
BRDA:96,5,1,1
BRDA:107,6,0,3
BRDA:107,6,1,1
BRDA:112,7,0,4
BRDA:112,7,1,0
BRDA:118,8,0,4
BRDA:118,8,1,3
BRF:18
BRH:16
end_of_record
TN:
SF:components/FriendParticle.tsx
FN:34,FriendParticleComponent
FN:51,(anonymous_1)
FN:73,(anonymous_2)
FN:108,(anonymous_3)
FN:115,(anonymous_4)
FN:129,(anonymous_5)
FN:134,(anonymous_6)
FN:161,(anonymous_7)
FN:174,(anonymous_8)
FN:224,(anonymous_9)
FN:230,(anonymous_10)
FN:248,(anonymous_11)
FN:253,(anonymous_12)
FN:261,(anonymous_13)
FN:264,(anonymous_14)
FN:434,(anonymous_15)
FNF:16
FNH:14
FNDA:2,FriendParticleComponent
FNDA:2,(anonymous_1)
FNDA:2,(anonymous_2)
FNDA:2,(anonymous_3)
FNDA:2,(anonymous_4)
FNDA:1,(anonymous_5)
FNDA:1,(anonymous_6)
FNDA:2,(anonymous_7)
FNDA:2,(anonymous_8)
FNDA:2,(anonymous_9)
FNDA:2,(anonymous_10)
FNDA:2,(anonymous_11)
FNDA:0,(anonymous_12)
FNDA:2,(anonymous_13)
FNDA:4,(anonymous_14)
FNDA:0,(anonymous_15)
DA:13,1
DA:14,1
DA:15,1
DA:16,1
DA:19,1
DA:46,2
DA:47,2
DA:50,2
DA:51,2
DA:54,2
DA:55,2
DA:56,2
DA:58,2
DA:59,2
DA:62,2
DA:65,2
DA:66,2
DA:67,2
DA:68,2
DA:73,2
DA:75,2
DA:76,0
DA:77,0
DA:80,2
DA:81,2
DA:82,2
DA:85,2
DA:108,2
DA:109,2
DA:115,2
DA:116,2
DA:119,2
DA:120,0
DA:121,0
DA:125,2
DA:126,2
DA:127,2
DA:129,2
DA:131,1
DA:132,1
DA:134,1
DA:135,1
DA:136,1
DA:137,1
DA:140,1
DA:141,1
DA:142,1
DA:145,1
DA:146,1
DA:147,1
DA:148,0
DA:149,0
DA:150,0
DA:151,0
DA:153,1
DA:157,2
DA:159,2
DA:161,2
DA:162,2
DA:163,2
DA:164,2
DA:167,2
DA:169,2
DA:174,2
DA:176,2
DA:177,0
DA:178,0
DA:179,0
DA:183,2
DA:199,2
DA:202,2
DA:203,2
DA:204,2
DA:220,2
DA:224,2
DA:225,2
DA:226,2
DA:230,2
DA:231,2
DA:233,2
DA:234,1
DA:242,1
DA:244,1
DA:248,2
DA:249,2
DA:253,2
DA:254,0
DA:255,0
DA:258,2
DA:261,2
DA:262,2
DA:264,4
DA:271,2
DA:277,2
DA:282,2
DA:287,2
DA:292,2
DA:434,1
DA:435,0
DA:453,1
LF:100
LH:86
BRDA:75,0,0,0
BRDA:75,0,1,2
BRDA:82,1,0,2
BRDA:82,1,1,0
BRDA:119,2,0,0
BRDA:119,2,1,2
BRDA:131,3,0,0
BRDA:131,3,1,1
BRDA:136,4,0,1
BRDA:136,4,1,1
BRDA:137,5,0,0
BRDA:137,5,1,1
BRDA:137,6,0,1
BRDA:137,6,1,0
BRDA:147,7,0,0
BRDA:147,7,1,1
BRDA:147,8,0,1
BRDA:147,8,1,1
BRDA:159,9,0,0
BRDA:159,9,1,2
BRDA:163,10,0,2
BRDA:163,10,1,0
BRDA:167,11,0,2
BRDA:167,11,1,0
BRDA:176,12,0,0
BRDA:176,12,1,2
BRDA:203,13,0,2
BRDA:203,13,1,0
BRDA:233,14,0,1
BRDA:233,14,1,1
BRDA:258,15,0,2
BRDA:258,15,1,0
BRDA:314,16,0,2
BRDA:314,16,1,1
BRDA:340,17,0,2
BRDA:340,17,1,0
BRDA:372,18,0,2
BRDA:372,18,1,0
BRDA:395,19,0,2
BRDA:395,19,1,0
BRDA:395,19,2,0
BRDA:400,20,0,2
BRDA:400,20,1,2
BRDA:436,21,0,0
BRDA:436,21,1,0
BRDA:436,21,2,0
BRDA:436,21,3,0
BRDA:436,21,4,0
BRDA:436,21,5,0
BRDA:436,21,6,0
BRDA:436,21,7,0
BRDA:436,21,8,0
BRDA:436,21,9,0
BRDA:436,21,10,0
BRDA:436,21,11,0
BRF:55
BRH:26
end_of_record
TN:
SF:components/InAppNotificationBanner.tsx
FN:39,(anonymous_0)
FN:49,(anonymous_1)
FN:50,(anonymous_2)
FN:54,(anonymous_3)
FN:59,(anonymous_4)
FN:78,(anonymous_5)
FN:104,(anonymous_6)
FN:109,(anonymous_7)
FN:116,(anonymous_8)
FN:128,(anonymous_9)
FN:133,(anonymous_10)
FN:138,(anonymous_11)
FNF:12
FNH:3
FNDA:5,(anonymous_0)
FNDA:0,(anonymous_1)
FNDA:0,(anonymous_2)
FNDA:0,(anonymous_3)
FNDA:0,(anonymous_4)
FNDA:5,(anonymous_5)
FNDA:0,(anonymous_6)
FNDA:5,(anonymous_7)
FNDA:0,(anonymous_8)
FNDA:0,(anonymous_9)
FNDA:0,(anonymous_10)
FNDA:0,(anonymous_11)
DA:20,1
DA:21,1
DA:22,1
DA:39,1
DA:40,5
DA:41,5
DA:42,5
DA:43,5
DA:44,5
DA:47,5
DA:49,0
DA:52,0
DA:55,0
DA:56,0
DA:60,0
DA:62,0
DA:63,0
DA:66,0
DA:78,5
DA:79,5
DA:81,4
DA:82,0
DA:86,4
DA:89,4
DA:104,4
DA:105,0
DA:109,5
DA:110,5
DA:111,4
DA:116,5
DA:117,0
DA:129,0
DA:133,5
DA:134,0
DA:135,0
DA:136,0
DA:138,0
DA:139,0
DA:144,5
DA:146,4
DA:259,1
LF:41
LH:24
BRDA:55,0,0,0
BRDA:55,0,1,0
BRDA:60,1,0,0
BRDA:60,1,1,0
BRDA:60,2,0,0
BRDA:60,2,1,0
BRDA:79,3,0,4
BRDA:79,3,1,1
BRDA:81,4,0,0
BRDA:81,4,1,4
BRDA:110,5,0,4
BRDA:110,5,1,1
BRDA:134,6,0,0
BRDA:134,6,1,0
BRDA:144,7,0,1
BRDA:144,7,1,4
BRDA:164,8,0,4
BRDA:164,8,1,0
BRDA:176,9,0,1
BRDA:176,9,1,3
BRDA:179,10,0,4
BRDA:179,10,1,3
BRDA:185,11,0,1
BRDA:185,11,1,3
BRDA:201,12,0,1
BRDA:201,12,1,2
BRDA:208,13,0,3
BRDA:208,13,1,3
BRDA:210,14,0,3
BRDA:210,14,1,2
BRF:30
BRH:20
end_of_record
TN:
SF:components/InviteCard.tsx
FN:17,(anonymous_0)
FN:26,(anonymous_1)
FN:27,(anonymous_2)
FN:51,(anonymous_3)
FN:54,(anonymous_4)
FN:64,(anonymous_5)
FNF:6
FNH:6
FNDA:14,(anonymous_0)
FNDA:5,(anonymous_1)
FNDA:5,(anonymous_2)
FNDA:5,(anonymous_3)
FNDA:1,(anonymous_4)
FNDA:1,(anonymous_5)
DA:17,1
DA:18,14
DA:19,14
DA:20,14
DA:21,14
DA:23,14
DA:24,14
DA:26,14
DA:27,5
DA:28,5
DA:29,5
DA:30,5
DA:32,5
DA:33,1
DA:34,1
DA:35,1
DA:38,4
DA:39,4
DA:41,4
DA:42,0
DA:44,4
DA:48,5
DA:49,5
DA:51,5
DA:54,14
DA:55,1
DA:56,1
DA:57,1
DA:58,1
DA:60,1
DA:64,14
DA:65,1
DA:66,1
DA:67,1
DA:68,1
DA:70,1
DA:74,14
DA:76,14
DA:176,1
LF:39
LH:38
BRDA:32,0,0,1
BRDA:32,0,1,4
BRDA:41,1,0,0
BRDA:41,1,1,4
BRDA:55,2,0,0
BRDA:55,2,1,1
BRDA:55,3,0,1
BRDA:55,3,1,1
BRDA:65,4,0,0
BRDA:65,4,1,1
BRDA:74,5,0,14
BRDA:74,5,1,0
BRDA:74,6,0,14
BRDA:74,6,1,0
BRDA:79,7,0,1
BRDA:79,7,1,13
BRDA:86,8,0,0
BRDA:86,8,1,14
BRDA:92,9,0,0
BRDA:92,9,1,0
BRDA:98,10,0,14
BRDA:98,10,1,0
BRDA:100,11,0,14
BRDA:100,11,1,0
BRDA:113,12,0,14
BRDA:113,12,1,0
BRDA:116,13,0,14
BRDA:116,13,1,0
BRDA:122,14,0,13
BRDA:122,14,1,1
BRDA:128,15,0,1
BRDA:128,15,1,0
BRDA:128,16,0,1
BRDA:128,16,1,0
BRDA:135,17,0,14
BRDA:135,17,1,13
BRDA:143,18,0,2
BRDA:143,18,1,11
BRDA:159,19,0,2
BRDA:159,19,1,11
BRF:40
BRH:26
end_of_record
TN:
SF:components/InviteFriendsModal.tsx
FN:27,(anonymous_0)
FN:38,(anonymous_1)
FN:40,(anonymous_2)
FN:41,(anonymous_3)
FN:45,(anonymous_4)
FN:80,(anonymous_5)
FN:84,(anonymous_6)
FN:106,(anonymous_7)
FNF:8
FNH:4
FNDA:4,(anonymous_0)
FNDA:8,(anonymous_1)
FNDA:0,(anonymous_2)
FNDA:0,(anonymous_3)
FNDA:0,(anonymous_4)
FNDA:5,(anonymous_5)
FNDA:0,(anonymous_6)
FNDA:5,(anonymous_7)
DA:27,1
DA:34,4
DA:35,4
DA:38,8
DA:40,4
DA:41,0
DA:42,0
DA:43,0
DA:45,0
DA:46,0
DA:47,0
DA:48,0
DA:53,4
DA:81,5
DA:84,0
DA:106,1
DA:107,5
DA:108,5
DA:153,1
LF:19
LH:11
BRDA:70,0,0,1
BRDA:70,0,1,3
BRDA:113,1,0,0
BRDA:113,1,1,5
BRDA:122,2,0,5
BRDA:122,2,1,0
BRDA:140,3,0,0
BRDA:140,3,1,5
BRF:8
BRH:5
end_of_record
TN:
SF:components/MoodPicker.tsx
FN:40,(anonymous_0)
FN:63,(anonymous_1)
FN:75,(anonymous_2)
FN:76,(anonymous_3)
FN:81,(anonymous_4)
FN:86,(anonymous_5)
FN:92,(anonymous_6)
FN:105,(anonymous_7)
FN:117,(anonymous_8)
FN:163,(anonymous_9)
FN:171,(anonymous_10)
FN:210,(anonymous_11)
FN:221,(anonymous_12)
FN:277,(anonymous_13)
FNF:14
FNH:3
FNDA:6,(anonymous_0)
FNDA:5,(anonymous_1)
FNDA:0,(anonymous_2)
FNDA:0,(anonymous_3)
FNDA:0,(anonymous_4)
FNDA:0,(anonymous_5)
FNDA:0,(anonymous_6)
FNDA:0,(anonymous_7)
FNDA:0,(anonymous_8)
FNDA:24,(anonymous_9)
FNDA:0,(anonymous_10)
FNDA:0,(anonymous_11)
FNDA:0,(anonymous_12)
FNDA:0,(anonymous_13)
DA:19,1
DA:21,1
DA:40,1
DA:51,6
DA:52,6
DA:54,6
DA:55,6
DA:56,6
DA:58,6
DA:59,6
DA:61,6
DA:63,6
DA:64,5
DA:65,5
DA:67,5
DA:68,5
DA:69,5
DA:71,0
DA:75,6
DA:76,0
DA:77,0
DA:81,6
DA:82,0
DA:83,0
DA:86,6
DA:87,0
DA:88,0
DA:89,0
DA:92,6
DA:93,0
DA:94,0
DA:95,0
DA:97,0
DA:98,0
DA:99,0
DA:100,0
DA:103,6
DA:105,6
DA:106,0
DA:107,0
DA:117,6
DA:121,6
DA:164,24
DA:165,24
DA:167,24
DA:171,0
DA:211,0
DA:212,0
DA:213,0
DA:214,0
DA:215,0
DA:218,0
DA:222,0
DA:223,0
DA:224,0
DA:277,0
DA:305,1
LF:57
LH:29
BRDA:58,0,0,6
BRDA:58,0,1,6
BRDA:59,1,0,6
BRDA:59,1,1,6
BRDA:64,2,0,5
BRDA:64,2,1,0
BRDA:68,3,0,5
BRDA:68,3,1,4
BRDA:69,4,0,5
BRDA:69,4,1,4
BRDA:87,5,0,0
BRDA:87,5,1,0
BRDA:88,6,0,0
BRDA:88,6,1,0
BRDA:95,7,0,0
BRDA:95,7,1,0
BRDA:95,8,0,0
BRDA:95,8,1,0
BRDA:103,9,0,6
BRDA:103,9,1,1
BRDA:164,10,0,24
BRDA:164,10,1,24
BRDA:175,11,0,24
BRDA:175,11,1,6
BRDA:185,12,0,24
BRDA:185,12,1,6
BRDA:199,13,0,6
BRDA:199,13,1,6
BRDA:199,13,2,2
BRDA:199,13,3,0
BRDA:204,14,0,6
BRDA:204,14,1,6
BRDA:204,14,2,4
BRDA:211,15,0,0
BRDA:211,15,1,0
BRDA:212,16,0,0
BRDA:212,16,1,0
BRDA:213,17,0,0
BRDA:213,17,1,0
BRDA:222,18,0,0
BRDA:222,18,1,0
BRDA:222,19,0,0
BRDA:222,19,1,0
BRDA:230,20,0,2
BRDA:230,20,1,4
BRDA:230,21,0,6
BRDA:230,21,1,2
BRDA:232,22,0,0
BRDA:232,22,1,4
BRDA:232,23,0,4
BRDA:232,23,1,0
BRDA:240,24,0,2
BRDA:240,24,1,4
BRDA:240,25,0,6
BRDA:240,25,1,2
BRDA:243,26,0,2
BRDA:243,26,1,4
BRDA:243,27,0,6
BRDA:243,27,1,2
BRDA:246,28,0,6
BRDA:246,28,1,0
BRDA:246,28,2,0
BRDA:246,28,3,0
BRDA:254,29,0,6
BRDA:254,29,1,0
BRDA:285,30,0,0
BRDA:285,30,1,0
BRDA:289,31,0,0
BRDA:289,31,1,0
BRF:69
BRH:39
end_of_record
TN:
SF:components/NotificationCard.tsx
FN:36,(anonymous_0)
FN:83,(anonymous_1)
FN:95,(anonymous_2)
FN:116,(anonymous_3)
FN:122,(anonymous_4)
FN:127,(anonymous_5)
FN:134,(anonymous_6)
FN:158,(anonymous_7)
FN:259,RightActionButton
FN:266,(anonymous_9)
FNF:10
FNH:3
FNDA:10,(anonymous_0)
FNDA:10,(anonymous_1)
FNDA:10,(anonymous_2)
FNDA:0,(anonymous_3)
FNDA:0,(anonymous_4)
FNDA:0,(anonymous_5)
FNDA:0,(anonymous_6)
FNDA:0,(anonymous_7)
FNDA:0,RightActionButton
FNDA:0,(anonymous_9)
DA:25,1
DA:26,1
DA:36,1
DA:37,10
DA:39,5
DA:45,1
DA:51,1
DA:57,1
DA:63,1
DA:69,1
DA:75,0
DA:83,1
DA:89,10
DA:90,10
DA:91,10
DA:92,10
DA:95,10
DA:96,10
DA:112,10
DA:113,10
DA:116,10
DA:117,0
DA:118,0
DA:123,0
DA:127,10
DA:131,0
DA:135,0
DA:136,0
DA:142,10
DA:159,0
DA:266,0
DA:267,0
DA:268,0
DA:274,0
DA:280,0
DA:286,0
DA:300,1
LF:37
LH:23
BRDA:37,0,0,5
BRDA:37,0,1,1
BRDA:37,0,2,1
BRDA:37,0,3,1
BRDA:37,0,4,1
BRDA:37,0,5,1
BRDA:37,0,6,0
BRDA:87,1,0,10
BRDA:113,2,0,10
BRDA:113,2,1,9
BRDA:165,3,0,10
BRDA:165,3,1,0
BRDA:170,4,0,1
BRDA:170,4,1,9
BRDA:177,5,0,1
BRDA:177,5,1,9
BRDA:183,6,0,1
BRDA:183,6,1,9
BRDA:206,7,0,10
BRDA:206,7,1,9
BRDA:226,8,0,1
BRDA:226,8,1,9
BRF:22
BRH:20
end_of_record
TN:
SF:components/OfflineBanner.tsx
FN:8,(anonymous_0)
FNF:1
FNH:1
FNDA:2,(anonymous_0)
DA:8,1
DA:9,2
DA:10,2
DA:11,2
DA:13,2
DA:15,1
DA:22,1
LF:7
LH:7
BRDA:13,0,0,1
BRDA:13,0,1,1
BRF:2
BRH:2
end_of_record
TN:
SF:components/OrbitView.tsx
FN:28,(anonymous_0)
FN:47,(anonymous_1)
FN:48,(anonymous_2)
FN:51,(anonymous_3)
FN:52,(anonymous_4)
FN:53,(anonymous_5)
FN:64,(anonymous_6)
FN:85,(anonymous_7)
FN:95,(anonymous_8)
FN:98,(anonymous_9)
FN:110,(anonymous_10)
FN:189,(anonymous_11)
FN:189,(anonymous_12)
FN:191,(anonymous_13)
FN:195,(anonymous_14)
FN:196,(anonymous_15)
FN:203,(anonymous_16)
FN:204,(anonymous_17)
FN:234,(anonymous_18)
FN:240,(anonymous_19)
FNF:20
FNH:10
FNDA:2,(anonymous_0)
FNDA:0,(anonymous_1)
FNDA:0,(anonymous_2)
FNDA:0,(anonymous_3)
FNDA:0,(anonymous_4)
FNDA:0,(anonymous_5)
FNDA:0,(anonymous_6)
FNDA:0,(anonymous_7)
FNDA:0,(anonymous_8)
FNDA:0,(anonymous_9)
FNDA:2,(anonymous_10)
FNDA:2,(anonymous_11)
FNDA:1,(anonymous_12)
FNDA:2,(anonymous_13)
FNDA:2,(anonymous_14)
FNDA:1,(anonymous_15)
FNDA:2,(anonymous_16)
FNDA:1,(anonymous_17)
FNDA:1,(anonymous_18)
FNDA:0,(anonymous_19)
DA:15,1
DA:16,1
DA:17,1
DA:28,1
DA:37,2
DA:38,2
DA:39,2
DA:40,2
DA:41,2
DA:42,2
DA:45,2
DA:47,0
DA:49,0
DA:51,0
DA:52,0
DA:54,0
DA:55,0
DA:56,0
DA:57,0
DA:59,0
DA:60,0
DA:61,0
DA:62,0
DA:65,0
DA:66,0
DA:67,0
DA:68,0
DA:69,0
DA:70,0
DA:71,0
DA:73,0
DA:74,0
DA:75,0
DA:77,0
DA:78,0
DA:79,0
DA:80,0
DA:82,0
DA:83,0
DA:86,0
DA:87,0
DA:88,0
DA:89,0
DA:95,0
DA:96,0
DA:98,0
DA:99,0
DA:100,0
DA:101,0
DA:104,0
DA:110,2
DA:111,2
DA:113,1
DA:114,1
DA:115,1
DA:116,1
DA:118,1
DA:119,1
DA:120,1
DA:121,1
DA:123,1
DA:124,1
DA:125,1
DA:127,1
DA:128,1
DA:129,1
DA:131,1
DA:132,1
DA:133,1
DA:134,1
DA:136,1
DA:137,1
DA:139,1
DA:147,1
DA:148,1
DA:149,1
DA:151,1
DA:158,1
DA:159,1
DA:160,0
DA:161,0
DA:162,0
DA:163,0
DA:167,1
DA:168,1
DA:169,1
DA:170,1
DA:175,1
DA:178,1
DA:179,0
DA:180,0
DA:181,0
DA:182,0
DA:186,1
DA:189,2
DA:190,2
DA:191,2
DA:195,2
DA:196,2
DA:197,1
DA:198,1
DA:199,1
DA:203,2
DA:204,2
DA:205,1
DA:206,1
DA:207,1
DA:211,2
DA:213,2
DA:235,1
DA:240,0
DA:256,1
LF:112
LH:64
BRDA:49,0,0,0
BRDA:49,0,1,0
BRDA:55,1,0,0
BRDA:55,1,1,0
BRDA:65,2,0,0
BRDA:65,2,1,0
BRDA:70,3,0,0
BRDA:70,3,1,0
BRDA:71,4,0,0
BRDA:71,4,1,0
BRDA:79,5,0,0
BRDA:79,5,1,0
BRDA:87,6,0,0
BRDA:87,6,1,0
BRDA:111,7,0,1
BRDA:111,7,1,1
BRDA:136,8,0,2
BRDA:136,8,1,1
BRDA:151,9,0,1
BRDA:151,9,1,0
BRDA:152,10,0,1
BRDA:152,10,1,1
BRDA:152,10,2,1
BRDA:152,10,3,1
BRDA:152,10,4,1
BRDA:161,11,0,0
BRDA:161,11,1,0
BRDA:167,12,0,1
BRDA:167,12,1,0
BRDA:178,13,0,0
BRDA:178,13,1,1
BRDA:211,14,0,2
BRDA:211,14,1,0
BRDA:216,15,0,2
BRDA:216,15,1,0
BRDA:242,16,0,1
BRDA:242,16,1,0
BRDA:243,17,0,1
BRDA:243,17,1,1
BRDA:244,18,0,1
BRDA:244,18,1,0
BRDA:251,19,0,2
BRDA:251,19,1,0
BRF:43
BRH:19
end_of_record
TN:
SF:components/ParticleSphere.tsx
FN:52,getGradientForIndex
FN:63,interpolateColor
FN:78,(anonymous_2)
FN:82,generateFibonacciSphere
FN:104,ParticleSphere
FN:109,(anonymous_5)
FN:123,(anonymous_6)
FN:124,(anonymous_7)
FN:125,(anonymous_8)
FN:126,(anonymous_9)
FN:127,(anonymous_10)
FN:132,(anonymous_11)
FN:141,(anonymous_12)
FN:180,(anonymous_13)
FN:187,(anonymous_14)
FN:233,(anonymous_15)
FN:336,(anonymous_16)
FNF:17
FNH:11
FNDA:3,getGradientForIndex
FNDA:1230,interpolateColor
FNDA:3690,(anonymous_2)
FNDA:3,generateFibonacciSphere
FNDA:3,ParticleSphere
FNDA:3,(anonymous_5)
FNDA:3,(anonymous_6)
FNDA:0,(anonymous_7)
FNDA:0,(anonymous_8)
FNDA:0,(anonymous_9)
FNDA:0,(anonymous_10)
FNDA:3,(anonymous_11)
FNDA:3,(anonymous_12)
FNDA:3,(anonymous_13)
FNDA:0,(anonymous_14)
FNDA:410,(anonymous_15)
FNDA:0,(anonymous_16)
DA:15,1
DA:17,1
DA:18,1
DA:19,0
DA:28,1
DA:44,1
DA:53,3
DA:54,3
DA:57,3
DA:58,3
DA:60,0
DA:65,1230
DA:66,1230
DA:67,1230
DA:68,1230
DA:69,1230
DA:70,1230
DA:71,1230
DA:72,1230
DA:74,1230
DA:75,1230
DA:76,1230
DA:78,3690
DA:83,3
DA:84,3
DA:86,3
DA:87,410
DA:88,410
DA:90,410
DA:92,410
DA:93,410
DA:96,410
DA:98,410
DA:101,3
DA:109,3
DA:112,3
DA:113,3
DA:114,3
DA:115,3
DA:117,3
DA:118,3
DA:119,3
DA:120,3
DA:123,3
DA:124,3
DA:125,3
DA:126,3
DA:127,3
DA:129,0
DA:132,3
DA:133,3
DA:134,3
DA:135,3
DA:136,3
DA:141,3
DA:143,3
DA:150,3
DA:153,3
DA:160,3
DA:163,3
DA:177,3
DA:180,3
DA:181,3
DA:182,3
DA:183,3
DA:187,3
DA:188,0
DA:191,0
DA:206,3
DA:207,3
DA:208,3
DA:211,3
DA:212,3
DA:213,3
DA:216,3
DA:217,3
DA:234,410
DA:235,410
DA:236,410
DA:237,410
DA:238,410
DA:239,410
DA:240,410
DA:243,410
DA:244,410
DA:245,410
DA:246,410
DA:249,410
DA:250,410
DA:251,410
DA:254,410
DA:260,410
DA:330,0
DA:331,0
DA:338,0
DA:339,0
DA:341,0
DA:342,0
DA:343,0
DA:346,0
DA:347,0
DA:350,0
DA:351,0
DA:352,0
DA:355,0
DA:356,0
DA:357,0
DA:358,0
DA:364,0
DA:385,1
LF:110
LH:88
BRDA:57,0,0,3
BRDA:57,0,1,0
BRDA:105,1,0,2
BRDA:106,2,0,2
BRDA:216,3,0,3
BRDA:216,3,1,0
BRF:6
BRH:4
end_of_record
TN:
SF:components/PickRoomModal.tsx
FN:25,(anonymous_0)
FN:35,(anonymous_1)
FN:72,(anonymous_2)
FN:76,(anonymous_3)
FN:98,(anonymous_4)
FNF:5
FNH:3
FNDA:4,(anonymous_0)
FNDA:0,(anonymous_1)
FNDA:6,(anonymous_2)
FNDA:0,(anonymous_3)
FNDA:6,(anonymous_4)
DA:25,1
DA:32,4
DA:33,4
DA:35,4
DA:36,0
DA:37,0
DA:38,0
DA:40,0
DA:44,4
DA:73,6
DA:76,0
DA:98,1
DA:99,6
DA:100,6
DA:130,1
LF:15
LH:10
BRDA:61,0,0,1
BRDA:61,0,1,3
BRDA:107,1,0,6
BRDA:107,1,1,0
BRDA:117,2,0,0
BRDA:117,2,1,6
BRF:6
BRH:4
end_of_record
TN:
SF:components/QRCode.tsx
FN:30,(anonymous_0)
FN:41,(anonymous_1)
FN:48,(anonymous_2)
FN:52,(anonymous_3)
FN:134,(anonymous_4)
FNF:5
FNH:2
FNDA:6,(anonymous_0)
FNDA:0,(anonymous_1)
FNDA:0,(anonymous_2)
FNDA:0,(anonymous_3)
FNDA:2,(anonymous_4)
DA:11,1
DA:12,1
DA:13,1
DA:30,1
DA:38,6
DA:39,6
DA:41,6
DA:42,0
DA:43,0
DA:44,0
DA:46,0
DA:48,0
DA:52,6
DA:53,0
DA:54,0
DA:59,0
DA:63,6
DA:65,0
DA:77,6
DA:134,1
DA:135,2
DA:137,2
DA:163,1
LF:23
LH:14
BRDA:32,0,0,4
BRDA:35,1,0,5
BRDA:36,2,0,5
BRDA:63,3,0,0
BRDA:63,3,1,6
BRDA:71,4,0,0
BRDA:71,4,1,0
BRDA:72,5,0,0
BRDA:72,5,1,0
BRDA:79,6,0,6
BRDA:79,6,1,1
BRDA:87,7,0,6
BRDA:87,7,1,1
BRDA:89,8,0,6
BRDA:89,8,1,1
BRDA:89,8,2,5
BRDA:91,9,0,5
BRDA:91,9,1,5
BRDA:98,10,0,0
BRDA:98,10,1,5
BRDA:103,11,0,0
BRDA:103,11,1,5
BRDA:107,12,0,5
BRDA:107,12,1,5
BRDA:140,13,0,2
BRDA:140,13,1,0
BRDA:143,14,0,2
BRDA:143,14,1,0
BRDA:146,15,0,2
BRDA:146,15,1,1
BRF:30
BRH:21
end_of_record
TN:
SF:components/ReportModal.tsx
FN:25,(anonymous_0)
FN:35,(anonymous_1)
FN:44,(anonymous_2)
FN:101,(anonymous_3)
FN:104,(anonymous_4)
FN:176,(anonymous_5)
FNF:6
FNH:0
FNDA:0,(anonymous_0)
FNDA:0,(anonymous_1)
FNDA:0,(anonymous_2)
FNDA:0,(anonymous_3)
FNDA:0,(anonymous_4)
FNDA:0,(anonymous_5)
DA:25,0
DA:31,0
DA:32,0
DA:33,0
DA:35,0
DA:36,0
DA:37,0
DA:38,0
DA:39,0
DA:40,0
DA:44,0
DA:45,0
DA:46,0
DA:47,0
DA:50,0
DA:77,0
DA:79,0
DA:102,0
DA:104,0
DA:176,0
LF:20
LH:0
BRDA:36,0,0,0
BRDA:36,0,1,0
BRDA:37,1,0,0
BRDA:37,1,1,0
BRDA:83,2,0,0
BRDA:83,2,1,0
BRDA:107,3,0,0
BRDA:107,3,1,0
BRDA:115,4,0,0
BRDA:115,4,1,0
BRDA:152,5,0,0
BRDA:152,5,1,0
BRDA:156,6,0,0
BRDA:156,6,1,0
BRDA:162,7,0,0
BRDA:162,7,1,0
BRF:16
BRH:0
end_of_record
TN:
SF:components/RoomCard.tsx
FN:19,(anonymous_0)
FN:25,(anonymous_1)
FN:41,(anonymous_2)
FN:54,(anonymous_3)
FN:57,(anonymous_4)
FN:111,(anonymous_5)
FN:155,(anonymous_6)
FN:359,(anonymous_7)
FN:367,(anonymous_8)
FN:368,(anonymous_9)
FNF:10
FNH:6
FNDA:12,(anonymous_0)
FNDA:12,(anonymous_1)
FNDA:1,(anonymous_2)
FNDA:2,(anonymous_3)
FNDA:2,(anonymous_4)
FNDA:0,(anonymous_5)
FNDA:2,(anonymous_6)
FNDA:0,(anonymous_7)
FNDA:0,(anonymous_8)
FNDA:0,(anonymous_9)
DA:19,2
DA:20,12
DA:21,12
DA:22,12
DA:23,12
DA:25,12
DA:41,12
DA:42,1
DA:43,1
DA:44,1
DA:45,1
DA:47,1
DA:48,1
DA:49,1
DA:50,1
DA:51,1
DA:54,12
DA:55,2
DA:57,12
DA:58,2
DA:61,12
DA:62,12
DA:63,12
DA:65,12
DA:66,12
DA:69,12
DA:71,12
DA:112,0
DA:113,0
DA:114,0
DA:115,0
DA:117,0
DA:156,2
DA:157,2
DA:159,2
DA:213,2
DA:359,2
DA:360,0
DA:367,0
DA:368,0
LF:40
LH:32
BRDA:19,0,0,6
BRDA:19,1,0,6
BRDA:21,2,0,12
BRDA:21,2,1,5
BRDA:42,3,0,1
BRDA:42,3,1,1
BRDA:43,4,0,1
BRDA:43,4,1,1
BRDA:44,5,0,1
BRDA:44,5,1,0
BRDA:45,6,0,1
BRDA:45,6,1,0
BRDA:47,7,0,0
BRDA:47,7,1,1
BRDA:47,8,0,1
BRDA:47,8,1,0
BRDA:48,9,0,0
BRDA:48,9,1,1
BRDA:48,10,0,1
BRDA:48,10,1,1
BRDA:49,11,0,0
BRDA:49,11,1,1
BRDA:49,12,0,1
BRDA:49,12,1,0
BRDA:50,13,0,0
BRDA:50,13,1,1
BRDA:50,14,0,1
BRDA:50,14,1,1
BRDA:55,15,0,2
BRDA:55,15,1,2
BRDA:55,15,2,0
BRDA:58,16,0,2
BRDA:58,16,1,2
BRDA:58,17,0,2
BRDA:58,17,1,0
BRDA:66,18,0,0
BRDA:66,18,1,12
BRDA:66,19,0,12
BRDA:66,19,1,0
BRDA:66,19,2,0
BRDA:68,20,0,12
BRDA:68,20,1,1
BRDA:69,21,0,12
BRDA:69,21,1,12
BRDA:69,21,2,8
BRDA:73,22,0,12
BRDA:73,22,1,0
BRDA:79,23,0,12
BRDA:79,23,1,1
BRDA:82,24,0,12
BRDA:82,24,1,1
BRDA:93,25,0,12
BRDA:93,25,1,2
BRDA:102,26,0,12
BRDA:102,26,1,1
BRDA:113,27,0,0
BRDA:113,27,1,0
BRDA:122,28,0,0
BRDA:122,28,1,0
BRDA:125,29,0,0
BRDA:125,29,1,0
BRDA:131,30,0,0
BRDA:131,30,1,0
BRDA:144,31,0,0
BRDA:144,31,1,0
BRDA:151,32,0,12
BRDA:151,32,1,0
BRDA:151,32,2,0
BRDA:157,33,0,0
BRDA:157,33,1,2
BRDA:164,34,0,1
BRDA:164,34,1,1
BRDA:167,35,0,0
BRDA:167,35,1,2
BRDA:186,36,0,12
BRDA:186,36,1,0
BRDA:194,37,0,12
BRDA:194,37,1,1
BRDA:196,38,0,0
BRDA:196,38,1,1
BRDA:200,39,0,12
BRDA:200,39,1,11
BRDA:361,40,0,0
BRDA:361,40,1,0
BRDA:361,40,2,0
BRDA:361,40,3,0
BRDA:361,40,4,0
BRDA:361,40,5,0
BRDA:361,40,6,0
BRF:89
BRH:52
end_of_record
TN:
SF:components/RoomListModal.tsx
FN:25,(anonymous_0)
FN:59,(anonymous_1)
FN:63,(anonymous_2)
FN:87,(anonymous_3)
FN:111,(anonymous_4)
FNF:5
FNH:3
FNDA:5,(anonymous_0)
FNDA:4,(anonymous_1)
FNDA:0,(anonymous_2)
FNDA:4,(anonymous_3)
FNDA:0,(anonymous_4)
DA:25,1
DA:32,5
DA:34,5
DA:60,4
DA:63,0
DA:87,1
DA:88,4
DA:89,4
DA:90,4
DA:92,4
DA:112,0
DA:113,0
DA:115,0
DA:146,1
LF:14
LH:10
BRDA:53,0,0,3
BRDA:53,0,1,2
BRDA:89,1,0,4
BRDA:89,1,1,4
BRDA:90,2,0,4
BRDA:90,2,1,0
BRDA:96,3,0,4
BRDA:96,3,1,0
BRDA:99,4,0,0
BRDA:99,4,1,4
BRDA:101,5,0,4
BRDA:101,5,1,2
BRDA:109,6,0,4
BRDA:109,6,1,0
BRDA:113,7,0,0
BRDA:113,7,1,0
BRDA:116,8,0,0
BRDA:116,8,1,0
BRDA:117,9,0,0
BRDA:117,9,1,0
BRF:20
BRH:10
end_of_record
TN:
SF:components/RoomSettingsModal.tsx
FN:63,(anonymous_0)
FN:89,(anonymous_1)
FN:97,(anonymous_2)
FN:109,(anonymous_3)
FN:123,(anonymous_4)
FN:145,(anonymous_5)
FN:151,(anonymous_6)
FN:166,(anonymous_7)
FN:172,(anonymous_8)
FN:186,(anonymous_9)
FN:191,(anonymous_10)
FN:197,(anonymous_11)
FN:199,(anonymous_12)
FN:202,(anonymous_13)
FN:205,(anonymous_14)
FN:208,(anonymous_15)
FN:209,(anonymous_16)
FN:212,(anonymous_17)
FN:214,(anonymous_18)
FN:223,(anonymous_19)
FN:225,(anonymous_20)
FN:236,(anonymous_21)
FN:252,(anonymous_22)
FN:259,(anonymous_23)
FN:265,(anonymous_24)
FN:314,(anonymous_25)
FN:383,(anonymous_26)
FN:452,(anonymous_27)
FN:474,(anonymous_28)
FN:506,(anonymous_29)
FN:526,(anonymous_30)
FN:584,(anonymous_31)
FN:594,(anonymous_32)
FN:633,(anonymous_33)
FN:689,(anonymous_34)
FNF:35
FNH:8
FNDA:5,(anonymous_0)
FNDA:5,(anonymous_1)
FNDA:0,(anonymous_2)
FNDA:0,(anonymous_3)
FNDA:0,(anonymous_4)
FNDA:0,(anonymous_5)
FNDA:0,(anonymous_6)
FNDA:0,(anonymous_7)
FNDA:0,(anonymous_8)
FNDA:0,(anonymous_9)
FNDA:0,(anonymous_10)
FNDA:5,(anonymous_11)
FNDA:0,(anonymous_12)
FNDA:5,(anonymous_13)
FNDA:0,(anonymous_14)
FNDA:0,(anonymous_15)
FNDA:0,(anonymous_16)
FNDA:0,(anonymous_17)
FNDA:0,(anonymous_18)
FNDA:5,(anonymous_19)
FNDA:5,(anonymous_20)
FNDA:0,(anonymous_21)
FNDA:0,(anonymous_22)
FNDA:0,(anonymous_23)
FNDA:10,(anonymous_24)
FNDA:0,(anonymous_25)
FNDA:0,(anonymous_26)
FNDA:0,(anonymous_27)
FNDA:0,(anonymous_28)
FNDA:10,(anonymous_29)
FNDA:0,(anonymous_30)
FNDA:0,(anonymous_31)
FNDA:0,(anonymous_32)
FNDA:0,(anonymous_33)
FNDA:0,(anonymous_34)
DA:35,1
DA:38,1
DA:39,0
DA:61,1
DA:63,1
DA:81,5
DA:82,5
DA:83,5
DA:85,5
DA:86,5
DA:87,5
DA:89,5
DA:90,5
DA:91,5
DA:93,0
DA:97,5
DA:98,0
DA:99,0
DA:109,5
DA:112,5
DA:113,5
DA:114,5
DA:115,5
DA:116,5
DA:117,5
DA:118,5
DA:119,5
DA:120,5
DA:121,5
DA:123,5
DA:124,0
DA:125,0
DA:126,0
DA:129,0
DA:130,0
DA:131,0
DA:134,0
DA:135,0
DA:136,0
DA:137,0
DA:139,0
DA:141,0
DA:145,5
DA:146,0
DA:152,0
DA:153,0
DA:154,0
DA:155,0
DA:157,0
DA:159,0
DA:166,5
DA:167,0
DA:173,0
DA:174,0
DA:175,0
DA:177,0
DA:179,0
DA:186,5
DA:187,0
DA:188,0
DA:191,5
DA:192,0
DA:193,0
DA:194,0
DA:197,5
DA:198,5
DA:199,0
DA:202,5
DA:203,5
DA:204,0
DA:205,0
DA:208,5
DA:209,0
DA:210,0
DA:211,0
DA:212,0
DA:214,0
DA:215,0
DA:216,0
DA:217,0
DA:223,5
DA:224,5
DA:225,5
DA:227,5
DA:228,5
DA:230,0
DA:231,0
DA:232,0
DA:236,5
DA:237,0
DA:238,0
DA:240,0
DA:241,0
DA:242,0
DA:245,0
DA:246,0
DA:248,0
DA:252,5
DA:253,0
DA:254,0
DA:255,0
DA:256,0
DA:257,0
DA:258,0
DA:259,0
DA:260,0
DA:265,5
DA:266,10
DA:267,10
DA:269,10
DA:270,10
DA:272,10
DA:314,5
DA:315,0
DA:316,0
DA:318,0
DA:319,0
DA:320,0
DA:321,0
DA:322,0
DA:323,0
DA:325,0
DA:383,0
DA:399,5
DA:400,5
DA:402,5
DA:453,0
DA:454,0
DA:474,0
DA:507,10
DA:527,0
DA:584,0
DA:595,0
DA:596,0
DA:597,0
DA:633,0
DA:690,0
DA:691,0
DA:739,1
LF:139
LH:54
BRDA:38,0,0,0
BRDA:38,0,1,1
BRDA:38,1,0,1
BRDA:38,1,1,0
BRDA:85,2,0,5
BRDA:85,2,1,5
BRDA:86,3,0,5
BRDA:86,3,1,5
BRDA:90,4,0,5
BRDA:90,4,1,0
BRDA:124,5,0,0
BRDA:124,5,1,0
BRDA:129,6,0,0
BRDA:129,6,1,0
BRDA:194,7,0,0
BRDA:194,7,1,0
BRDA:198,8,0,5
BRDA:198,8,1,0
BRDA:198,9,0,5
BRDA:198,9,1,0
BRDA:203,10,0,5
BRDA:203,10,1,0
BRDA:224,11,0,0
BRDA:224,11,1,5
BRDA:224,12,0,5
BRDA:224,12,1,5
BRDA:227,13,0,0
BRDA:227,13,1,5
BRDA:228,14,0,5
BRDA:228,14,1,0
BRDA:230,15,0,0
BRDA:230,15,1,0
BRDA:231,16,0,0
BRDA:231,16,1,0
BRDA:241,17,0,0
BRDA:241,17,1,0
BRDA:267,18,0,0
BRDA:267,18,1,10
BRDA:269,19,0,10
BRDA:269,19,1,0
BRDA:277,20,0,10
BRDA:277,20,1,5
BRDA:280,21,0,0
BRDA:280,21,1,10
BRDA:286,22,0,0
BRDA:286,22,1,0
BRDA:301,23,0,0
BRDA:301,23,1,10
BRDA:308,24,0,10
BRDA:308,24,1,0
BRDA:316,25,0,0
BRDA:316,25,1,0
BRDA:320,26,0,0
BRDA:320,26,1,0
BRDA:320,26,2,0
BRDA:322,27,0,0
BRDA:322,27,1,0
BRDA:327,28,0,0
BRDA:327,28,1,0
BRDA:332,29,0,0
BRDA:332,29,1,0
BRDA:338,30,0,0
BRDA:338,30,1,0
BRDA:352,31,0,0
BRDA:352,31,1,0
BRDA:359,32,0,0
BRDA:359,32,1,0
BRDA:367,33,0,0
BRDA:367,33,1,0
BRDA:369,34,0,0
BRDA:369,34,1,0
BRDA:375,35,0,0
BRDA:375,35,1,0
BRDA:380,36,0,0
BRDA:380,36,1,0
BRDA:387,37,0,0
BRDA:387,37,1,0
BRDA:438,38,0,0
BRDA:438,38,1,5
BRDA:466,39,0,0
BRDA:466,39,1,0
BRDA:474,40,0,0
BRDA:474,40,1,0
BRDA:481,41,0,5
BRDA:481,41,1,4
BRDA:483,42,0,5
BRDA:483,42,1,4
BRDA:494,43,0,5
BRDA:494,43,1,0
BRDA:509,44,0,5
BRDA:509,44,1,0
BRDA:516,45,0,0
BRDA:516,45,1,5
BRDA:523,46,0,5
BRDA:523,46,1,0
BRDA:538,47,0,5
BRDA:538,47,1,4
BRDA:551,48,0,0
BRDA:551,48,1,4
BRDA:555,49,0,0
BRDA:555,49,1,4
BRDA:561,50,0,4
BRDA:561,50,1,0
BRDA:564,51,0,0
BRDA:564,51,1,0
BRDA:583,52,0,0
BRDA:583,52,1,0
BRDA:590,53,0,0
BRDA:590,53,1,0
BRDA:599,54,0,0
BRDA:599,54,1,0
BRDA:603,55,0,0
BRDA:603,55,1,0
BRDA:616,56,0,0
BRDA:616,56,1,0
BRDA:622,57,0,0
BRDA:622,57,1,0
BRDA:625,58,0,0
BRDA:625,58,1,0
BRDA:637,59,0,0
BRDA:637,59,1,0
BRDA:660,60,0,5
BRDA:660,60,1,4
BRDA:669,61,0,0
BRDA:669,61,1,4
BRDA:685,62,0,5
BRDA:685,62,1,1
BRDA:709,63,0,5
BRDA:709,63,1,4
BRF:129
BRH:43
end_of_record
TN:
SF:components/RoomView.tsx
FN:22,(anonymous_0)
FN:37,(anonymous_1)
FN:38,(anonymous_2)
FN:40,(anonymous_3)
FN:59,(anonymous_4)
FN:80,(anonymous_5)
FN:81,(anonymous_6)
FNF:7
FNH:3
FNDA:6,(anonymous_0)
FNDA:3,(anonymous_1)
FNDA:3,(anonymous_2)
FNDA:0,(anonymous_3)
FNDA:0,(anonymous_4)
FNDA:0,(anonymous_5)
FNDA:0,(anonymous_6)
DA:22,1
DA:30,6
DA:31,6
DA:32,6
DA:33,6
DA:36,6
DA:37,3
DA:38,3
DA:40,6
DA:44,6
DA:59,0
DA:81,0
DA:82,0
DA:102,1
LF:14
LH:11
BRDA:38,0,0,3
BRDA:38,0,1,3
BRDA:69,1,0,6
BRDA:69,1,1,1
BRDA:71,2,0,1
BRDA:71,2,1,5
BRDA:76,3,0,1
BRDA:76,3,1,5
BRF:8
BRH:8
end_of_record
TN:
SF:components/StarField.tsx
FN:18,StarField
FN:22,(anonymous_1)
FN:23,(anonymous_2)
FN:36,(anonymous_3)
FN:48,(anonymous_4)
FN:51,(anonymous_5)
FN:55,(anonymous_6)
FN:68,(anonymous_7)
FNF:8
FNH:7
FNDA:2,StarField
FNDA:2,(anonymous_1)
FNDA:100,(anonymous_2)
FNDA:100,(anonymous_3)
FNDA:100,(anonymous_4)
FNDA:100,(anonymous_5)
FNDA:0,(anonymous_6)
FNDA:100,(anonymous_7)
DA:5,1
DA:6,1
DA:19,2
DA:22,2
DA:23,100
DA:34,2
DA:37,100
DA:48,1
DA:49,100
DA:51,100
DA:52,100
DA:55,100
DA:56,0
DA:64,0
DA:68,100
DA:69,100
DA:70,100
DA:74,100
DA:75,100
DA:80,100
DA:85,100
DA:102,1
LF:22
LH:20
BRDA:74,0,0,100
BRDA:74,0,1,0
BRF:2
BRH:1
end_of_record
TN:
SF:components/StreakBadge.tsx
FN:13,BoltIcon
FN:41,StreakBadgeComponent
FNF:2
FNH:2
FNDA:5,BoltIcon
FNDA:5,StreakBadgeComponent
DA:14,5
DA:15,5
DA:20,5
DA:22,5
DA:42,5
DA:44,5
DA:46,3
DA:47,3
DA:48,3
DA:49,3
DA:50,3
DA:52,3
DA:69,1
DA:71,1
LF:14
LH:14
BRDA:13,0,0,1
BRDA:13,1,0,1
BRDA:44,2,0,2
BRDA:44,2,1,3
BRDA:44,3,0,5
BRDA:44,3,1,4
BRDA:50,4,0,1
BRDA:50,4,1,2
BRDA:50,5,0,1
BRDA:50,5,1,1
BRDA:56,6,0,3
BRDA:56,6,1,0
BRDA:57,7,0,3
BRDA:57,7,1,2
BRDA:57,7,2,1
BRDA:58,8,0,3
BRDA:58,8,1,1
BRDA:60,9,0,0
BRDA:60,9,1,3
BRDA:61,10,0,3
BRDA:61,10,1,0
BRDA:61,11,0,3
BRDA:61,11,1,0
BRF:23
BRH:19
end_of_record
TN:
SF:components/SwipeableFriendCard.tsx
FN:29,(anonymous_0)
FN:43,(anonymous_1)
FN:48,(anonymous_2)
FN:54,(anonymous_3)
FN:67,(anonymous_4)
FN:71,(anonymous_5)
FN:97,(anonymous_6)
FN:158,(anonymous_7)
FN:183,RightActionButton
FN:194,(anonymous_9)
FNF:10
FNH:2
FNDA:5,(anonymous_0)
FNDA:0,(anonymous_1)
FNDA:0,(anonymous_2)
FNDA:0,(anonymous_3)
FNDA:0,(anonymous_4)
FNDA:0,(anonymous_5)
FNDA:0,(anonymous_6)
FNDA:1,(anonymous_7)
FNDA:0,RightActionButton
FNDA:0,(anonymous_9)
DA:18,1
DA:19,1
DA:29,1
DA:36,5
DA:37,5
DA:38,5
DA:39,5
DA:40,5
DA:41,5
DA:43,5
DA:44,0
DA:45,0
DA:48,5
DA:49,0
DA:50,0
DA:53,5
DA:55,0
DA:67,5
DA:68,0
DA:71,5
DA:72,0
DA:73,0
DA:75,0
DA:80,0
DA:83,5
DA:98,0
DA:99,0
DA:159,1
DA:160,1
DA:161,1
DA:166,1
DA:171,1
DA:194,0
DA:195,0
DA:196,0
DA:202,0
DA:208,0
DA:214,0
DA:228,1
LF:39
LH:21
BRDA:72,0,0,0
BRDA:72,0,1,0
BRDA:115,1,0,0
BRDA:115,1,1,5
BRDA:121,2,0,0
BRDA:121,2,1,0
BRDA:134,3,0,0
BRDA:134,3,1,5
BRDA:145,4,0,5
BRDA:145,4,1,0
BRDA:150,5,0,0
BRDA:150,5,1,5
BRDA:152,6,0,5
BRDA:152,6,1,0
BRDA:158,7,0,5
BRDA:158,7,1,2
BRDA:158,7,2,1
BRDA:158,7,3,1
BRDA:160,8,0,0
BRDA:160,8,1,1
BRDA:160,9,0,0
BRDA:160,9,1,1
BRF:22
BRH:11
end_of_record
TN:
SF:components/SwipeableRoomCard.tsx
FN:29,(anonymous_0)
FN:42,(anonymous_1)
FN:51,(anonymous_2)
FN:57,(anonymous_3)
FN:73,(anonymous_4)
FN:77,(anonymous_5)
FN:115,RightActionButton
FN:126,(anonymous_7)
FNF:8
FNH:6
FNDA:5,(anonymous_0)
FNDA:0,(anonymous_1)
FNDA:1,(anonymous_2)
FNDA:5,(anonymous_3)
FNDA:0,(anonymous_4)
FNDA:1,(anonymous_5)
FNDA:5,RightActionButton
FNDA:5,(anonymous_7)
DA:16,1
DA:17,1
DA:29,1
DA:38,5
DA:39,5
DA:40,5
DA:42,5
DA:43,0
DA:44,0
DA:45,0
DA:47,0
DA:51,5
DA:52,1
DA:53,1
DA:56,5
DA:58,5
DA:59,5
DA:61,5
DA:73,5
DA:74,0
DA:77,5
DA:78,1
DA:79,1
DA:80,1
DA:81,1
DA:85,1
DA:90,1
DA:93,5
DA:126,5
DA:127,5
DA:128,5
DA:134,5
DA:140,5
DA:146,5
DA:160,1
LF:35
LH:30
BRDA:44,0,0,0
BRDA:44,0,1,0
BRDA:58,1,0,4
BRDA:58,1,1,1
BRDA:59,2,0,4
BRDA:59,2,1,1
BRDA:78,3,0,1
BRDA:78,3,1,0
BRDA:80,4,0,1
BRDA:80,4,1,0
BRDA:81,5,0,1
BRDA:81,5,1,0
BRDA:82,6,0,1
BRDA:82,6,1,0
BRDA:83,7,0,0
BRDA:83,7,1,0
BRF:16
BRH:8
end_of_record
TN:
SF:components/TopHeader.tsx
FN:18,TopHeader
FNF:1
FNH:1
FNDA:6,TopHeader
DA:18,1
DA:28,6
DA:82,1
LF:3
LH:3
BRDA:36,0,0,2
BRDA:36,0,1,4
BRDA:40,1,0,6
BRDA:40,1,1,2
BRDA:43,2,0,1
BRDA:43,2,1,1
BRDA:49,3,0,2
BRDA:49,3,1,4
BRDA:61,4,0,2
BRDA:61,4,1,0
BRDA:65,5,0,2
BRDA:65,5,1,0
BRDA:73,6,0,6
BRDA:73,6,1,0
BRDA:73,6,2,0
BRF:15
BRH:11
end_of_record
TN:
SF:components/UserSearchModal.tsx
FN:29,(anonymous_0)
FN:39,(anonymous_1)
FN:51,(anonymous_2)
FN:59,(anonymous_3)
FN:67,(anonymous_4)
FN:68,(anonymous_5)
FN:75,(anonymous_6)
FN:84,(anonymous_7)
FN:85,(anonymous_8)
FN:119,(anonymous_9)
FN:144,(anonymous_10)
FN:150,(anonymous_11)
FN:151,(anonymous_12)
FN:172,(anonymous_13)
FNF:14
FNH:4
FNDA:5,(anonymous_0)
FNDA:0,(anonymous_1)
FNDA:0,(anonymous_2)
FNDA:5,(anonymous_3)
FNDA:4,(anonymous_4)
FNDA:4,(anonymous_5)
FNDA:0,(anonymous_6)
FNDA:0,(anonymous_7)
FNDA:0,(anonymous_8)
FNDA:0,(anonymous_9)
FNDA:0,(anonymous_10)
FNDA:0,(anonymous_11)
FNDA:0,(anonymous_12)
FNDA:0,(anonymous_13)
DA:29,1
DA:30,5
DA:31,5
DA:32,5
DA:33,5
DA:34,5
DA:35,5
DA:38,5
DA:40,0
DA:42,0
DA:43,0
DA:46,0
DA:47,0
DA:48,0
DA:51,0
DA:52,0
DA:59,5
DA:60,5
DA:61,1
DA:62,1
DA:67,5
DA:68,4
DA:69,4
DA:70,0
DA:75,5
DA:76,0
DA:77,0
DA:78,0
DA:80,0
DA:84,5
DA:85,0
DA:88,5
DA:119,0
DA:145,0
DA:150,0
DA:151,0
DA:172,1
DA:173,0
DA:175,0
DA:232,1
LF:40
LH:20
BRDA:42,0,0,0
BRDA:42,0,1,0
BRDA:46,1,0,0
BRDA:46,1,1,0
BRDA:60,2,0,1
BRDA:60,2,1,4
BRDA:69,3,0,0
BRDA:69,3,1,4
BRDA:117,4,0,5
BRDA:117,4,1,0
BRDA:118,5,0,5
BRDA:118,5,1,0
BRDA:118,5,2,0
BRDA:128,6,0,5
BRDA:128,6,1,0
BRDA:134,7,0,0
BRDA:134,7,1,0
BRDA:134,8,0,0
BRDA:134,8,1,0
BRDA:151,9,0,0
BRDA:151,9,1,0
BRDA:179,10,0,0
BRDA:179,10,1,0
BRDA:185,11,0,0
BRDA:185,11,1,0
BRDA:194,12,0,0
BRDA:194,12,1,0
BRDA:209,13,0,0
BRDA:209,13,1,0
BRDA:217,14,0,0
BRDA:217,14,1,0
BRF:31
BRH:6
end_of_record
TN:
SF:components/VisibilityPicker.tsx
FN:25,(anonymous_0)
FN:36,(anonymous_1)
FN:72,(anonymous_2)
FN:212,(anonymous_3)
FN:215,(anonymous_4)
FNF:5
FNH:5
FNDA:6,(anonymous_0)
FNDA:2,(anonymous_1)
FNDA:6,(anonymous_2)
FNDA:24,(anonymous_3)
FNDA:1,(anonymous_4)
DA:25,1
DA:32,6
DA:33,6
DA:34,6
DA:36,6
DA:37,2
DA:38,2
DA:41,6
DA:72,6
DA:195,6
DA:213,24
DA:215,1
LF:12
LH:12
BRDA:218,0,0,24
BRDA:218,0,1,6
BRDA:225,1,0,24
BRDA:225,1,1,6
BRF:4
BRH:4
end_of_record
TN:
SF:components/ui/Avatar.tsx
FN:43,(anonymous_0)
FN:52,(anonymous_1)
FNF:2
FNH:2
FNDA:8,(anonymous_0)
FNDA:8,(anonymous_1)
DA:19,1
DA:27,1
DA:35,1
DA:43,1
DA:44,8
DA:45,7
DA:46,7
DA:47,6
DA:49,1
DA:52,1
DA:60,8
DA:61,8
DA:62,8
DA:63,8
DA:64,8
DA:66,8
DA:119,1
DA:121,1
LF:18
LH:18
BRDA:44,0,0,1
BRDA:44,0,1,7
BRDA:46,1,0,6
BRDA:46,1,1,1
BRDA:55,2,0,8
BRDA:56,3,0,5
BRDA:57,4,0,6
BRDA:73,5,0,8
BRDA:73,5,1,1
BRDA:76,6,0,1
BRDA:76,6,1,7
BRDA:99,7,0,8
BRDA:99,7,1,2
BRDA:107,8,0,1
BRDA:107,8,1,1
BRDA:108,9,0,2
BRDA:108,9,1,0
BRDA:112,10,0,1
BRDA:112,10,1,1
BRF:19
BRH:18
end_of_record
TN:
SF:components/ui/BaseModal.tsx
FN:30,(anonymous_0)
FN:63,(anonymous_1)
FNF:2
FNH:1
FNDA:8,(anonymous_0)
FNDA:0,(anonymous_1)
DA:30,1
DA:43,8
DA:45,8
DA:63,0
DA:114,1
LF:5
LH:4
BRDA:37,0,0,7
BRDA:38,1,0,7
BRDA:39,2,0,8
BRDA:41,3,0,8
BRDA:67,4,0,8
BRDA:67,4,1,6
BRDA:67,4,2,2
BRDA:69,5,0,2
BRDA:69,5,1,2
BRDA:74,6,0,2
BRDA:74,6,1,1
BRDA:91,7,0,8
BRDA:91,7,1,7
BRDA:91,7,2,7
BRDA:94,8,0,7
BRDA:94,8,1,7
BRDA:94,8,2,6
BRF:17
BRH:17
end_of_record
TN:
SF:components/ui/EmptyState.tsx
FN:16,(anonymous_0)
FNF:1
FNH:1
FNDA:5,(anonymous_0)
DA:16,1
DA:24,5
DA:54,1
LF:3
LH:3
BRDA:17,0,0,5
BRDA:36,1,0,5
BRDA:36,1,1,1
BRDA:40,2,0,5
BRDA:40,2,1,2
BRDA:40,2,2,1
BRF:6
BRH:6
end_of_record
TN:
SF:components/ui/GradientButton.tsx
FN:46,(anonymous_0)
FNF:1
FNH:1
FNDA:8,(anonymous_0)
DA:32,2
DA:40,2
DA:46,2
DA:60,8
DA:61,8
DA:65,8
DA:78,8
DA:104,8
DA:126,2
LF:9
LH:9
BRDA:49,0,0,8
BRDA:50,1,0,7
BRDA:51,2,0,6
BRDA:52,3,0,6
BRDA:54,4,0,8
BRDA:61,5,0,2
BRDA:61,5,1,6
BRDA:72,6,0,8
BRDA:72,6,1,0
BRDA:73,7,0,8
BRDA:73,7,1,0
BRDA:74,8,0,8
BRDA:74,8,1,0
BRDA:74,8,2,0
BRDA:79,9,0,2
BRDA:79,9,1,6
BRDA:86,10,0,6
BRDA:86,10,1,0
BRDA:86,10,2,0
BRDA:91,11,0,6
BRDA:91,11,1,2
BRDA:92,12,0,6
BRDA:92,12,1,0
BRDA:98,13,0,6
BRDA:98,13,1,0
BRDA:98,13,2,0
BRDA:107,14,0,8
BRDA:107,14,1,6
BRDA:108,15,0,8
BRDA:108,15,1,8
BRDA:108,15,2,0
BRDA:110,16,0,8
BRDA:110,16,1,6
BRDA:112,17,0,8
BRDA:112,17,1,6
BRDA:115,18,0,0
BRDA:115,18,1,8
BRDA:147,19,0,2
BRDA:147,19,1,0
BRF:39
BRH:27
end_of_record
TN:
SF:components/ui/OTPInput.tsx
FN:20,(anonymous_0)
FN:38,(anonymous_1)
FN:40,(anonymous_2)
FN:44,(anonymous_3)
FN:67,(anonymous_4)
FN:74,(anonymous_5)
FN:79,(anonymous_6)
FN:87,(anonymous_7)
FN:90,(anonymous_8)
FN:105,(anonymous_9)
FN:113,(anonymous_10)
FN:114,(anonymous_11)
FN:115,(anonymous_12)
FNF:13
FNH:8
FNDA:6,(anonymous_0)
FNDA:6,(anonymous_1)
FNDA:1,(anonymous_2)
FNDA:3,(anonymous_3)
FNDA:0,(anonymous_4)
FNDA:0,(anonymous_5)
FNDA:34,(anonymous_6)
FNDA:34,(anonymous_7)
FNDA:0,(anonymous_8)
FNDA:68,(anonymous_9)
FNDA:3,(anonymous_10)
FNDA:0,(anonymous_11)
FNDA:0,(anonymous_12)
DA:20,1
DA:28,6
DA:29,6
DA:32,6
DA:33,6
DA:34,32
DA:38,6
DA:39,6
DA:40,6
DA:44,6
DA:46,3
DA:47,2
DA:48,2
DA:50,2
DA:51,2
DA:52,2
DA:56,1
DA:57,1
DA:58,1
DA:59,1
DA:62,1
DA:63,1
DA:67,6
DA:69,0
DA:70,0
DA:74,6
DA:76,0
DA:79,6
DA:80,34
DA:81,34
DA:82,32
DA:85,6
DA:88,34
DA:90,0
DA:105,68
DA:113,3
DA:114,0
DA:115,0
DA:129,1
LF:39
LH:33
BRDA:21,0,0,5
BRDA:24,1,0,6
BRDA:25,2,0,6
BRDA:26,3,0,6
BRDA:39,4,0,6
BRDA:39,4,1,0
BRDA:39,5,0,6
BRDA:39,5,1,6
BRDA:46,6,0,2
BRDA:46,6,1,1
BRDA:62,7,0,1
BRDA:62,7,1,0
BRDA:62,8,0,1
BRDA:62,8,1,1
BRDA:69,9,0,0
BRDA:69,9,1,0
BRDA:69,10,0,0
BRDA:69,10,1,0
BRDA:69,10,2,0
BRDA:80,11,0,0
BRDA:80,11,1,34
BRDA:81,12,0,2
BRDA:81,12,1,32
BRDA:109,13,0,0
BRDA:109,13,1,34
BRDA:117,14,0,6
BRDA:117,14,1,28
BRF:27
BRH:18
end_of_record
TN:
SF:components/ui/PhoneInput.tsx
FN:48,(anonymous_0)
FN:69,(anonymous_1)
FN:73,(anonymous_2)
FN:76,(anonymous_3)
FN:82,(anonymous_4)
FN:92,(anonymous_5)
FN:102,(anonymous_6)
FN:108,(anonymous_7)
FN:116,(anonymous_8)
FN:163,(anonymous_9)
FNF:10
FNH:3
FNDA:5,(anonymous_0)
FNDA:0,(anonymous_1)
FNDA:0,(anonymous_2)
FNDA:1,(anonymous_3)
FNDA:0,(anonymous_4)
FNDA:0,(anonymous_5)
FNDA:0,(anonymous_6)
FNDA:0,(anonymous_7)
FNDA:5,(anonymous_8)
FNDA:0,(anonymous_9)
DA:48,1
DA:57,5
DA:58,5
DA:59,5
DA:60,5
DA:63,5
DA:65,5
DA:66,5
DA:67,5
DA:69,5
DA:70,0
DA:71,0
DA:73,0
DA:76,5
DA:78,1
DA:79,1
DA:82,5
DA:83,0
DA:84,0
DA:92,5
DA:93,0
DA:94,0
DA:102,5
DA:103,0
DA:104,0
DA:108,5
DA:109,0
DA:110,0
DA:111,0
DA:116,5
DA:117,5
DA:118,4
DA:119,4
DA:120,4
DA:124,5
DA:133,5
DA:135,5
DA:163,0
DA:276,1
LF:39
LH:26
BRDA:54,0,0,5
BRDA:55,1,0,5
BRDA:103,2,0,0
BRDA:103,2,1,0
BRDA:109,3,0,0
BRDA:109,3,1,0
BRDA:117,4,0,1
BRDA:117,4,1,4
BRDA:118,5,0,0
BRDA:118,5,1,4
BRDA:119,6,0,0
BRDA:119,6,1,4
BRDA:127,7,0,1
BRDA:127,7,1,4
BRDA:127,8,0,0
BRDA:127,8,1,4
BRDA:128,9,0,1
BRDA:128,9,1,4
BRDA:247,10,0,5
BRDA:247,10,1,0
BRDA:249,11,0,0
BRDA:249,11,1,0
BRDA:261,12,0,1
BRDA:261,12,1,4
BRF:24
BRH:14
end_of_record
TN:
SF:components/ui/SettingsRow.tsx
FN:29,(anonymous_0)
FN:45,(anonymous_1)
FNF:2
FNH:2
FNDA:4,(anonymous_0)
FNDA:1,(anonymous_1)
DA:29,1
DA:41,4
DA:43,4
DA:45,4
DA:46,1
DA:47,1
DA:48,0
DA:49,1
DA:50,1
DA:55,4
DA:98,4
DA:99,2
DA:115,2
DA:127,1
LF:14
LH:13
BRDA:33,0,0,3
BRDA:37,1,0,3
BRDA:43,2,0,4
BRDA:43,2,1,0
BRDA:46,3,0,0
BRDA:46,3,1,1
BRDA:47,4,0,0
BRDA:47,4,1,1
BRDA:47,5,0,1
BRDA:47,5,1,0
BRDA:49,6,0,1
BRDA:49,6,1,0
BRDA:49,7,0,1
BRDA:49,7,1,1
BRDA:57,8,0,4
BRDA:57,8,1,0
BRDA:68,9,0,4
BRDA:68,9,1,1
BRDA:75,10,0,2
BRDA:75,10,1,2
BRDA:82,11,0,2
BRDA:82,11,1,0
BRDA:98,12,0,2
BRDA:98,12,1,2
BRDA:105,13,0,2
BRDA:105,13,1,2
BRDA:118,14,0,2
BRDA:118,14,1,2
BRF:28
BRH:21
end_of_record
TN:
SF:components/ui/index.ts
FNF:0
FNH:0
LF:0
LH:0
BRF:0
BRH:0
end_of_record
TN:
SF:hooks/useAudio.ts
FN:17,(anonymous_0)
FN:34,(anonymous_1)
FN:43,(anonymous_2)
FN:53,(anonymous_3)
FN:69,(anonymous_4)
FN:77,(anonymous_5)
FN:79,(anonymous_6)
FN:82,(anonymous_7)
FN:89,(anonymous_8)
FN:93,(anonymous_9)
FN:100,(anonymous_10)
FN:106,(anonymous_11)
FN:107,(anonymous_12)
FN:117,(anonymous_13)
FN:145,(anonymous_14)
FN:184,(anonymous_15)
FN:193,(anonymous_16)
FNF:17
FNH:12
FNDA:13,(anonymous_0)
FNDA:10,(anonymous_1)
FNDA:10,(anonymous_2)
FNDA:0,(anonymous_3)
FNDA:1,(anonymous_4)
FNDA:10,(anonymous_5)
FNDA:0,(anonymous_6)
FNDA:0,(anonymous_7)
FNDA:0,(anonymous_8)
FNDA:0,(anonymous_9)
FNDA:10,(anonymous_10)
FNDA:10,(anonymous_11)
FNDA:10,(anonymous_12)
FNDA:2,(anonymous_13)
FNDA:4,(anonymous_14)
FNDA:1,(anonymous_15)
FNDA:2,(anonymous_16)
DA:17,1
DA:27,13
DA:29,13
DA:30,13
DA:31,13
DA:34,13
DA:35,10
DA:36,10
DA:37,10
DA:43,13
DA:44,10
DA:46,10
DA:47,10
DA:50,0
DA:53,0
DA:54,0
DA:55,0
DA:61,0
DA:65,0
DA:69,13
DA:70,1
DA:71,1
DA:72,1
DA:73,1
DA:77,13
DA:78,10
DA:80,0
DA:83,0
DA:84,0
DA:86,0
DA:90,0
DA:91,0
DA:94,0
DA:98,10
DA:100,10
DA:101,10
DA:106,13
DA:107,10
DA:108,10
DA:109,1
DA:110,1
DA:111,1
DA:117,13
DA:118,2
DA:119,2
DA:122,0
DA:123,0
DA:124,0
DA:134,0
DA:136,0
DA:137,0
DA:141,0
DA:145,13
DA:146,4
DA:147,1
DA:148,1
DA:152,3
DA:153,1
DA:154,1
DA:155,1
DA:159,2
DA:160,2
DA:161,0
DA:165,0
DA:169,2
DA:170,2
DA:172,2
DA:173,1
DA:174,1
DA:178,1
DA:180,1
DA:184,13
DA:185,1
DA:186,1
DA:187,1
DA:192,13
DA:194,2
DA:199,13
LF:78
LH:56
BRDA:35,0,0,10
BRDA:35,0,1,0
BRDA:44,1,0,0
BRDA:44,1,1,10
BRDA:47,2,0,10
BRDA:47,2,1,0
BRDA:83,3,0,0
BRDA:83,3,1,0
BRDA:108,4,0,1
BRDA:108,4,1,9
BRDA:118,5,0,2
BRDA:118,5,1,0
BRDA:122,6,0,0
BRDA:122,6,1,0
BRDA:146,7,0,1
BRDA:146,7,1,3
BRDA:146,8,0,4
BRDA:146,8,1,3
BRDA:152,9,0,1
BRDA:152,9,1,2
BRDA:160,10,0,0
BRDA:160,10,1,2
BRDA:172,11,0,1
BRDA:172,11,1,1
BRDA:185,12,0,1
BRDA:185,12,1,0
BRF:26
BRH:16
end_of_record
TN:
SF:hooks/useAuth.ts
FN:9,(anonymous_0)
FN:14,(anonymous_1)
FN:15,(anonymous_2)
FN:18,(anonymous_3)
FN:24,(anonymous_4)
FN:34,(anonymous_5)
FN:39,(anonymous_6)
FN:53,(anonymous_7)
FN:103,(anonymous_8)
FN:121,(anonymous_9)
FN:132,(anonymous_10)
FN:152,(anonymous_11)
FN:167,(anonymous_12)
FN:182,(anonymous_13)
FNF:14
FNH:14
FNDA:22,(anonymous_0)
FNDA:11,(anonymous_1)
FNDA:11,(anonymous_2)
FNDA:11,(anonymous_3)
FNDA:1,(anonymous_4)
FNDA:11,(anonymous_5)
FNDA:11,(anonymous_6)
FNDA:2,(anonymous_7)
FNDA:3,(anonymous_8)
FNDA:2,(anonymous_9)
FNDA:2,(anonymous_10)
FNDA:1,(anonymous_11)
FNDA:2,(anonymous_12)
FNDA:1,(anonymous_13)
DA:9,1
DA:10,22
DA:11,22
DA:12,22
DA:14,22
DA:15,11
DA:18,22
DA:20,11
DA:23,11
DA:25,1
DA:26,0
DA:27,1
DA:28,1
DA:30,1
DA:34,11
DA:35,11
DA:39,22
DA:40,11
DA:41,11
DA:42,10
DA:43,1
DA:46,1
DA:47,1
DA:49,11
DA:53,22
DA:54,2
DA:55,2
DA:57,2
DA:64,2
DA:65,1
DA:82,1
DA:85,2
DA:86,2
DA:87,2
DA:88,0
DA:90,2
DA:91,2
DA:93,2
DA:95,2
DA:98,0
DA:99,0
DA:103,22
DA:105,3
DA:106,3
DA:108,3
DA:109,3
DA:117,0
DA:121,22
DA:122,2
DA:123,2
DA:124,2
DA:125,2
DA:128,0
DA:132,22
DA:133,2
DA:134,2
DA:135,2
DA:137,1
DA:143,1
DA:145,1
DA:147,1
DA:148,1
DA:152,22
DA:153,1
DA:155,1
DA:156,1
DA:157,1
DA:159,0
DA:160,0
DA:167,22
DA:168,2
DA:175,2
DA:176,1
DA:182,22
DA:183,1
DA:188,1
DA:189,1
DA:192,22
LF:78
LH:70
BRDA:25,0,0,0
BRDA:25,0,1,1
BRDA:25,1,0,1
BRDA:25,1,1,0
BRDA:27,2,0,1
BRDA:27,2,1,0
BRDA:42,3,0,1
BRDA:42,3,1,9
BRDA:64,4,0,1
BRDA:64,4,1,1
BRDA:64,5,0,2
BRDA:64,5,1,1
BRDA:64,5,2,1
BRDA:70,6,0,1
BRDA:70,6,1,0
BRDA:70,6,2,0
BRDA:70,6,3,0
BRDA:74,7,0,1
BRDA:74,7,1,1
BRDA:76,8,0,1
BRDA:76,8,1,0
BRDA:85,9,0,2
BRDA:85,9,1,0
BRDA:87,10,0,0
BRDA:87,10,1,2
BRDA:90,11,0,0
BRDA:90,11,1,2
BRDA:106,12,0,0
BRDA:106,12,1,3
BRDA:124,13,0,2
BRDA:124,13,1,0
BRDA:135,14,0,1
BRDA:135,14,1,1
BRDA:143,15,0,0
BRDA:143,15,1,1
BRDA:175,16,0,1
BRDA:175,16,1,1
BRDA:188,17,0,0
BRDA:188,17,1,1
BRF:39
BRH:25
end_of_record
TN:
SF:hooks/useCallMe.ts
FN:12,(anonymous_0)
FN:16,(anonymous_1)
FNF:2
FNH:2
FNDA:16,(anonymous_0)
FNDA:9,(anonymous_1)
DA:12,1
DA:13,16
DA:14,16
DA:16,16
DA:21,9
DA:22,1
DA:23,1
DA:27,8
DA:28,8
DA:29,1
DA:33,1
DA:36,7
DA:37,7
DA:39,7
DA:41,7
DA:42,1
DA:43,1
DA:44,1
DA:45,1
DA:49,6
DA:56,6
DA:57,2
DA:58,1
DA:59,1
DA:61,1
DA:65,4
DA:73,4
DA:74,4
DA:75,2
DA:80,4
DA:82,4
DA:84,1
DA:85,1
DA:89,3
DA:93,3
DA:95,2
DA:96,2
DA:97,2
DA:99,7
DA:103,16
LF:40
LH:40
BRDA:21,0,0,1
BRDA:21,0,1,8
BRDA:28,1,0,1
BRDA:28,1,1,7
BRDA:28,2,0,8
BRDA:28,2,1,1
BRDA:41,3,0,1
BRDA:41,3,1,6
BRDA:41,4,0,7
BRDA:41,4,1,6
BRDA:56,5,0,2
BRDA:56,5,1,4
BRDA:57,6,0,1
BRDA:57,6,1,1
BRDA:74,7,0,2
BRDA:74,7,1,2
BRDA:82,8,0,1
BRDA:82,8,1,3
BRDA:82,9,0,4
BRDA:82,9,1,1
BRDA:96,10,0,2
BRDA:96,10,1,0
BRF:22
BRH:21
end_of_record
TN:
SF:hooks/useContactSync.ts
FN:13,(anonymous_0)
FN:25,(anonymous_1)
FN:48,(anonymous_2)
FN:72,(anonymous_3)
FN:87,(anonymous_4)
FN:116,(anonymous_5)
FN:121,(anonymous_6)
FN:171,(anonymous_7)
FN:175,(anonymous_8)
FN:182,(anonymous_9)
FN:184,(anonymous_10)
FN:200,(anonymous_11)
FN:201,(anonymous_12)
FN:222,(anonymous_13)
FNF:14
FNH:12
FNDA:18,(anonymous_0)
FNDA:4,(anonymous_1)
FNDA:3,(anonymous_2)
FNDA:6,(anonymous_3)
FNDA:5,(anonymous_4)
FNDA:4,(anonymous_5)
FNDA:4,(anonymous_6)
FNDA:1,(anonymous_7)
FNDA:1,(anonymous_8)
FNDA:3,(anonymous_9)
FNDA:3,(anonymous_10)
FNDA:0,(anonymous_11)
FNDA:0,(anonymous_12)
FNDA:1,(anonymous_13)
DA:13,1
DA:14,18
DA:15,18
DA:16,18
DA:17,18
DA:25,18
DA:27,4
DA:30,4
DA:32,3
DA:33,1
DA:35,0
DA:36,1
DA:38,0
DA:42,1
DA:48,18
DA:49,3
DA:50,3
DA:51,3
DA:52,3
DA:54,3
DA:55,2
DA:62,3
DA:64,0
DA:65,0
DA:72,18
DA:73,6
DA:74,6
DA:75,6
DA:76,6
DA:77,6
DA:79,0
DA:80,0
DA:87,18
DA:88,5
DA:90,5
DA:92,5
DA:93,5
DA:94,1
DA:95,1
DA:96,1
DA:97,1
DA:102,4
DA:106,4
DA:107,1
DA:108,1
DA:109,1
DA:113,3
DA:114,3
DA:116,3
DA:117,4
DA:119,4
DA:121,4
DA:122,4
DA:123,4
DA:124,3
DA:125,3
DA:129,4
DA:131,3
DA:132,3
DA:133,3
DA:142,3
DA:143,1
DA:144,1
DA:145,1
DA:150,2
DA:151,2
DA:153,2
DA:154,2
DA:155,2
DA:160,2
DA:161,1
DA:162,1
DA:165,1
DA:166,1
DA:171,2
DA:174,2
DA:175,1
DA:179,2
DA:180,2
DA:182,2
DA:184,3
DA:186,3
DA:187,1
DA:188,1
DA:195,2
DA:200,2
DA:201,2
DA:203,2
DA:204,2
DA:207,2
DA:212,0
DA:213,0
DA:215,5
DA:222,18
DA:223,1
DA:224,1
DA:227,18
LF:97
LH:89
BRDA:30,0,0,3
BRDA:30,0,1,1
BRDA:33,1,0,0
BRDA:33,1,1,1
BRDA:33,2,0,1
BRDA:33,2,1,0
BRDA:36,3,0,0
BRDA:36,3,1,1
BRDA:42,4,0,0
BRDA:42,4,1,1
BRDA:54,5,0,2
BRDA:54,5,1,1
BRDA:93,6,0,1
BRDA:93,6,1,4
BRDA:95,7,0,1
BRDA:95,7,1,0
BRDA:106,8,0,1
BRDA:106,8,1,3
BRDA:106,9,0,4
BRDA:106,9,1,4
BRDA:117,10,0,0
BRDA:117,10,1,4
BRDA:117,11,0,4
BRDA:117,11,1,4
BRDA:122,12,0,4
BRDA:122,12,1,0
BRDA:123,13,0,3
BRDA:123,13,1,1
BRDA:123,14,0,4
BRDA:123,14,1,3
BRDA:129,15,0,3
BRDA:129,15,1,1
BRDA:132,16,0,3
BRDA:132,16,1,0
BRDA:134,17,0,3
BRDA:134,17,1,0
BRDA:135,18,0,3
BRDA:135,18,1,0
BRDA:142,19,0,1
BRDA:142,19,1,2
BRDA:160,20,0,1
BRDA:160,20,1,1
BRDA:165,21,0,1
BRDA:165,21,1,0
BRDA:186,22,0,1
BRDA:186,22,1,2
BRDA:209,23,0,1
BRDA:209,23,1,1
BRF:48
BRH:37
end_of_record
TN:
SF:hooks/useCustomMood.ts
FN:10,(anonymous_0)
FN:22,(anonymous_1)
FN:50,(anonymous_2)
FN:147,(anonymous_3)
FN:154,(anonymous_4)
FN:190,(anonymous_5)
FN:243,(anonymous_6)
FNF:7
FNH:7
FNDA:31,(anonymous_0)
FNDA:15,(anonymous_1)
FNDA:8,(anonymous_2)
FNDA:4,(anonymous_3)
FNDA:2,(anonymous_4)
FNDA:3,(anonymous_5)
FNDA:18,(anonymous_6)
DA:8,1
DA:10,1
DA:18,31
DA:19,31
DA:22,31
DA:23,15
DA:24,1
DA:28,14
DA:29,0
DA:32,14
DA:33,14
DA:39,14
DA:41,11
DA:42,11
DA:43,11
DA:45,3
DA:50,31
DA:55,8
DA:56,1
DA:57,1
DA:61,7
DA:62,1
DA:63,1
DA:67,6
DA:68,1
DA:69,1
DA:72,5
DA:73,1
DA:74,1
DA:78,4
DA:79,1
DA:80,1
DA:81,1
DA:86,1
DA:93,4
DA:94,0
DA:103,0
DA:104,0
DA:107,4
DA:108,4
DA:109,4
DA:120,4
DA:122,2
DA:123,1
DA:128,1
DA:130,1
DA:133,2
DA:134,2
DA:136,1
DA:137,1
DA:139,2
DA:140,2
DA:142,4
DA:147,31
DA:148,4
DA:149,1
DA:150,1
DA:154,3
DA:155,3
DA:156,1
DA:157,1
DA:161,2
DA:162,0
DA:163,0
DA:166,2
DA:167,2
DA:168,2
DA:176,2
DA:179,1
DA:180,1
DA:182,1
DA:183,1
DA:185,2
DA:190,31
DA:191,3
DA:192,1
DA:193,1
DA:197,2
DA:198,0
DA:200,0
DA:201,0
DA:203,0
DA:206,2
DA:207,2
DA:208,2
DA:214,2
DA:217,1
DA:220,1
DA:221,1
DA:229,1
DA:230,1
DA:233,1
DA:235,1
DA:236,1
DA:238,2
DA:243,31
DA:244,18
DA:245,14
DA:249,31
LF:99
LH:89
BRDA:23,0,0,1
BRDA:23,0,1,14
BRDA:28,1,0,0
BRDA:28,1,1,14
BRDA:39,2,0,3
BRDA:39,2,1,11
BRDA:53,3,0,0
BRDA:55,4,0,1
BRDA:55,4,1,7
BRDA:61,5,0,1
BRDA:61,5,1,6
BRDA:61,6,0,7
BRDA:61,6,1,6
BRDA:67,7,0,1
BRDA:67,7,1,5
BRDA:67,8,0,6
BRDA:67,8,1,5
BRDA:72,9,0,1
BRDA:72,9,1,4
BRDA:78,10,0,1
BRDA:78,10,1,3
BRDA:93,11,0,0
BRDA:93,11,1,4
BRDA:120,12,0,2
BRDA:120,12,1,2
BRDA:122,13,0,1
BRDA:122,13,1,1
BRDA:148,14,0,1
BRDA:148,14,1,3
BRDA:155,15,0,1
BRDA:155,15,1,2
BRDA:161,16,0,0
BRDA:161,16,1,2
BRDA:176,17,0,1
BRDA:176,17,1,1
BRDA:191,18,0,1
BRDA:191,18,1,2
BRDA:197,19,0,0
BRDA:197,19,1,2
BRDA:200,20,0,0
BRDA:200,20,1,0
BRDA:214,21,0,1
BRDA:214,21,1,1
BRDA:220,22,0,1
BRDA:220,22,1,0
BRDA:244,23,0,14
BRDA:244,23,1,4
BRF:47
BRH:39
end_of_record
TN:
SF:hooks/useDefaultRoom.ts
FN:10,(anonymous_0)
FN:13,(anonymous_1)
FN:19,(anonymous_2)
FN:21,(anonymous_3)
FN:25,(anonymous_4)
FN:32,(anonymous_5)
FN:38,(anonymous_6)
FN:80,(anonymous_7)
FN:94,(anonymous_8)
FN:103,(anonymous_9)
FN:127,(anonymous_10)
FNF:11
FNH:11
FNDA:13,(anonymous_0)
FNDA:41,(anonymous_1)
FNDA:10,(anonymous_2)
FNDA:1,(anonymous_3)
FNDA:8,(anonymous_4)
FNDA:10,(anonymous_5)
FNDA:4,(anonymous_6)
FNDA:2,(anonymous_7)
FNDA:1,(anonymous_8)
FNDA:2,(anonymous_9)
FNDA:2,(anonymous_10)
DA:8,1
DA:10,1
DA:11,13
DA:12,13
DA:13,41
DA:14,13
DA:16,13
DA:19,13
DA:20,10
DA:21,1
DA:25,13
DA:26,8
DA:27,4
DA:32,13
DA:33,10
DA:34,0
DA:38,13
DA:39,4
DA:40,0
DA:41,0
DA:46,4
DA:47,4
DA:48,3
DA:49,3
DA:52,1
DA:53,1
DA:55,1
DA:56,1
DA:57,0
DA:58,0
DA:59,0
DA:63,1
DA:69,1
DA:70,0
DA:71,0
DA:74,0
DA:76,1
DA:80,13
DA:81,2
DA:84,1
DA:87,1
DA:90,1
DA:95,1
DA:96,0
DA:100,1
DA:103,13
DA:104,2
DA:106,1
DA:108,1
DA:109,1
DA:112,1
DA:117,1
DA:119,1
DA:121,0
DA:122,0
DA:127,13
DA:128,2
DA:131,13
LF:58
LH:46
BRDA:20,0,0,9
BRDA:20,0,1,1
BRDA:20,1,0,10
BRDA:20,1,1,5
BRDA:21,2,0,1
BRDA:21,2,1,0
BRDA:26,3,0,4
BRDA:26,3,1,4
BRDA:33,4,0,0
BRDA:33,4,1,10
BRDA:33,5,0,10
BRDA:33,5,1,5
BRDA:33,5,2,1
BRDA:39,6,0,0
BRDA:39,6,1,4
BRDA:47,7,0,3
BRDA:47,7,1,1
BRDA:56,8,0,0
BRDA:56,8,1,1
BRDA:69,9,0,0
BRDA:69,9,1,1
BRDA:69,10,0,1
BRDA:69,10,1,1
BRDA:69,10,2,0
BRDA:81,11,0,1
BRDA:81,11,1,1
BRDA:95,12,0,0
BRDA:95,12,1,1
BRDA:104,13,0,1
BRDA:104,13,1,1
BRDA:117,14,0,0
BRDA:117,14,1,1
BRF:32
BRH:24
end_of_record
TN:
SF:hooks/useFirstTimeRoom.ts
FN:9,(anonymous_0)
FN:18,(anonymous_1)
FN:24,(anonymous_2)
FN:54,(anonymous_3)
FN:74,(anonymous_4)
FNF:5
FNH:5
FNDA:9,(anonymous_0)
FNDA:4,(anonymous_1)
FNDA:4,(anonymous_2)
FNDA:2,(anonymous_3)
FNDA:1,(anonymous_4)
DA:9,1
DA:10,9
DA:11,9
DA:12,9
DA:13,9
DA:14,9
DA:15,9
DA:16,9
DA:18,9
DA:19,4
DA:20,4
DA:24,9
DA:25,4
DA:27,4
DA:28,4
DA:31,4
DA:36,4
DA:38,3
DA:40,3
DA:42,2
DA:43,2
DA:45,1
DA:48,1
DA:50,4
DA:54,9
DA:55,2
DA:57,2
DA:59,2
DA:61,2
DA:62,2
DA:64,2
DA:65,2
DA:66,2
DA:69,0
DA:74,9
DA:75,1
DA:76,1
DA:79,9
LF:38
LH:37
BRDA:19,0,0,4
BRDA:19,0,1,0
BRDA:25,1,0,0
BRDA:25,1,1,4
BRDA:36,2,0,1
BRDA:36,2,1,3
BRDA:38,3,0,3
BRDA:38,3,1,3
BRDA:40,4,0,2
BRDA:40,4,1,1
BRDA:55,5,0,0
BRDA:55,5,1,2
BRDA:55,6,0,2
BRDA:55,6,1,2
BRDA:61,7,0,2
BRDA:61,7,1,0
BRF:16
BRH:12
end_of_record
TN:
SF:hooks/useFlare.ts
FN:10,(anonymous_0)
FN:18,(anonymous_1)
FN:23,(anonymous_2)
FN:28,(anonymous_3)
FN:34,(anonymous_4)
FN:41,(anonymous_5)
FN:45,(anonymous_6)
FN:51,(anonymous_7)
FN:87,(anonymous_8)
FN:91,(anonymous_9)
FN:125,(anonymous_10)
FN:126,(anonymous_11)
FN:131,(anonymous_12)
FN:141,(anonymous_13)
FN:157,(anonymous_14)
FN:202,(anonymous_15)
FN:210,(anonymous_16)
FN:215,(anonymous_17)
FN:297,(anonymous_18)
FNF:19
FNH:15
FNDA:30,(anonymous_0)
FNDA:15,(anonymous_1)
FNDA:13,(anonymous_2)
FNDA:2,(anonymous_3)
FNDA:18,(anonymous_4)
FNDA:0,(anonymous_5)
FNDA:1,(anonymous_6)
FNDA:16,(anonymous_7)
FNDA:2,(anonymous_8)
FNDA:2,(anonymous_9)
FNDA:13,(anonymous_10)
FNDA:0,(anonymous_11)
FNDA:0,(anonymous_12)
FNDA:0,(anonymous_13)
FNDA:7,(anonymous_14)
FNDA:3,(anonymous_15)
FNDA:1,(anonymous_16)
FNDA:2,(anonymous_17)
FNDA:3,(anonymous_18)
DA:10,1
DA:11,30
DA:12,30
DA:13,30
DA:14,30
DA:15,30
DA:16,30
DA:18,30
DA:19,15
DA:20,15
DA:21,13
DA:22,13
DA:23,13
DA:24,13
DA:25,13
DA:28,2
DA:29,2
DA:34,30
DA:35,18
DA:36,2
DA:37,2
DA:38,1
DA:39,1
DA:41,1
DA:42,0
DA:43,0
DA:45,1
DA:49,30
DA:51,30
DA:53,16
DA:54,16
DA:55,16
DA:58,16
DA:59,0
DA:60,0
DA:61,0
DA:63,0
DA:66,16
DA:68,16
DA:84,15
DA:87,14
DA:91,14
DA:92,2
DA:95,14
DA:96,14
DA:100,14
DA:108,14
DA:116,14
DA:117,14
DA:118,14
DA:125,30
DA:126,13
DA:128,13
DA:131,13
DA:132,0
DA:142,0
DA:145,0
DA:146,0
DA:147,0
DA:154,13
DA:157,30
DA:158,7
DA:159,1
DA:160,1
DA:164,6
DA:165,6
DA:166,1
DA:170,1
DA:174,5
DA:175,2
DA:176,2
DA:177,2
DA:181,3
DA:182,0
DA:183,0
DA:184,0
DA:185,0
DA:186,0
DA:190,0
DA:195,3
DA:196,0
DA:197,0
DA:198,0
DA:202,3
DA:203,3
DA:210,1
DA:216,2
DA:217,2
DA:222,2
DA:224,2
DA:225,1
DA:226,1
DA:227,1
DA:228,1
DA:232,1
DA:234,1
DA:243,1
DA:244,0
DA:245,0
DA:251,1
DA:252,1
DA:253,1
DA:260,1
DA:261,0
DA:265,1
DA:266,1
DA:270,0
DA:275,1
DA:277,1
DA:279,1
DA:281,1
DA:282,1
DA:284,0
DA:285,0
DA:286,0
DA:288,2
DA:297,30
DA:298,3
DA:300,2
DA:301,2
DA:302,2
DA:304,2
DA:306,1
DA:307,1
DA:309,1
DA:310,1
DA:312,2
DA:316,30
LF:128
LH:101
BRDA:20,0,0,13
BRDA:20,0,1,2
BRDA:35,1,0,16
BRDA:35,1,1,2
BRDA:37,2,0,1
BRDA:37,2,1,1
BRDA:55,3,0,0
BRDA:55,3,1,16
BRDA:58,4,0,0
BRDA:58,4,1,16
BRDA:59,5,0,0
BRDA:59,5,1,0
BRDA:84,6,0,1
BRDA:84,6,1,14
BRDA:91,7,0,14
BRDA:91,7,1,2
BRDA:95,8,0,14
BRDA:95,8,1,0
BRDA:116,9,0,14
BRDA:116,9,1,0
BRDA:118,10,0,11
BRDA:118,10,1,3
BRDA:126,11,0,0
BRDA:126,11,1,13
BRDA:146,12,0,0
BRDA:146,12,1,0
BRDA:146,13,0,0
BRDA:146,13,1,0
BRDA:158,14,0,1
BRDA:158,14,1,6
BRDA:165,15,0,1
BRDA:165,15,1,5
BRDA:165,16,0,6
BRDA:165,16,1,1
BRDA:174,17,0,2
BRDA:174,17,1,3
BRDA:181,18,0,0
BRDA:181,18,1,3
BRDA:184,19,0,0
BRDA:184,19,1,0
BRDA:188,20,0,0
BRDA:188,20,1,0
BRDA:195,21,0,0
BRDA:195,21,1,3
BRDA:224,22,0,1
BRDA:224,22,1,1
BRDA:224,23,0,2
BRDA:224,23,1,1
BRDA:243,24,0,0
BRDA:243,24,1,1
BRDA:252,25,0,1
BRDA:252,25,1,0
BRDA:260,26,0,0
BRDA:260,26,1,1
BRDA:265,27,0,1
BRDA:265,27,1,0
BRDA:285,28,0,0
BRDA:285,28,1,0
BRDA:298,29,0,1
BRDA:298,29,1,2
BRDA:304,30,0,1
BRDA:304,30,1,1
BRF:62
BRH:39
end_of_record
TN:
SF:hooks/useFriends.ts
FN:13,(anonymous_0)
FN:19,(anonymous_1)
FN:30,(anonymous_2)
FN:80,(anonymous_3)
FN:81,(anonymous_4)
FN:86,(anonymous_5)
FN:130,(anonymous_6)
FN:159,(anonymous_7)
FN:184,(anonymous_8)
FN:185,(anonymous_9)
FN:280,(anonymous_10)
FN:298,(anonymous_11)
FN:320,(anonymous_12)
FN:324,(anonymous_13)
FN:326,(anonymous_14)
FNF:15
FNH:9
FNDA:40,(anonymous_0)
FNDA:11,(anonymous_1)
FNDA:12,(anonymous_2)
FNDA:8,(anonymous_3)
FNDA:0,(anonymous_4)
FNDA:0,(anonymous_5)
FNDA:0,(anonymous_6)
FNDA:5,(anonymous_7)
FNDA:1,(anonymous_8)
FNDA:1,(anonymous_9)
FNDA:3,(anonymous_10)
FNDA:1,(anonymous_11)
FNDA:0,(anonymous_12)
FNDA:0,(anonymous_13)
FNDA:0,(anonymous_14)
DA:10,1
DA:11,1
DA:13,1
DA:14,40
DA:15,40
DA:16,40
DA:17,40
DA:19,40
DA:20,11
DA:21,8
DA:22,8
DA:23,8
DA:25,3
DA:26,3
DA:30,40
DA:31,12
DA:33,12
DA:34,8
DA:36,8
DA:39,12
DA:40,12
DA:63,12
DA:65,11
DA:66,11
DA:68,1
DA:69,1
DA:71,1
DA:72,1
DA:75,12
DA:80,40
DA:81,8
DA:83,8
DA:86,8
DA:87,0
DA:88,0
DA:89,0
DA:91,0
DA:94,0
DA:95,0
DA:97,0
DA:98,0
DA:121,0
DA:123,0
DA:125,0
DA:130,8
DA:131,0
DA:156,8
DA:159,40
DA:160,5
DA:161,1
DA:162,1
DA:165,4
DA:166,4
DA:167,4
DA:168,1
DA:169,1
DA:173,3
DA:178,3
DA:179,0
DA:182,3
DA:184,1
DA:185,1
DA:187,1
DA:188,0
DA:189,0
DA:193,1
DA:194,1
DA:195,1
DA:201,1
DA:202,0
DA:209,1
DA:214,1
DA:215,0
DA:216,0
DA:217,0
DA:221,1
DA:222,1
DA:226,2
DA:233,2
DA:249,2
DA:250,1
DA:252,1
DA:253,1
DA:254,1
DA:256,0
DA:259,1
DA:261,1
DA:262,1
DA:264,0
DA:267,0
DA:268,0
DA:269,0
DA:272,0
DA:273,0
DA:275,4
DA:280,40
DA:281,3
DA:283,2
DA:284,2
DA:286,2
DA:292,2
DA:293,0
DA:297,2
DA:298,1
DA:299,1
DA:305,1
DA:306,0
DA:311,2
DA:317,2
DA:320,2
DA:323,2
DA:324,2
DA:325,0
DA:326,0
DA:330,2
DA:332,0
DA:333,0
DA:334,0
DA:336,2
DA:340,40
LF:120
LH:87
BRDA:20,0,0,8
BRDA:20,0,1,3
BRDA:30,1,0,4
BRDA:31,2,0,0
BRDA:31,2,1,12
BRDA:33,3,0,8
BRDA:33,3,1,4
BRDA:63,4,0,1
BRDA:63,4,1,11
BRDA:65,5,0,11
BRDA:65,5,1,0
BRDA:71,6,0,1
BRDA:71,6,1,0
BRDA:71,7,0,1
BRDA:71,7,1,1
BRDA:75,8,0,8
BRDA:75,8,1,4
BRDA:81,9,0,0
BRDA:81,9,1,8
BRDA:88,10,0,0
BRDA:88,10,1,0
BRDA:95,11,0,0
BRDA:95,11,1,0
BRDA:121,12,0,0
BRDA:121,12,1,0
BRDA:123,13,0,0
BRDA:123,13,1,0
BRDA:160,14,0,1
BRDA:160,14,1,4
BRDA:167,15,0,1
BRDA:167,15,1,3
BRDA:178,16,0,0
BRDA:178,16,1,3
BRDA:182,17,0,1
BRDA:182,17,1,2
BRDA:182,18,0,3
BRDA:182,18,1,3
BRDA:184,19,0,1
BRDA:184,19,1,0
BRDA:185,20,0,1
BRDA:185,20,1,1
BRDA:187,21,0,0
BRDA:187,21,1,1
BRDA:187,22,0,1
BRDA:187,22,1,0
BRDA:194,23,0,1
BRDA:194,23,1,0
BRDA:201,24,0,0
BRDA:201,24,1,1
BRDA:214,25,0,0
BRDA:214,25,1,1
BRDA:216,26,0,0
BRDA:216,26,1,0
BRDA:249,27,0,1
BRDA:249,27,1,1
BRDA:252,28,0,1
BRDA:252,28,1,0
BRDA:261,29,0,1
BRDA:261,29,1,0
BRDA:267,30,0,0
BRDA:267,30,1,0
BRDA:272,31,0,0
BRDA:272,31,1,0
BRDA:281,32,0,1
BRDA:281,32,1,2
BRDA:292,33,0,0
BRDA:292,33,1,2
BRDA:297,34,0,1
BRDA:297,34,1,1
BRDA:297,35,0,2
BRDA:297,35,1,2
BRDA:305,36,0,0
BRDA:305,36,1,1
BRDA:317,37,0,0
BRDA:317,37,1,2
BRDA:320,38,0,2
BRDA:320,38,1,0
BRDA:324,39,0,0
BRDA:324,39,1,2
BRDA:324,40,0,2
BRDA:324,40,1,0
BRF:81
BRH:48
end_of_record
TN:
SF:hooks/useHeart.ts
FN:8,(anonymous_0)
FN:12,(anonymous_1)
FNF:2
FNH:2
FNDA:11,(anonymous_0)
FNDA:6,(anonymous_1)
DA:8,1
DA:9,11
DA:10,11
DA:12,11
DA:13,6
DA:14,1
DA:15,1
DA:18,5
DA:19,5
DA:20,5
DA:22,5
DA:23,1
DA:24,1
DA:25,1
DA:26,1
DA:30,4
DA:37,4
DA:38,2
DA:39,1
DA:40,1
DA:42,1
DA:46,2
DA:47,2
DA:54,1
DA:57,2
DA:61,2
DA:63,1
DA:64,1
DA:66,5
DA:70,11
LF:30
LH:30
BRDA:13,0,0,1
BRDA:13,0,1,5
BRDA:22,1,0,1
BRDA:22,1,1,4
BRDA:22,2,0,5
BRDA:22,2,1,5
BRDA:37,3,0,2
BRDA:37,3,1,2
BRDA:38,4,0,1
BRDA:38,4,1,1
BRF:10
BRH:10
end_of_record
TN:
SF:hooks/useHomeRoom.ts
FN:10,(anonymous_0)
FN:22,(anonymous_1)
FN:24,(anonymous_2)
FN:28,(anonymous_3)
FN:35,(anonymous_4)
FN:41,(anonymous_5)
FN:92,(anonymous_6)
FN:120,(anonymous_7)
FN:144,(anonymous_8)
FNF:9
FNH:9
FNDA:18,(anonymous_0)
FNDA:15,(anonymous_1)
FNDA:1,(anonymous_2)
FNDA:11,(anonymous_3)
FNDA:15,(anonymous_4)
FNDA:7,(anonymous_5)
FNDA:3,(anonymous_6)
FNDA:2,(anonymous_7)
FNDA:2,(anonymous_8)
DA:8,1
DA:10,1
DA:17,18
DA:19,18
DA:22,18
DA:23,15
DA:24,1
DA:28,18
DA:29,11
DA:30,7
DA:35,18
DA:36,15
DA:37,0
DA:41,18
DA:42,7
DA:43,0
DA:44,0
DA:47,7
DA:48,7
DA:50,7
DA:51,7
DA:52,1
DA:56,7
DA:62,7
DA:63,2
DA:66,2
DA:67,1
DA:69,1
DA:76,2
DA:77,2
DA:78,2
DA:79,2
DA:81,0
DA:86,0
DA:88,7
DA:92,18
DA:93,3
DA:95,2
DA:97,2
DA:98,2
DA:101,2
DA:106,2
DA:108,1
DA:109,1
DA:110,1
DA:113,1
DA:115,1
DA:116,1
DA:120,18
DA:121,2
DA:123,1
DA:125,1
DA:126,1
DA:129,1
DA:134,1
DA:136,1
DA:138,0
DA:139,0
DA:144,18
DA:145,2
DA:148,18
LF:61
LH:54
BRDA:23,0,0,14
BRDA:23,0,1,1
BRDA:23,1,0,15
BRDA:23,1,1,7
BRDA:24,2,0,1
BRDA:24,2,1,0
BRDA:29,3,0,7
BRDA:29,3,1,4
BRDA:36,4,0,0
BRDA:36,4,1,15
BRDA:36,5,0,15
BRDA:36,5,1,7
BRDA:36,5,2,1
BRDA:42,6,0,0
BRDA:42,6,1,7
BRDA:51,7,0,1
BRDA:51,7,1,6
BRDA:62,8,0,2
BRDA:62,8,1,5
BRDA:62,9,0,7
BRDA:62,9,1,6
BRDA:66,10,0,1
BRDA:66,10,1,1
BRDA:66,11,0,2
BRDA:66,11,1,1
BRDA:76,12,0,2
BRDA:76,12,1,0
BRDA:78,13,0,2
BRDA:78,13,1,0
BRDA:93,14,0,1
BRDA:93,14,1,2
BRDA:106,15,0,1
BRDA:106,15,1,1
BRDA:121,16,0,1
BRDA:121,16,1,1
BRDA:134,17,0,0
BRDA:134,17,1,1
BRF:37
BRH:31
end_of_record
TN:
SF:hooks/useInvite.ts
FN:8,(anonymous_0)
FN:16,(anonymous_1)
FN:25,(anonymous_2)
FN:40,(anonymous_3)
FN:57,(anonymous_4)
FN:89,(anonymous_5)
FN:125,(anonymous_6)
FN:148,(anonymous_7)
FN:149,(anonymous_8)
FN:165,(anonymous_9)
FN:175,(anonymous_10)
FN:179,(anonymous_11)
FN:183,(anonymous_12)
FNF:13
FNH:6
FNDA:24,(anonymous_0)
FNDA:15,(anonymous_1)
FNDA:10,(anonymous_2)
FNDA:4,(anonymous_3)
FNDA:0,(anonymous_4)
FNDA:3,(anonymous_5)
FNDA:3,(anonymous_6)
FNDA:0,(anonymous_7)
FNDA:0,(anonymous_8)
FNDA:0,(anonymous_9)
FNDA:0,(anonymous_10)
FNDA:0,(anonymous_11)
FNDA:0,(anonymous_12)
DA:8,1
DA:9,24
DA:10,24
DA:16,24
DA:17,15
DA:19,15
DA:25,24
DA:26,10
DA:27,10
DA:29,10
DA:40,24
DA:44,4
DA:45,4
DA:47,4
DA:49,3
DA:50,1
DA:57,0
DA:61,1
DA:64,2
DA:71,2
DA:72,1
DA:75,1
DA:77,1
DA:78,1
DA:79,1
DA:81,4
DA:89,24
DA:90,3
DA:91,3
DA:93,3
DA:95,3
DA:102,2
DA:104,1
DA:107,1
DA:110,1
DA:111,0
DA:114,1
DA:115,1
DA:116,1
DA:118,3
DA:125,24
DA:129,3
DA:130,3
DA:133,3
DA:134,3
DA:135,3
DA:137,3
DA:139,2
DA:140,1
DA:141,1
DA:143,1
DA:148,0
DA:149,0
DA:152,1
DA:155,1
DA:156,1
DA:158,3
DA:165,24
DA:169,0
DA:175,0
DA:179,0
DA:183,0
DA:193,24
LF:63
LH:55
BRDA:17,0,0,15
BRDA:17,0,1,1
BRDA:26,1,0,10
BRDA:26,1,1,0
BRDA:27,2,0,1
BRDA:27,2,1,9
BRDA:49,3,0,1
BRDA:49,3,1,2
BRDA:71,4,0,1
BRDA:71,4,1,1
BRDA:71,5,0,2
BRDA:71,5,1,1
BRDA:99,6,0,3
BRDA:99,6,1,3
BRDA:102,7,0,1
BRDA:102,7,1,1
BRDA:110,8,0,0
BRDA:110,8,1,1
BRDA:139,9,0,1
BRDA:139,9,1,1
BRDA:171,10,0,0
BRDA:171,10,1,0
BRF:22
BRH:18
end_of_record
TN:
SF:hooks/useInviteLink.ts
FN:25,(anonymous_0)
FN:32,(anonymous_1)
FN:40,(anonymous_2)
FN:96,(anonymous_3)
FN:171,(anonymous_4)
FN:258,(anonymous_5)
FN:275,(anonymous_6)
FN:297,(anonymous_7)
FN:319,(anonymous_8)
FNF:9
FNH:8
FNDA:17,(anonymous_0)
FNDA:3,(anonymous_1)
FNDA:3,(anonymous_2)
FNDA:3,(anonymous_3)
FNDA:0,(anonymous_4)
FNDA:1,(anonymous_5)
FNDA:1,(anonymous_6)
FNDA:1,(anonymous_7)
FNDA:2,(anonymous_8)
DA:25,1
DA:26,17
DA:27,17
DA:32,17
DA:33,3
DA:39,17
DA:41,3
DA:42,1
DA:43,1
DA:46,2
DA:47,2
DA:49,2
DA:50,2
DA:51,0
DA:52,0
DA:53,0
DA:56,2
DA:77,2
DA:78,1
DA:81,1
DA:83,1
DA:84,1
DA:85,1
DA:87,2
DA:96,17
DA:97,3
DA:98,3
DA:99,3
DA:121,3
DA:122,1
DA:123,1
DA:125,0
DA:128,2
DA:131,2
DA:135,2
DA:136,0
DA:137,0
DA:141,2
DA:142,1
DA:143,1
DA:147,2
DA:148,1
DA:149,1
DA:152,2
DA:160,0
DA:161,0
DA:163,3
DA:170,17
DA:172,0
DA:173,0
DA:174,0
DA:177,0
DA:178,0
DA:180,0
DA:182,0
DA:183,0
DA:184,0
DA:187,0
DA:188,0
DA:189,0
DA:193,0
DA:200,0
DA:202,0
DA:206,0
DA:211,0
DA:212,0
DA:213,0
DA:217,0
DA:221,0
DA:222,0
DA:223,0
DA:227,0
DA:233,0
DA:235,0
DA:236,0
DA:238,0
DA:241,0
DA:242,0
DA:244,0
DA:245,0
DA:246,0
DA:248,0
DA:257,17
DA:259,1
DA:260,1
DA:261,1
DA:262,1
DA:264,0
DA:265,0
DA:274,17
DA:276,1
DA:277,1
DA:278,1
DA:280,1
DA:285,1
DA:287,0
DA:288,0
DA:297,17
DA:298,1
DA:299,1
DA:305,1
DA:306,0
DA:309,1
DA:311,0
DA:312,0
DA:319,17
DA:320,2
DA:321,2
DA:323,2
DA:324,1
DA:327,1
DA:329,1
DA:330,1
DA:331,1
DA:335,17
LF:115
LH:66
BRDA:41,0,0,1
BRDA:41,0,1,2
BRDA:50,1,0,0
BRDA:50,1,1,2
BRDA:61,2,0,2
BRDA:61,2,1,2
BRDA:77,3,0,1
BRDA:77,3,1,1
BRDA:121,4,0,1
BRDA:121,4,1,2
BRDA:122,5,0,1
BRDA:122,5,1,0
BRDA:135,6,0,0
BRDA:135,6,1,2
BRDA:141,7,0,1
BRDA:141,7,1,1
BRDA:141,8,0,2
BRDA:141,8,1,1
BRDA:147,9,0,1
BRDA:147,9,1,1
BRDA:147,10,0,2
BRDA:147,10,1,1
BRDA:172,11,0,0
BRDA:172,11,1,0
BRDA:182,12,0,0
BRDA:182,12,1,0
BRDA:187,13,0,0
BRDA:187,13,1,0
BRDA:188,14,0,0
BRDA:188,14,1,0
BRDA:200,15,0,0
BRDA:200,15,1,0
BRDA:211,16,0,0
BRDA:211,16,1,0
BRDA:211,17,0,0
BRDA:211,17,1,0
BRDA:221,18,0,0
BRDA:221,18,1,0
BRDA:233,19,0,0
BRDA:233,19,1,0
BRDA:235,20,0,0
BRDA:235,20,1,0
BRDA:241,21,0,0
BRDA:241,21,1,0
BRDA:278,22,0,1
BRDA:278,22,1,0
BRDA:305,23,0,0
BRDA:305,23,1,1
BRDA:323,24,0,1
BRDA:323,24,1,1
BRF:50
BRH:23
end_of_record
TN:
SF:hooks/useMood.ts
FN:11,(anonymous_0)
FN:15,(anonymous_1)
FNF:2
FNH:2
FNDA:9,(anonymous_0)
FNDA:4,(anonymous_1)
DA:9,1
DA:11,1
DA:12,9
DA:13,9
DA:15,9
DA:16,4
DA:17,1
DA:18,1
DA:22,3
DA:23,0
DA:24,0
DA:25,0
DA:28,3
DA:29,3
DA:31,3
DA:36,3
DA:39,2
DA:40,2
DA:42,2
DA:44,1
DA:45,1
DA:46,1
DA:48,3
DA:52,9
LF:24
LH:21
BRDA:16,0,0,1
BRDA:16,0,1,3
BRDA:22,1,0,0
BRDA:22,1,1,3
BRDA:36,2,0,1
BRDA:36,2,1,2
BRDA:53,3,0,9
BRDA:53,3,1,2
BRF:8
BRH:7
end_of_record
TN:
SF:hooks/useNotifications.ts
FN:10,(anonymous_0)
FN:25,(anonymous_1)
FN:34,(anonymous_2)
FN:57,(anonymous_3)
FN:81,(anonymous_4)
FN:103,(anonymous_5)
FN:125,(anonymous_6)
FN:147,(anonymous_7)
FN:173,(anonymous_8)
FN:174,(anonymous_9)
FN:179,(anonymous_10)
FN:190,(anonymous_11)
FN:209,(anonymous_12)
FN:215,(anonymous_13)
FN:233,(anonymous_14)
FNF:15
FNH:9
FNDA:54,(anonymous_0)
FNDA:18,(anonymous_1)
FNDA:15,(anonymous_2)
FNDA:2,(anonymous_3)
FNDA:4,(anonymous_4)
FNDA:3,(anonymous_5)
FNDA:3,(anonymous_6)
FNDA:4,(anonymous_7)
FNDA:15,(anonymous_8)
FNDA:0,(anonymous_9)
FNDA:0,(anonymous_10)
FNDA:0,(anonymous_11)
FNDA:0,(anonymous_12)
FNDA:0,(anonymous_13)
FNDA:0,(anonymous_14)
DA:10,1
DA:11,54
DA:21,54
DA:22,54
DA:23,54
DA:25,54
DA:26,18
DA:27,15
DA:28,15
DA:29,15
DA:34,54
DA:35,15
DA:37,15
DA:38,15
DA:39,15
DA:46,15
DA:48,14
DA:50,1
DA:52,15
DA:57,54
DA:58,2
DA:60,2
DA:61,2
DA:62,2
DA:69,2
DA:71,1
DA:73,1
DA:74,1
DA:76,2
DA:81,54
DA:82,4
DA:84,3
DA:85,3
DA:91,3
DA:94,2
DA:95,2
DA:97,1
DA:98,1
DA:103,54
DA:104,3
DA:106,2
DA:107,2
DA:113,2
DA:116,1
DA:117,1
DA:119,1
DA:120,1
DA:125,54
DA:126,3
DA:128,2
DA:129,2
DA:135,2
DA:138,1
DA:139,1
DA:141,1
DA:142,1
DA:147,54
DA:149,4
DA:150,1
DA:154,4
DA:158,1
DA:159,1
DA:162,1
DA:163,1
DA:165,1
DA:166,1
DA:168,1
DA:173,54
DA:174,15
DA:176,15
DA:179,15
DA:180,0
DA:191,0
DA:193,0
DA:194,0
DA:197,0
DA:210,0
DA:212,0
DA:213,0
DA:214,0
DA:215,0
DA:216,0
DA:218,0
DA:221,0
DA:234,0
DA:235,0
DA:236,0
DA:239,0
DA:246,15
DA:249,54
LF:90
LH:73
BRDA:26,0,0,15
BRDA:26,0,1,3
BRDA:35,1,0,0
BRDA:35,1,1,15
BRDA:46,2,0,1
BRDA:46,2,1,14
BRDA:48,3,0,14
BRDA:48,3,1,0
BRDA:58,4,0,0
BRDA:58,4,1,2
BRDA:69,5,0,1
BRDA:69,5,1,1
BRDA:71,6,0,1
BRDA:71,6,1,0
BRDA:82,7,0,1
BRDA:82,7,1,3
BRDA:91,8,0,1
BRDA:91,8,1,2
BRDA:104,9,0,1
BRDA:104,9,1,2
BRDA:113,10,0,1
BRDA:113,10,1,1
BRDA:126,11,0,1
BRDA:126,11,1,2
BRDA:135,12,0,1
BRDA:135,12,1,1
BRDA:149,13,0,1
BRDA:149,13,1,3
BRDA:154,14,0,1
BRDA:154,14,1,1
BRDA:154,14,2,1
BRDA:154,14,3,1
BRDA:154,14,4,1
BRDA:154,14,5,1
BRDA:174,15,0,0
BRDA:174,15,1,15
BRDA:193,16,0,0
BRDA:193,16,1,0
BRDA:193,17,0,0
BRDA:193,17,1,0
BRDA:212,18,0,0
BRDA:212,18,1,0
BRDA:212,19,0,0
BRDA:212,19,1,0
BRDA:216,20,0,0
BRDA:216,20,1,0
BRDA:235,21,0,0
BRDA:235,21,1,0
BRDA:235,22,0,0
BRDA:235,22,1,0
BRF:50
BRH:31
end_of_record
TN:
SF:hooks/useNudge.ts
FN:11,(anonymous_0)
FN:15,(anonymous_1)
FN:113,(anonymous_2)
FNF:3
FNH:3
FNDA:13,(anonymous_0)
FNDA:7,(anonymous_1)
FNDA:1,(anonymous_2)
DA:9,1
DA:11,1
DA:12,13
DA:13,13
DA:15,13
DA:16,7
DA:17,1
DA:18,1
DA:22,6
DA:23,6
DA:24,1
DA:28,1
DA:32,5
DA:33,0
DA:34,0
DA:39,0
DA:42,5
DA:43,5
DA:45,5
DA:47,5
DA:48,1
DA:49,1
DA:50,1
DA:51,1
DA:55,4
DA:62,4
DA:63,2
DA:73,2
DA:74,1
DA:79,1
DA:81,1
DA:86,2
DA:87,2
DA:94,1
DA:99,2
DA:103,2
DA:105,1
DA:106,1
DA:107,1
DA:109,5
DA:113,13
DA:115,1
DA:118,13
LF:43
LH:40
BRDA:16,0,0,1
BRDA:16,0,1,6
BRDA:23,1,0,1
BRDA:23,1,1,5
BRDA:23,2,0,6
BRDA:23,2,1,1
BRDA:32,3,0,0
BRDA:32,3,1,5
BRDA:47,4,0,1
BRDA:47,4,1,4
BRDA:47,5,0,5
BRDA:47,5,1,5
BRDA:62,6,0,2
BRDA:62,6,1,2
BRDA:73,7,0,1
BRDA:73,7,1,1
BRF:16
BRH:15
end_of_record
TN:
SF:hooks/useOTPTimer.ts
FN:7,(anonymous_0)
FN:11,(anonymous_1)
FN:15,(anonymous_2)
FN:16,(anonymous_3)
FN:22,(anonymous_4)
FN:30,(anonymous_5)
FN:38,(anonymous_6)
FNF:7
FNH:7
FNDA:19,(anonymous_0)
FNDA:17,(anonymous_1)
FNDA:5,(anonymous_2)
FNDA:5,(anonymous_3)
FNDA:17,(anonymous_4)
FNDA:6,(anonymous_5)
FNDA:1,(anonymous_6)
DA:7,1
DA:8,19
DA:9,19
DA:11,19
DA:12,17
DA:14,17
DA:15,7
DA:16,5
DA:18,10
DA:19,10
DA:22,17
DA:23,17
DA:30,19
DA:31,6
DA:32,6
DA:38,19
DA:39,1
DA:40,1
DA:46,19
DA:48,19
LF:20
LH:20
BRDA:7,0,0,3
BRDA:14,1,0,7
BRDA:14,1,1,10
BRDA:14,2,0,17
BRDA:14,2,1,8
BRDA:18,3,0,10
BRDA:18,3,1,0
BRDA:23,4,0,7
BRDA:23,4,1,10
BRDA:52,5,0,19
BRDA:52,5,1,11
BRF:11
BRH:10
end_of_record
TN:
SF:hooks/useOrbitGestures.ts
FN:4,useOrbitGestures
FN:19,(anonymous_1)
FN:20,(anonymous_2)
FN:34,(anonymous_3)
FN:35,(anonymous_4)
FN:38,(anonymous_5)
FN:39,(anonymous_6)
FN:40,(anonymous_7)
FN:58,(anonymous_8)
FN:82,(anonymous_9)
FN:92,(anonymous_10)
FN:96,(anonymous_11)
FN:104,(anonymous_12)
FN:110,(anonymous_13)
FNF:14
FNH:3
FNDA:8,useOrbitGestures
FNDA:7,(anonymous_1)
FNDA:7,(anonymous_2)
FNDA:0,(anonymous_3)
FNDA:0,(anonymous_4)
FNDA:0,(anonymous_5)
FNDA:0,(anonymous_6)
FNDA:0,(anonymous_7)
FNDA:0,(anonymous_8)
FNDA:0,(anonymous_9)
FNDA:0,(anonymous_10)
FNDA:0,(anonymous_11)
FNDA:0,(anonymous_12)
FNDA:0,(anonymous_13)
DA:5,8
DA:6,8
DA:7,8
DA:8,8
DA:9,8
DA:10,8
DA:11,8
DA:12,8
DA:13,8
DA:14,8
DA:15,8
DA:16,8
DA:19,8
DA:20,7
DA:21,7
DA:22,0
DA:23,0
DA:25,7
DA:26,0
DA:27,0
DA:32,8
DA:34,0
DA:36,0
DA:38,0
DA:39,0
DA:41,0
DA:42,0
DA:43,0
DA:44,0
DA:46,0
DA:47,0
DA:48,0
DA:50,0
DA:51,0
DA:52,0
DA:53,0
DA:54,0
DA:55,0
DA:56,0
DA:59,0
DA:60,0
DA:61,0
DA:62,0
DA:63,0
DA:64,0
DA:65,0
DA:66,0
DA:68,0
DA:70,0
DA:71,0
DA:72,0
DA:74,0
DA:75,0
DA:76,0
DA:77,0
DA:79,0
DA:80,0
DA:83,0
DA:84,0
DA:85,0
DA:86,0
DA:92,0
DA:93,0
DA:95,0
DA:96,0
DA:97,0
DA:98,0
DA:99,0
DA:100,0
DA:101,0
DA:102,0
DA:103,0
DA:104,0
DA:107,0
DA:108,0
DA:109,0
DA:110,0
DA:112,0
DA:117,8
LF:79
LH:18
BRDA:21,0,0,0
BRDA:21,0,1,7
BRDA:25,1,0,0
BRDA:25,1,1,7
BRDA:36,2,0,0
BRDA:36,2,1,0
BRDA:42,3,0,0
BRDA:42,3,1,0
BRDA:46,4,0,0
BRDA:46,4,1,0
BRDA:59,5,0,0
BRDA:59,5,1,0
BRDA:65,6,0,0
BRDA:65,6,1,0
BRDA:66,7,0,0
BRDA:66,7,1,0
BRDA:68,8,0,0
BRDA:68,8,1,0
BRDA:76,9,0,0
BRDA:76,9,1,0
BRDA:84,10,0,0
BRDA:84,10,1,0
BRF:22
BRH:2
end_of_record
TN:
SF:hooks/usePreferences.ts
FN:8,(anonymous_0)
FN:14,(anonymous_1)
FN:23,(anonymous_2)
FN:68,(anonymous_3)
FN:95,(anonymous_4)
FN:100,(anonymous_5)
FN:105,(anonymous_6)
FNF:7
FNH:7
FNDA:29,(anonymous_0)
FNDA:12,(anonymous_1)
FNDA:9,(anonymous_2)
FNDA:4,(anonymous_3)
FNDA:3,(anonymous_4)
FNDA:2,(anonymous_5)
FNDA:2,(anonymous_6)
DA:8,1
DA:9,29
DA:10,29
DA:11,29
DA:14,29
DA:15,12
DA:16,8
DA:18,4
DA:19,4
DA:23,29
DA:24,9
DA:26,9
DA:27,9
DA:28,9
DA:34,9
DA:36,2
DA:37,1
DA:43,1
DA:44,1
DA:46,1
DA:49,7
DA:52,1
DA:54,1
DA:64,9
DA:68,29
DA:72,4
DA:75,4
DA:76,4
DA:78,4
DA:79,4
DA:84,4
DA:85,3
DA:87,1
DA:89,1
DA:90,1
DA:91,1
DA:95,29
DA:96,3
DA:97,2
DA:100,29
DA:101,2
DA:102,1
DA:105,29
DA:106,2
DA:107,1
DA:110,29
LF:46
LH:46
BRDA:15,0,0,8
BRDA:15,0,1,4
BRDA:24,1,0,0
BRDA:24,1,1,9
BRDA:34,2,0,2
BRDA:34,2,1,7
BRDA:36,3,0,1
BRDA:36,3,1,1
BRDA:43,4,0,0
BRDA:43,4,1,1
BRDA:72,5,0,0
BRDA:72,5,1,4
BRDA:72,6,0,4
BRDA:72,6,1,4
BRDA:84,7,0,1
BRDA:84,7,1,3
BRDA:96,8,0,1
BRDA:96,8,1,2
BRDA:101,9,0,1
BRDA:101,9,1,1
BRDA:106,10,0,1
BRDA:106,10,1,1
BRDA:113,11,0,29
BRDA:113,11,1,16
BRDA:114,12,0,29
BRDA:114,12,1,16
BRDA:115,13,0,29
BRDA:115,13,1,16
BRF:28
BRH:25
end_of_record
TN:
SF:hooks/usePresence.ts
FN:13,(anonymous_0)
FN:20,(anonymous_1)
FN:48,(anonymous_2)
FN:65,(anonymous_3)
FN:78,(anonymous_4)
FN:96,(anonymous_5)
FN:109,(anonymous_6)
FN:122,(anonymous_7)
FNF:8
FNH:8
FNDA:9,(anonymous_0)
FNDA:23,(anonymous_1)
FNDA:3,(anonymous_2)
FNDA:9,(anonymous_3)
FNDA:2,(anonymous_4)
FNDA:8,(anonymous_5)
FNDA:9,(anonymous_6)
FNDA:1,(anonymous_7)
DA:8,1
DA:10,1
DA:11,1
DA:13,1
DA:14,9
DA:15,9
DA:16,9
DA:17,9
DA:18,9
DA:20,9
DA:22,23
DA:23,23
DA:26,23
DA:29,23
DA:30,23
DA:31,23
DA:33,23
DA:35,23
DA:36,23
DA:44,2
DA:48,9
DA:49,3
DA:51,3
DA:52,3
DA:55,3
DA:56,0
DA:57,0
DA:61,3
DA:62,3
DA:65,9
DA:66,9
DA:68,8
DA:71,8
DA:72,8
DA:75,8
DA:78,8
DA:79,2
DA:81,2
DA:83,1
DA:84,1
DA:85,1
DA:87,1
DA:89,2
DA:96,8
DA:98,8
DA:100,8
DA:101,8
DA:102,8
DA:104,8
DA:109,9
DA:110,9
DA:112,8
DA:113,8
DA:114,8
DA:116,8
DA:117,2
DA:121,9
DA:123,1
LF:58
LH:56
BRDA:23,0,0,0
BRDA:23,0,1,23
BRDA:26,1,0,0
BRDA:26,1,1,23
BRDA:30,2,0,23
BRDA:30,2,1,3
BRDA:31,3,0,23
BRDA:31,3,1,3
BRDA:33,4,0,6
BRDA:33,4,1,17
BRDA:33,5,0,23
BRDA:33,5,1,20
BRDA:49,6,0,0
BRDA:49,6,1,3
BRDA:55,7,0,0
BRDA:55,7,1,3
BRDA:66,8,0,1
BRDA:66,8,1,8
BRDA:79,9,0,0
BRDA:79,9,1,2
BRDA:81,10,0,1
BRDA:81,10,1,1
BRDA:81,11,0,2
BRDA:81,11,1,1
BRDA:85,12,0,1
BRDA:85,12,1,0
BRDA:101,13,0,8
BRDA:101,13,1,0
BRDA:110,14,0,1
BRDA:110,14,1,8
BRDA:110,15,0,9
BRDA:110,15,1,8
BRDA:113,16,0,8
BRDA:113,16,1,1
BRDA:114,17,0,8
BRDA:114,17,1,1
BRDA:116,18,0,2
BRDA:116,18,1,6
BRDA:116,19,0,8
BRDA:116,19,1,7
BRF:40
BRH:33
end_of_record
TN:
SF:hooks/useProfile.ts
FN:8,(anonymous_0)
FN:9,(anonymous_1)
FN:10,(anonymous_2)
FN:15,(anonymous_3)
FN:53,(anonymous_4)
FN:79,(anonymous_5)
FN:222,(anonymous_6)
FN:268,(anonymous_7)
FNF:8
FNH:8
FNDA:20,(anonymous_0)
FNDA:63,(anonymous_1)
FNDA:63,(anonymous_2)
FNDA:5,(anonymous_3)
FNDA:2,(anonymous_4)
FNDA:3,(anonymous_5)
FNDA:3,(anonymous_6)
FNDA:2,(anonymous_7)
DA:8,1
DA:9,63
DA:10,63
DA:11,20
DA:12,20
DA:13,20
DA:15,20
DA:16,5
DA:17,1
DA:18,1
DA:22,4
DA:23,4
DA:24,1
DA:25,1
DA:27,3
DA:28,1
DA:29,1
DA:32,2
DA:33,2
DA:34,2
DA:39,2
DA:42,1
DA:43,1
DA:44,1
DA:46,1
DA:47,1
DA:49,2
DA:53,20
DA:54,2
DA:55,1
DA:56,1
DA:59,1
DA:60,1
DA:61,1
DA:66,1
DA:69,1
DA:70,1
DA:72,0
DA:73,0
DA:75,1
DA:79,20
DA:82,3
DA:83,1
DA:84,1
DA:87,2
DA:90,2
DA:91,0
DA:93,2
DA:96,2
DA:97,1
DA:101,1
DA:106,1
DA:107,0
DA:114,1
DA:122,1
DA:123,1
DA:126,0
DA:129,0
DA:130,0
DA:131,0
DA:134,0
DA:135,0
DA:136,0
DA:140,0
DA:142,0
DA:143,0
DA:145,0
DA:148,0
DA:151,0
DA:152,0
DA:153,0
DA:157,0
DA:158,0
DA:165,0
DA:166,0
DA:168,0
DA:180,0
DA:181,0
DA:182,0
DA:186,0
DA:190,0
DA:193,0
DA:198,0
DA:199,0
DA:203,0
DA:204,0
DA:205,0
DA:211,0
DA:213,0
DA:214,0
DA:215,0
DA:217,2
DA:218,2
DA:222,20
DA:223,3
DA:224,1
DA:225,1
DA:228,2
DA:229,1
DA:230,1
DA:233,1
DA:234,1
DA:235,1
DA:237,1
DA:238,1
DA:239,1
DA:242,1
DA:246,1
DA:249,1
DA:254,1
DA:257,1
DA:259,1
DA:261,0
DA:262,0
DA:264,1
DA:268,20
DA:269,2
DA:270,1
DA:271,1
DA:274,1
DA:275,1
DA:276,1
DA:281,1
DA:284,1
DA:285,1
DA:287,0
DA:288,0
DA:290,1
DA:294,20
LF:129
LH:86
BRDA:16,0,0,1
BRDA:16,0,1,4
BRDA:23,1,0,1
BRDA:23,1,1,3
BRDA:27,2,0,1
BRDA:27,2,1,2
BRDA:39,3,0,1
BRDA:39,3,1,1
BRDA:54,4,0,1
BRDA:54,4,1,1
BRDA:66,5,0,0
BRDA:66,5,1,1
BRDA:82,6,0,1
BRDA:82,6,1,2
BRDA:90,7,0,0
BRDA:90,7,1,2
BRDA:96,8,0,1
BRDA:96,8,1,1
BRDA:99,9,0,0
BRDA:99,9,1,1
BRDA:106,10,0,0
BRDA:106,10,1,1
BRDA:122,11,0,1
BRDA:122,11,1,0
BRDA:135,12,0,0
BRDA:135,12,1,0
BRDA:142,13,0,0
BRDA:142,13,1,0
BRDA:142,14,0,0
BRDA:142,14,1,0
BRDA:142,14,2,0
BRDA:148,15,0,0
BRDA:148,15,1,0
BRDA:152,16,0,0
BRDA:152,16,1,0
BRDA:180,17,0,0
BRDA:180,17,1,0
BRDA:198,18,0,0
BRDA:198,18,1,0
BRDA:204,19,0,0
BRDA:204,19,1,0
BRDA:213,20,0,0
BRDA:213,20,1,0
BRDA:223,21,0,1
BRDA:223,21,1,2
BRDA:228,22,0,1
BRDA:228,22,1,1
BRDA:246,23,0,0
BRDA:246,23,1,1
BRDA:254,24,0,0
BRDA:254,24,1,1
BRDA:269,25,0,1
BRDA:269,25,1,1
BRDA:281,26,0,0
BRDA:281,26,1,1
BRF:55
BRH:28
end_of_record
TN:
[...]
DA:33,4
DA:34,4
DA:35,4
DA:37,4
DA:41,4
DA:48,4
DA:49,4
DA:52,4
DA:54,4
DA:55,1
DA:59,4
DA:61,3
DA:62,3
DA:64,1
DA:65,1
DA:66,1
DA:67,1
DA:69,4
DA:78,17
DA:79,3
DA:81,3
DA:82,1
DA:85,2
DA:86,2
DA:88,2
DA:89,2
DA:95,2
DA:96,1
DA:98,1
DA:100,0
DA:103,1
DA:105,0
DA:106,0
DA:107,0
DA:109,2
DA:116,17
DA:117,1
DA:118,1
DA:121,17
LF:53
LH:49
BRDA:22,0,0,1
BRDA:22,0,1,4
BRDA:34,1,0,4
BRDA:34,1,1,0
BRDA:37,2,0,4
BRDA:37,2,1,0
BRDA:48,3,0,4
BRDA:48,3,1,0
BRDA:54,4,0,1
BRDA:54,4,1,3
BRDA:59,5,0,3
BRDA:59,5,1,0
BRDA:81,6,0,1
BRDA:81,6,1,2
BRDA:95,7,0,1
BRDA:95,7,1,1
BRDA:96,8,0,1
BRDA:96,8,1,0
BRF:18
BRH:13
end_of_record
TN:
SF:hooks/useUsername.ts
FN:17,(anonymous_0)
FN:25,(anonymous_1)
FN:57,(anonymous_2)
FN:89,(anonymous_3)
FN:105,(anonymous_4)
FNF:5
FNH:5
FNDA:17,(anonymous_0)
FNDA:8,(anonymous_1)
FNDA:4,(anonymous_2)
FNDA:2,(anonymous_3)
FNDA:2,(anonymous_4)
DA:8,1
DA:9,1
DA:10,1
DA:17,1
DA:18,17
DA:19,17
DA:20,17
DA:25,17
DA:26,8
DA:28,8
DA:29,1
DA:32,7
DA:33,1
DA:36,6
DA:37,1
DA:40,5
DA:41,1
DA:45,4
DA:46,4
DA:47,1
DA:50,3
DA:56,17
DA:58,4
DA:61,4
DA:62,1
DA:65,3
DA:66,3
DA:67,3
DA:69,3
DA:70,0
DA:71,0
DA:75,3
DA:77,0
DA:78,0
DA:80,3
DA:89,17
DA:92,2
DA:98,2
DA:104,17
DA:106,2
DA:107,1
DA:108,1
DA:111,1
DA:114,1
DA:115,1
DA:116,0
DA:117,0
DA:121,1
DA:122,1
DA:123,0
DA:124,0
DA:127,1
DA:128,1
DA:129,1
DA:131,1
DA:133,0
DA:134,0
DA:135,0
DA:137,0
DA:141,1
DA:142,1
DA:144,0
DA:145,0
DA:146,0
DA:148,1
DA:154,17
LF:66
LH:51
BRDA:28,0,0,1
BRDA:28,0,1,7
BRDA:32,1,0,1
BRDA:32,1,1,6
BRDA:36,2,0,1
BRDA:36,2,1,5
BRDA:40,3,0,1
BRDA:40,3,1,4
BRDA:46,4,0,1
BRDA:46,4,1,3
BRDA:61,5,0,1
BRDA:61,5,1,3
BRDA:69,6,0,0
BRDA:69,6,1,3
BRDA:106,7,0,1
BRDA:106,7,1,1
BRDA:115,8,0,0
BRDA:115,8,1,1
BRDA:122,9,0,0
BRDA:122,9,1,1
BRDA:131,10,0,0
BRDA:131,10,1,1
BRDA:133,11,0,0
BRDA:133,11,1,0
BRF:24
BRH:18
end_of_record
TN:
SF:lib/emailUtils.ts
FN:8,(anonymous_0)
FN:16,(anonymous_1)
FN:48,(anonymous_2)
FNF:3
FNH:3
FNDA:8,(anonymous_0)
FNDA:5,(anonymous_1)
FNDA:5,(anonymous_2)
DA:8,1
DA:9,8
DA:10,8
DA:16,1
DA:17,5
DA:18,5
DA:21,4
DA:22,2
DA:24,2
DA:27,4
DA:33,1
DA:48,1
DA:49,5
DA:50,5
DA:53,5
DA:54,2
DA:57,3
LF:17
LH:17
BRDA:18,0,0,1
BRDA:18,0,1,4
BRDA:21,1,0,2
BRDA:21,1,1,2
BRDA:49,2,0,5
BRDA:49,2,1,4
BRDA:50,3,0,5
BRDA:50,3,1,2
BRDA:53,4,0,2
BRDA:53,4,1,3
BRDA:53,5,0,5
BRDA:53,5,1,4
BRDA:57,6,0,3
BRDA:57,6,1,2
BRDA:57,6,2,1
BRF:15
BRH:15
end_of_record
TN:
SF:lib/livekit.ts
FN:19,(anonymous_0)
FN:42,(anonymous_1)
FN:61,(anonymous_2)
FN:77,(anonymous_3)
FN:82,(anonymous_4)
FN:87,(anonymous_5)
FN:135,(anonymous_6)
FN:201,(anonymous_7)
FN:215,(anonymous_8)
FN:235,(anonymous_9)
FN:254,(anonymous_10)
FN:255,(anonymous_11)
FN:270,(anonymous_12)
FN:272,(anonymous_13)
FN:275,(anonymous_14)
FN:299,(anonymous_15)
FN:305,(anonymous_16)
FN:311,(anonymous_17)
FN:319,(anonymous_18)
FN:325,(anonymous_19)
FN:331,(anonymous_20)
FN:337,(anonymous_21)
FN:340,(anonymous_22)
FN:347,(anonymous_23)
FN:354,(anonymous_24)
FN:361,(anonymous_25)
FN:364,(anonymous_26)
FN:369,(anonymous_27)
FNF:28
FNH:16
FNDA:1,(anonymous_0)
FNDA:1,(anonymous_1)
FNDA:23,(anonymous_2)
FNDA:6,(anonymous_3)
FNDA:0,(anonymous_4)
FNDA:10,(anonymous_5)
FNDA:4,(anonymous_6)
FNDA:2,(anonymous_7)
FNDA:2,(anonymous_8)
FNDA:1,(anonymous_9)
FNDA:1,(anonymous_10)
FNDA:0,(anonymous_11)
FNDA:0,(anonymous_12)
FNDA:0,(anonymous_13)
FNDA:0,(anonymous_14)
FNDA:0,(anonymous_15)
FNDA:0,(anonymous_16)
FNDA:0,(anonymous_17)
FNDA:0,(anonymous_18)
FNDA:0,(anonymous_19)
FNDA:0,(anonymous_20)
FNDA:4,(anonymous_21)
FNDA:0,(anonymous_22)
FNDA:6,(anonymous_23)
FNDA:1,(anonymous_24)
FNDA:1,(anonymous_25)
FNDA:1,(anonymous_26)
FNDA:1,(anonymous_27)
DA:18,1
DA:19,1
DA:20,1
DA:22,1
DA:25,1
DA:27,0
DA:30,1
DA:35,1
DA:36,1
DA:39,1
DA:42,1
DA:43,1
DA:47,1
DA:55,1
DA:56,1
DA:57,1
DA:58,1
DA:61,1
DA:62,23
DA:63,23
DA:64,23
DA:75,1
DA:77,1
DA:78,6
DA:82,1
DA:83,0
DA:87,1
DA:90,10
DA:91,10
DA:94,10
DA:97,1
DA:102,9
DA:103,9
DA:104,3
DA:105,3
DA:109,6
DA:116,6
DA:117,1
DA:118,1
DA:122,5
DA:123,5
DA:124,5
DA:126,5
DA:128,4
DA:129,4
DA:130,4
DA:135,1
DA:136,4
DA:137,4
DA:141,4
DA:152,4
DA:157,4
DA:158,2
DA:159,2
DA:163,2
DA:164,1
DA:177,1
DA:181,2
DA:183,2
DA:186,2
DA:189,2
DA:191,2
DA:193,0
DA:194,0
DA:195,0
DA:196,0
DA:201,1
DA:202,2
DA:204,2
DA:205,1
DA:210,2
DA:211,2
DA:215,1
DA:218,2
DA:219,0
DA:220,0
DA:223,2
DA:225,2
DA:227,1
DA:230,1
DA:235,1
DA:236,1
DA:239,1
DA:240,0
DA:244,1
DA:245,0
DA:246,0
DA:250,1
DA:254,1
DA:255,1
DA:256,0
DA:263,0
DA:268,1
DA:272,0
DA:275,0
DA:276,0
DA:277,0
DA:284,0
DA:285,0
DA:286,0
DA:293,0
DA:294,0
DA:299,1
DA:303,1
DA:306,0
DA:311,1
DA:312,0
DA:313,0
DA:319,1
DA:320,0
DA:321,0
DA:325,1
DA:326,0
DA:327,0
DA:331,1
DA:332,0
DA:337,1
DA:338,4
DA:340,4
DA:341,0
DA:342,0
DA:347,1
DA:348,6
DA:349,3
DA:350,3
DA:354,1
DA:355,1
DA:356,1
DA:361,1
DA:364,1
DA:365,1
DA:369,1
DA:370,1
LF:133
LH:101
BRDA:20,0,0,1
BRDA:20,0,1,0
BRDA:25,1,0,0
BRDA:25,1,1,1
BRDA:25,2,0,1
BRDA:25,2,1,1
BRDA:83,3,0,0
BRDA:83,3,1,0
BRDA:94,4,0,1
BRDA:94,4,1,9
BRDA:94,5,0,10
BRDA:94,5,1,1
BRDA:94,5,2,1
BRDA:103,6,0,3
BRDA:103,6,1,6
BRDA:116,7,0,1
BRDA:116,7,1,5
BRDA:157,8,0,2
BRDA:157,8,1,2
BRDA:163,9,0,1
BRDA:163,9,1,1
BRDA:204,10,0,1
BRDA:204,10,1,1
BRDA:218,11,0,0
BRDA:218,11,1,2
BRDA:225,12,0,1
BRDA:225,12,1,1
BRDA:236,13,0,0
BRDA:236,13,1,1
BRDA:239,14,0,0
BRDA:239,14,1,1
BRDA:245,15,0,0
BRDA:245,15,1,0
BRDA:264,16,0,0
BRDA:264,16,1,0
BRDA:284,17,0,0
BRDA:284,17,1,0
BRDA:293,18,0,0
BRDA:293,18,1,0
BRDA:312,19,0,0
BRDA:312,19,1,0
BRDA:320,20,0,0
BRDA:320,20,1,0
BRDA:326,21,0,0
BRDA:326,21,1,0
BRDA:341,22,0,0
BRDA:341,22,1,0
BRDA:348,23,0,3
BRDA:348,23,1,3
BRDA:355,24,0,1
BRDA:355,24,1,0
BRDA:370,25,0,1
BRDA:370,25,1,1
BRF:53
BRH:29
end_of_record
TN:
SF:lib/logger.ts
FN:5,(anonymous_0)
FN:8,(anonymous_1)
FN:11,(anonymous_2)
FN:14,(anonymous_3)
FNF:4
FNH:4
FNDA:1,(anonymous_0)
FNDA:1,(anonymous_1)
FNDA:1,(anonymous_2)
FNDA:1,(anonymous_3)
DA:2,4
DA:4,4
DA:6,1
DA:9,1
DA:12,1
DA:16,1
LF:6
LH:6
BRDA:2,0,0,4
BRDA:2,0,1,0
BRDA:6,1,0,1
BRDA:6,1,1,0
BRDA:9,2,0,1
BRDA:9,2,1,0
BRDA:12,3,0,1
BRDA:12,3,1,0
BRF:8
BRH:4
end_of_record
TN:
SF:lib/network.ts
FN:7,(anonymous_0)
FN:10,(anonymous_1)
FN:15,(anonymous_2)
FN:21,(anonymous_3)
FN:35,(anonymous_4)
FNF:5
FNH:5
FNDA:6,(anonymous_0)
FNDA:3,(anonymous_1)
FNDA:12,(anonymous_2)
FNDA:4,(anonymous_3)
FNDA:2,(anonymous_4)
DA:5,1
DA:7,1
DA:8,6
DA:10,5
DA:11,3
DA:15,1
DA:16,12
DA:17,12
DA:21,1
DA:25,4
DA:26,4
DA:29,4
DA:30,6
DA:31,6
DA:33,3
DA:34,3
DA:35,2
DA:36,2
DA:41,1
LF:19
LH:19
BRDA:8,0,0,1
BRDA:8,0,1,5
BRDA:11,1,0,3
BRDA:11,1,1,1
BRDA:25,2,0,4
BRDA:25,2,1,2
BRDA:26,3,0,4
BRDA:26,3,1,2
BRDA:34,4,0,2
BRDA:34,4,1,1
BRF:10
BRH:10
end_of_record
TN:
SF:lib/notifications.ts
FN:12,(anonymous_0)
FN:34,registerForPushNotificationsAsync
FN:65,savePushTokenToUser
FN:78,sendPushNotification
FN:126,setupNotificationListeners
FN:132,(anonymous_5)
FN:139,(anonymous_6)
FN:144,(anonymous_7)
FN:151,scheduleLocalNotification
FN:173,handleSilentNotification
FN:215,isSilentNotification
FNF:11
FNH:8
FNDA:0,(anonymous_0)
FNDA:3,registerForPushNotificationsAsync
FNDA:1,savePushTokenToUser
FNDA:1,sendPushNotification
FNDA:1,setupNotificationListeners
FNDA:0,(anonymous_5)
FNDA:0,(anonymous_6)
FNDA:1,(anonymous_7)
FNDA:2,scheduleLocalNotification
FNDA:8,handleSilentNotification
FNDA:2,isSilentNotification
DA:11,1
DA:13,0
DA:17,0
DA:18,0
DA:26,0
DA:37,3
DA:38,3
DA:46,3
DA:47,3
DA:48,3
DA:50,3
DA:51,2
DA:52,2
DA:55,3
DA:56,1
DA:59,2
DA:62,2
DA:66,1
DA:67,1
DA:72,1
DA:84,1
DA:92,1
DA:104,1
DA:117,1
DA:131,1
DA:133,0
DA:138,1
DA:140,0
DA:144,1
DA:145,1
DA:146,1
DA:157,2
DA:183,8
DA:185,6
DA:187,6
DA:189,1
DA:190,1
DA:192,1
DA:193,1
DA:195,1
DA:196,1
DA:198,1
DA:199,1
DA:201,1
DA:202,1
DA:205,1
DA:206,1
DA:207,1
DA:208,1
DA:216,2
LF:50
LH:44
BRDA:17,0,0,0
BRDA:17,0,1,0
BRDA:37,1,0,3
BRDA:37,1,1,0
BRDA:46,2,0,3
BRDA:46,2,1,0
BRDA:50,3,0,2
BRDA:50,3,1,1
BRDA:55,4,0,1
BRDA:55,4,1,2
BRDA:72,5,0,0
BRDA:72,5,1,1
BRDA:155,6,0,1
BRDA:164,7,0,1
BRDA:164,7,1,1
BRDA:183,8,0,2
BRDA:183,8,1,6
BRDA:187,9,0,1
BRDA:187,9,1,1
BRDA:187,9,2,1
BRDA:187,9,3,1
BRDA:187,9,4,1
BRDA:187,9,5,1
BRF:23
BRH:18
end_of_record
TN:
SF:lib/phoneUtils.ts
FN:267,(anonymous_0)
FN:274,(anonymous_1)
FN:313,(anonymous_2)
FN:341,(anonymous_3)
FN:362,(anonymous_4)
FNF:5
FNH:5
FNDA:7,(anonymous_0)
FNDA:7,(anonymous_1)
FNDA:6,(anonymous_2)
FNDA:3,(anonymous_3)
FNDA:3,(anonymous_4)
DA:4,1
DA:267,1
DA:268,7
DA:274,1
DA:279,7
DA:282,7
DA:283,1
DA:288,6
DA:289,6
DA:290,1
DA:294,6
DA:295,1
DA:299,5
DA:300,1
DA:304,4
DA:305,4
DA:307,4
DA:313,1
DA:314,6
DA:317,5
DA:318,3
DA:319,2
DA:320,1
DA:324,2
DA:325,1
DA:326,1
DA:327,1
DA:331,1
DA:332,1
DA:333,3
DA:335,1
DA:341,1
DA:342,3
DA:345,1
DA:347,1
DA:349,0
DA:351,0
DA:353,0
DA:355,1
DA:362,1
DA:363,3
DA:366,1
DA:368,1
DA:370,0
DA:372,1
LF:45
LH:41
BRDA:268,0,0,7
BRDA:268,0,1,1
BRDA:282,1,0,1
BRDA:282,1,1,6
BRDA:282,2,0,7
BRDA:282,2,1,6
BRDA:289,3,0,1
BRDA:289,3,1,5
BRDA:289,4,0,6
BRDA:289,4,1,1
BRDA:294,5,0,1
BRDA:294,5,1,5
BRDA:299,6,0,1
BRDA:299,6,1,4
BRDA:313,7,0,0
BRDA:314,8,0,1
BRDA:314,8,1,5
BRDA:317,9,0,3
BRDA:317,9,1,2
BRDA:317,10,0,5
BRDA:317,10,1,2
BRDA:318,11,0,1
BRDA:318,11,1,2
BRDA:319,12,0,1
BRDA:319,12,1,1
BRDA:324,13,0,1
BRDA:324,13,1,1
BRDA:325,14,0,0
BRDA:325,14,1,1
BRDA:326,15,0,0
BRDA:326,15,1,1
BRDA:342,16,0,1
BRDA:342,16,1,1
BRDA:342,16,2,1
BRDA:342,16,3,0
BRDA:342,16,4,0
BRDA:342,16,5,0
BRDA:342,16,6,1
BRDA:363,17,0,1
BRDA:363,17,1,1
BRDA:363,17,2,1
BRDA:363,17,3,0
BRDA:363,17,4,1
BRF:43
BRH:36
end_of_record
TN:
SF:lib/secureStorage.ts
FN:7,(anonymous_0)
FN:10,(anonymous_1)
FN:13,(anonymous_2)
FNF:3
FNH:3
FNDA:2,(anonymous_0)
FNDA:1,(anonymous_1)
FNDA:1,(anonymous_2)
DA:6,27
DA:8,2
DA:11,1
DA:14,1
LF:4
LH:4
BRF:0
BRH:0
end_of_record
TN:
SF:lib/subscriptionManager.ts
FN:22,(anonymous_0)
FN:26,(anonymous_1)
FN:34,(anonymous_2)
FN:56,(anonymous_3)
FN:76,(anonymous_4)
FN:82,(anonymous_5)
FN:93,(anonymous_6)
FN:97,(anonymous_7)
FN:105,(anonymous_8)
FN:109,(anonymous_9)
FN:114,(anonymous_10)
FN:125,(anonymous_11)
FN:142,(anonymous_12)
FN:149,(anonymous_13)
FN:151,(anonymous_14)
FN:160,(anonymous_15)
FN:161,(anonymous_16)
FNF:17
FNH:16
FNDA:1,(anonymous_0)
FNDA:1,(anonymous_1)
FNDA:0,(anonymous_2)
FNDA:13,(anonymous_3)
FNDA:2,(anonymous_4)
FNDA:3,(anonymous_5)
FNDA:5,(anonymous_6)
FNDA:2,(anonymous_7)
FNDA:2,(anonymous_8)
FNDA:1,(anonymous_9)
FNDA:9,(anonymous_10)
FNDA:14,(anonymous_11)
FNDA:4,(anonymous_12)
FNDA:9,(anonymous_13)
FNDA:8,(anonymous_14)
FNDA:13,(anonymous_15)
FNDA:9,(anonymous_16)
DA:17,1
DA:18,1
DA:19,1
DA:20,1
DA:23,1
DA:27,1
DA:28,1
DA:31,1
DA:34,1
DA:35,0
DA:36,0
DA:37,0
DA:39,0
DA:41,0
DA:43,0
DA:44,0
DA:46,0
DA:58,13
DA:59,1
DA:62,13
DA:69,13
DA:72,13
DA:73,8
DA:76,13
DA:83,3
DA:84,3
DA:85,3
DA:86,3
DA:94,5
DA:95,3
DA:97,3
DA:98,2
DA:106,2
DA:107,2
DA:109,2
DA:110,1
DA:115,9
DA:117,9
DA:118,9
DA:119,9
DA:121,0
DA:126,14
DA:128,9
DA:129,9
DA:130,9
DA:131,9
DA:133,9
DA:135,0
DA:143,4
DA:150,9
DA:151,9
DA:152,8
DA:154,9
DA:161,13
DA:162,9
DA:164,13
DA:169,1
LF:57
LH:47
BRDA:27,0,0,0
BRDA:27,0,1,1
BRDA:41,1,0,0
BRDA:41,1,1,0
BRDA:41,2,0,0
BRDA:41,2,1,0
BRDA:44,3,0,0
BRDA:44,3,1,0
BRDA:58,4,0,1
BRDA:58,4,1,12
BRDA:72,5,0,8
BRDA:72,5,1,5
BRDA:84,6,0,3
BRDA:84,6,1,0
BRDA:94,7,0,2
BRDA:94,7,1,3
BRDA:106,8,0,0
BRDA:106,8,1,2
BRDA:115,9,0,0
BRDA:115,9,1,9
BRDA:115,10,0,9
BRDA:115,10,1,9
BRDA:126,11,0,5
BRDA:126,11,1,9
BRDA:126,12,0,14
BRDA:126,12,1,5
BRDA:129,13,0,9
BRDA:129,13,1,0
BRDA:152,14,0,3
BRDA:152,14,1,5
BRF:30
BRH:19
end_of_record
TN:
SF:lib/supabase.ts
FN:18,(anonymous_0)
FN:21,(anonymous_1)
FN:24,(anonymous_2)
FN:40,(anonymous_3)
FN:46,(anonymous_4)
FNF:5
FNH:2
FNDA:0,(anonymous_0)
FNDA:0,(anonymous_1)
FNDA:0,(anonymous_2)
FNDA:1,(anonymous_3)
FNDA:1,(anonymous_4)
DA:6,1
DA:7,1
DA:10,1
DA:11,0
DA:17,1
DA:19,0
DA:22,0
DA:25,0
DA:30,1
DA:40,1
DA:41,1
DA:42,1
DA:46,1
DA:47,1
DA:48,1
LF:15
LH:11
BRDA:6,0,0,1
BRDA:6,0,1,0
BRDA:7,1,0,1
BRDA:7,1,1,0
BRDA:10,2,0,0
BRDA:10,2,1,1
BRDA:10,3,0,1
BRDA:10,3,1,1
BRDA:42,4,0,1
BRDA:42,4,1,1
BRDA:48,5,0,0
BRDA:48,5,1,1
BRF:12
BRH:8
end_of_record
TN:
SF:lib/theme.ts
FN:224,(anonymous_0)
FN:384,(anonymous_1)
FN:400,(anonymous_2)
FN:410,(anonymous_3)
FN:422,(anonymous_4)
FN:438,(anonymous_5)
FN:454,(anonymous_6)
FN:471,(anonymous_7)
FN:487,(anonymous_8)
FNF:9
FNH:8
FNDA:8,(anonymous_0)
FNDA:49,(anonymous_1)
FNDA:2,(anonymous_2)
FNDA:2,(anonymous_3)
FNDA:30,(anonymous_4)
FNDA:0,(anonymous_5)
FNDA:4,(anonymous_6)
FNDA:7,(anonymous_7)
FNDA:2,(anonymous_8)
DA:22,29
DA:72,29
DA:132,29
DA:192,29
DA:208,29
DA:224,29
DA:236,29
DA:241,29
DA:243,29
DA:305,29
DA:320,29
DA:329,29
DA:350,29
DA:376,29
DA:384,29
DA:385,49
DA:387,26
DA:389,8
DA:391,7
DA:393,7
DA:395,1
DA:400,29
DA:401,2
DA:402,2
DA:403,2
DA:405,2
DA:406,2
DA:410,29
DA:411,2
DA:412,2
DA:422,29
DA:423,30
DA:425,8
DA:427,7
DA:429,7
DA:431,7
DA:433,1
DA:438,29
DA:446,29
DA:454,29
DA:455,4
DA:456,4
DA:465,29
DA:468,29
DA:471,29
DA:473,7
DA:474,7
DA:475,7
DA:476,7
DA:478,7
DA:487,29
DA:491,2
DA:492,1
DA:500,1
LF:54
LH:54
BRDA:227,0,0,2
BRDA:227,0,1,6
BRDA:229,1,0,2
BRDA:229,1,1,6
BRDA:385,2,0,26
BRDA:385,2,1,8
BRDA:385,2,2,7
BRDA:385,2,3,7
BRDA:385,2,4,1
BRDA:406,3,0,2
BRDA:406,3,1,0
BRDA:411,4,0,2
BRDA:411,4,1,1
BRDA:423,5,0,8
BRDA:423,5,1,7
BRDA:423,5,2,7
BRDA:423,5,3,7
BRDA:423,5,4,1
BRDA:455,6,0,4
BRDA:455,6,1,0
BRDA:491,7,0,1
BRDA:491,7,1,1
BRDA:491,8,0,2
BRDA:491,8,1,1
BRF:24
BRH:22
end_of_record
TN:
SF:lib/utils.ts
FN:4,formatRelativeTime
FN:23,getNotificationTimeGroup
FN:55,isUserTrulyOnline
FNF:3
FNH:3
FNDA:5,formatRelativeTime
FNDA:3,getNotificationTimeGroup
FNDA:5,isUserTrulyOnline
DA:5,5
DA:6,5
DA:7,5
DA:8,5
DA:9,5
DA:10,5
DA:12,5
DA:13,4
DA:14,3
DA:15,2
DA:17,1
DA:24,3
DA:25,3
DA:28,3
DA:29,3
DA:30,3
DA:31,3
DA:33,3
DA:34,1
DA:35,2
DA:36,1
DA:38,1
DA:46,2
DA:57,5
DA:60,4
DA:63,2
DA:64,2
DA:65,2
DA:68,2
LF:29
LH:29
BRDA:12,0,0,1
BRDA:12,0,1,4
BRDA:13,1,0,1
BRDA:13,1,1,3
BRDA:14,2,0,1
BRDA:14,2,1,2
BRDA:15,3,0,1
BRDA:15,3,1,1
BRDA:33,4,0,1
BRDA:33,4,1,2
BRDA:35,5,0,1
BRDA:35,5,1,1
BRDA:57,6,0,1
BRDA:57,6,1,4
BRDA:60,7,0,2
BRDA:60,7,1,2
BRF:16
BRH:16
end_of_record
TN:
SF:stores/appStore.ts
FN:102,(anonymous_0)
FN:102,(anonymous_1)
FN:103,(anonymous_2)
FN:103,(anonymous_3)
FN:104,(anonymous_4)
FN:104,(anonymous_5)
FN:105,(anonymous_6)
FN:105,(anonymous_7)
FN:106,(anonymous_8)
FN:106,(anonymous_9)
FN:107,(anonymous_10)
FN:107,(anonymous_11)
FN:108,(anonymous_12)
FN:108,(anonymous_13)
FN:109,(anonymous_14)
FN:109,(anonymous_15)
FN:110,(anonymous_16)
FN:110,(anonymous_17)
FN:111,(anonymous_18)
FN:111,(anonymous_19)
FN:112,(anonymous_20)
FN:112,(anonymous_21)
FN:113,(anonymous_22)
FN:113,(anonymous_23)
FN:114,(anonymous_24)
FN:114,(anonymous_25)
FN:115,(anonymous_26)
FN:115,(anonymous_27)
FN:116,(anonymous_28)
FN:116,(anonymous_29)
FN:117,(anonymous_30)
FN:117,(anonymous_31)
FN:118,(anonymous_32)
FN:118,(anonymous_33)
FN:122,(anonymous_34)
FN:150,(anonymous_35)
FN:152,(anonymous_36)
FN:156,(anonymous_37)
FN:156,(anonymous_38)
FN:160,(anonymous_39)
FN:160,(anonymous_40)
FN:161,(anonymous_41)
FN:164,(anonymous_42)
FN:166,(anonymous_43)
FN:168,(anonymous_44)
FN:168,(anonymous_45)
FN:172,(anonymous_46)
FN:172,(anonymous_47)
FN:173,(anonymous_48)
FN:178,(anonymous_49)
FN:178,(anonymous_50)
FN:179,(anonymous_51)
FN:182,(anonymous_52)
FN:187,(anonymous_53)
FN:189,(anonymous_54)
FN:191,(anonymous_55)
FN:193,(anonymous_56)
FN:193,(anonymous_57)
FN:197,(anonymous_58)
FN:197,(anonymous_59)
FN:198,(anonymous_60)
FN:201,(anonymous_61)
FN:201,(anonymous_62)
FN:207,(anonymous_63)
FN:209,(anonymous_64)
FN:209,(anonymous_65)
FN:213,(anonymous_66)
FN:213,(anonymous_67)
FN:214,(anonymous_68)
FN:219,(anonymous_69)
FN:219,(anonymous_70)
FN:220,(anonymous_71)
FN:224,(anonymous_72)
FN:224,(anonymous_73)
FN:231,(anonymous_74)
FN:233,(anonymous_75)
FN:236,(anonymous_76)
FN:236,(anonymous_77)
FN:240,(anonymous_78)
FN:244,(anonymous_79)
FN:244,(anonymous_80)
FN:245,(anonymous_81)
FN:248,(anonymous_82)
FN:255,(anonymous_83)
FN:255,(anonymous_84)
FN:256,(anonymous_85)
FN:260,(anonymous_86)
FN:260,(anonymous_87)
FN:261,(anonymous_88)
FN:263,(anonymous_89)
FN:270,(anonymous_90)
FN:272,(anonymous_91)
FN:274,(anonymous_92)
FN:276,(anonymous_93)
FN:277,(anonymous_94)
FN:279,(anonymous_95)
FN:281,(anonymous_96)
FN:283,(anonymous_97)
FN:283,(anonymous_98)
FN:289,(anonymous_99)
FN:289,(anonymous_100)
FN:290,(anonymous_101)
FN:293,(anonymous_102)
FN:295,(anonymous_103)
FN:300,(anonymous_104)
FN:302,(anonymous_105)
FN:304,(anonymous_106)
FN:304,(anonymous_107)
FN:332,(anonymous_108)
FN:333,(anonymous_109)
FNF:110
FNH:81
FNDA:13,(anonymous_0)
FNDA:41,(anonymous_1)
FNDA:0,(anonymous_2)
FNDA:0,(anonymous_3)
FNDA:0,(anonymous_4)
FNDA:0,(anonymous_5)
FNDA:13,(anonymous_6)
FNDA:41,(anonymous_7)
FNDA:0,(anonymous_8)
FNDA:0,(anonymous_9)
FNDA:0,(anonymous_10)
FNDA:0,(anonymous_11)
FNDA:0,(anonymous_12)
FNDA:0,(anonymous_13)
FNDA:0,(anonymous_14)
FNDA:0,(anonymous_15)
FNDA:0,(anonymous_16)
FNDA:0,(anonymous_17)
FNDA:0,(anonymous_18)
FNDA:0,(anonymous_19)
FNDA:0,(anonymous_20)
FNDA:0,(anonymous_21)
FNDA:0,(anonymous_22)
FNDA:0,(anonymous_23)
FNDA:13,(anonymous_24)
FNDA:41,(anonymous_25)
FNDA:0,(anonymous_26)
FNDA:0,(anonymous_27)
FNDA:0,(anonymous_28)
FNDA:0,(anonymous_29)
FNDA:2,(anonymous_30)
FNDA:6,(anonymous_31)
FNDA:0,(anonymous_32)
FNDA:0,(anonymous_33)
FNDA:26,(anonymous_34)
FNDA:16,(anonymous_35)
FNDA:27,(anonymous_36)
FNDA:2,(anonymous_37)
FNDA:2,(anonymous_38)
FNDA:1,(anonymous_39)
FNDA:1,(anonymous_40)
FNDA:1,(anonymous_41)
FNDA:22,(anonymous_42)
FNDA:30,(anonymous_43)
FNDA:3,(anonymous_44)
FNDA:3,(anonymous_45)
FNDA:2,(anonymous_46)
FNDA:2,(anonymous_47)
FNDA:1,(anonymous_48)
FNDA:4,(anonymous_49)
FNDA:4,(anonymous_50)
FNDA:1,(anonymous_51)
FNDA:9,(anonymous_52)
FNDA:0,(anonymous_53)
FNDA:13,(anonymous_54)
FNDA:11,(anonymous_55)
FNDA:1,(anonymous_56)
FNDA:1,(anonymous_57)
FNDA:3,(anonymous_58)
FNDA:3,(anonymous_59)
FNDA:1,(anonymous_60)
FNDA:4,(anonymous_61)
FNDA:4,(anonymous_62)
FNDA:11,(anonymous_63)
FNDA:4,(anonymous_64)
FNDA:4,(anonymous_65)
FNDA:1,(anonymous_66)
FNDA:1,(anonymous_67)
FNDA:1,(anonymous_68)
FNDA:4,(anonymous_69)
FNDA:4,(anonymous_70)
FNDA:3,(anonymous_71)
FNDA:7,(anonymous_72)
FNDA:7,(anonymous_73)
FNDA:22,(anonymous_74)
FNDA:224,(anonymous_75)
FNDA:1,(anonymous_76)
FNDA:1,(anonymous_77)
FNDA:200,(anonymous_78)
FNDA:4,(anonymous_79)
FNDA:4,(anonymous_80)
FNDA:4,(anonymous_81)
FNDA:3,(anonymous_82)
FNDA:2,(anonymous_83)
FNDA:2,(anonymous_84)
FNDA:4,(anonymous_85)
FNDA:2,(anonymous_86)
FNDA:2,(anonymous_87)
FNDA:2,(anonymous_88)
FNDA:2,(anonymous_89)
FNDA:3,(anonymous_90)
FNDA:8,(anonymous_91)
FNDA:2,(anonymous_92)
FNDA:4,(anonymous_93)
FNDA:1,(anonymous_94)
FNDA:1,(anonymous_95)
FNDA:1,(anonymous_96)
FNDA:4,(anonymous_97)
FNDA:4,(anonymous_98)
FNDA:1,(anonymous_99)
FNDA:1,(anonymous_100)
FNDA:1,(anonymous_101)
FNDA:3,(anonymous_102)
FNDA:3,(anonymous_103)
FNDA:1,(anonymous_104)
FNDA:1,(anonymous_105)
FNDA:6,(anonymous_106)
FNDA:6,(anonymous_107)
FNDA:0,(anonymous_108)
FNDA:0,(anonymous_109)
DA:102,41
DA:103,26
DA:104,26
DA:105,41
DA:106,26
DA:107,26
DA:108,26
DA:109,26
DA:110,26
DA:111,26
DA:112,26
DA:113,26
DA:114,41
DA:115,26
DA:116,26
DA:117,26
DA:118,26
DA:120,26
DA:122,26
DA:150,16
DA:153,27
DA:156,2
DA:160,1
DA:161,1
DA:164,22
DA:166,30
DA:168,3
DA:172,2
DA:174,1
DA:178,4
DA:179,1
DA:182,9
DA:187,0
DA:189,13
DA:191,11
DA:193,1
DA:197,3
DA:198,1
DA:201,4
DA:207,11
DA:209,4
DA:213,1
DA:215,1
DA:219,4
DA:220,3
DA:224,7
DA:231,22
DA:233,224
DA:236,1
DA:237,1
DA:238,1
DA:240,200
DA:244,4
DA:245,4
DA:246,4
DA:247,3
DA:249,3
DA:255,2
DA:256,4
DA:260,2
DA:261,2
DA:262,2
DA:263,2
DA:270,3
DA:272,8
DA:274,2
DA:276,4
DA:277,1
DA:279,1
DA:281,1
DA:283,4
DA:289,1
DA:290,1
DA:293,3
DA:295,3
DA:300,1
DA:302,1
DA:304,6
DA:332,0
DA:333,0
LF:80
LH:77
BRDA:174,0,0,1
BRDA:174,0,1,0
BRDA:202,1,0,3
BRDA:202,1,1,1
BRDA:215,2,0,1
BRDA:215,2,1,0
BRDA:221,3,0,2
BRDA:221,3,1,1
BRDA:226,4,0,3
BRDA:226,4,1,4
BRDA:226,5,0,7
BRDA:226,5,1,4
BRDA:246,6,0,1
BRDA:246,6,1,3
BRDA:246,7,0,4
BRDA:246,7,1,4
BRDA:249,8,0,3
BRDA:249,8,1,0
BRDA:264,9,0,2
BRDA:264,9,1,0
BRDA:264,10,0,2
BRDA:264,10,1,2
BRDA:284,11,0,1
BRDA:284,11,1,3
BRF:24
BRH:20
end_of_record
